[1.011s] Invoking command in '/home/shubham/ros2_ws/src/my_py_pkg': DEBUGINFOD_URLS=https://debuginfod.ubuntu.com PYTHONPATH=/home/shubham/ros2_ws/build/my_py_pkg/prefix_override:/usr/lib/python3/dist-packages/colcon_core/task/python/colcon_distutils_commands:/home/shubham/ros2_ws/install/my_py_pkg/lib/python3.12/site-packages:${PYTHONPATH} /usr/bin/python3 -W ignore:setup.py install is deprecated -W ignore:easy_install command is deprecated setup.py egg_info --egg-base ../../build/my_py_pkg build --build-base /home/shubham/ros2_ws/build/my_py_pkg/build install --record /home/shubham/ros2_ws/build/my_py_pkg/install.log --single-version-externally-managed install_data
[1.353s] running egg_info
[1.378s] writing ../../build/my_py_pkg/my_py_pkg.egg-info/PKG-INFO
[1.379s] writing dependency_links to ../../build/my_py_pkg/my_py_pkg.egg-info/dependency_links.txt
[1.379s] writing entry points to ../../build/my_py_pkg/my_py_pkg.egg-info/entry_points.txt
[1.379s] writing requirements to ../../build/my_py_pkg/my_py_pkg.egg-info/requires.txt
[1.379s] writing top-level names to ../../build/my_py_pkg/my_py_pkg.egg-info/top_level.txt
[1.434s] reading manifest file '../../build/my_py_pkg/my_py_pkg.egg-info/SOURCES.txt'
[1.435s] writing manifest file '../../build/my_py_pkg/my_py_pkg.egg-info/SOURCES.txt'
[1.435s] running build
[1.436s] running build_py
[1.436s] copying my_py_pkg/param_node.py -> /home/shubham/ros2_ws/build/my_py_pkg/build/lib/my_py_pkg
[1.436s] running install
[1.444s] running install_lib
[1.470s] copying /home/shubham/ros2_ws/build/my_py_pkg/build/lib/my_py_pkg/param_node.py -> /home/shubham/ros2_ws/install/my_py_pkg/lib/python3.12/site-packages/my_py_pkg
[1.471s] byte-compiling /home/shubham/ros2_ws/install/my_py_pkg/lib/python3.12/site-packages/my_py_pkg/param_node.py to param_node.cpython-312.pyc
[1.472s] running install_data
[1.473s] running install_egg_info
[1.500s] removing '/home/shubham/ros2_ws/install/my_py_pkg/lib/python3.12/site-packages/my_py_pkg-0.0.0-py3.12.egg-info' (and everything under it)
[1.501s] Copying ../../build/my_py_pkg/my_py_pkg.egg-info to /home/shubham/ros2_ws/install/my_py_pkg/lib/python3.12/site-packages/my_py_pkg-0.0.0-py3.12.egg-info
[1.502s] running install_scripts
[1.676s] Installing add_two_ints_server script to /home/shubham/ros2_ws/install/my_py_pkg/lib/my_py_pkg
[1.678s] Installing my_first_node script to /home/shubham/ros2_ws/install/my_py_pkg/lib/my_py_pkg
[1.678s] Installing param_node script to /home/shubham/ros2_ws/install/my_py_pkg/lib/my_py_pkg
[1.678s] Installing publisher_node script to /home/shubham/ros2_ws/install/my_py_pkg/lib/my_py_pkg
[1.678s] Installing subscriber_node script to /home/shubham/ros2_ws/install/my_py_pkg/lib/my_py_pkg
[1.678s] writing list of installed files to '/home/shubham/ros2_ws/build/my_py_pkg/install.log'
[1.711s] Invoked command in '/home/shubham/ros2_ws/src/my_py_pkg' returned '0': DEBUGINFOD_URLS=https://debuginfod.ubuntu.com PYTHONPATH=/home/shubham/ros2_ws/build/my_py_pkg/prefix_override:/usr/lib/python3/dist-packages/colcon_core/task/python/colcon_distutils_commands:/home/shubham/ros2_ws/install/my_py_pkg/lib/python3.12/site-packages:${PYTHONPATH} /usr/bin/python3 -W ignore:setup.py install is deprecated -W ignore:easy_install command is deprecated setup.py egg_info --egg-base ../../build/my_py_pkg build --build-base /home/shubham/ros2_ws/build/my_py_pkg/build install --record /home/shubham/ros2_ws/build/my_py_pkg/install.log --single-version-externally-managed install_data
