[0.330s] Invoking command in '/home/shubham/ros2_ws/build/my_robot_interfaces': CMAKE_PREFIX_PATH=${CMAKE_PREFIX_PATH}:/home/shubham/ros2_ws/install/my_py_pkg:/opt/ros/jazzy DEBUGINFOD_URLS=https://debuginfod.ubuntu.com /usr/bin/cmake --build /home/shubham/ros2_ws/build/my_robot_interfaces -- -j4 -l4
[0.402s] [  2%] Built target my_robot_interfaces__rosidl_generator_type_description
[0.414s] [  2%] Built target ament_cmake_python_copy_my_robot_interfaces
[0.435s] [  4%] Built target my_robot_interfaces__cpp
[0.441s] [ 22%] Built target my_robot_interfaces__rosidl_generator_c
[0.481s] [ 31%] Built target my_robot_interfaces__rosidl_typesupport_c
[0.485s] [ 40%] Built target my_robot_interfaces__rosidl_typesupport_fastrtps_c
[0.497s] [ 50%] Built target my_robot_interfaces__rosidl_typesupport_introspection_c
[0.527s] [ 59%] Built target my_robot_interfaces__rosidl_typesupport_introspection_cpp
[0.551s] [ 68%] Built target my_robot_interfaces__rosidl_typesupport_fastrtps_cpp
[0.557s] [ 77%] Built target my_robot_interfaces__rosidl_typesupport_cpp
[0.600s] [ 77%] Built target my_robot_interfaces
[0.632s] [ 79%] Built target my_robot_interfaces__py
[0.664s] [ 86%] Built target my_robot_interfaces__rosidl_generator_py
[0.699s] [ 90%] Built target my_robot_interfaces_s__rosidl_typesupport_fastrtps_c
[0.713s] [ 95%] Built target my_robot_interfaces_s__rosidl_typesupport_introspection_c
[0.719s] [100%] Built target my_robot_interfaces_s__rosidl_typesupport_c
[0.748s] running egg_info
[0.776s] writing my_robot_interfaces.egg-info/PKG-INFO
[0.780s] writing dependency_links to my_robot_interfaces.egg-info/dependency_links.txt
[0.780s] writing top-level names to my_robot_interfaces.egg-info/top_level.txt
[0.864s] reading manifest file 'my_robot_interfaces.egg-info/SOURCES.txt'
[0.865s] writing manifest file 'my_robot_interfaces.egg-info/SOURCES.txt'
[0.903s] [100%] Built target ament_cmake_python_build_my_robot_interfaces_egg
[0.922s] Invoked command in '/home/shubham/ros2_ws/build/my_robot_interfaces' returned '0': CMAKE_PREFIX_PATH=${CMAKE_PREFIX_PATH}:/home/shubham/ros2_ws/install/my_py_pkg:/opt/ros/jazzy DEBUGINFOD_URLS=https://debuginfod.ubuntu.com /usr/bin/cmake --build /home/shubham/ros2_ws/build/my_robot_interfaces -- -j4 -l4
[0.934s] Invoking command in '/home/shubham/ros2_ws/build/my_robot_interfaces': CMAKE_PREFIX_PATH=${CMAKE_PREFIX_PATH}:/home/shubham/ros2_ws/install/my_py_pkg:/opt/ros/jazzy DEBUGINFOD_URLS=https://debuginfod.ubuntu.com /usr/bin/cmake --install /home/shubham/ros2_ws/build/my_robot_interfaces
[0.946s] -- Install configuration: ""
[0.946s] -- Up-to-date: /home/shubham/ros2_ws/install/my_robot_interfaces/share/ament_index/resource_index/rosidl_interfaces/my_robot_interfaces
[0.946s] -- Up-to-date: /home/shubham/ros2_ws/install/my_robot_interfaces/share/my_robot_interfaces/msg/RobotCommand.json
[0.946s] -- Up-to-date: /home/shubham/ros2_ws/install/my_robot_interfaces/share/my_robot_interfaces/srv/ComputeSpeed.json
[0.947s] -- Up-to-date: /home/shubham/ros2_ws/install/my_robot_interfaces/include/my_robot_interfaces/my_robot_interfaces
[0.948s] -- Up-to-date: /home/shubham/ros2_ws/install/my_robot_interfaces/include/my_robot_interfaces/my_robot_interfaces/srv
[0.949s] -- Up-to-date: /home/shubham/ros2_ws/install/my_robot_interfaces/include/my_robot_interfaces/my_robot_interfaces/srv/compute_speed.h
[0.949s] -- Up-to-date: /home/shubham/ros2_ws/install/my_robot_interfaces/include/my_robot_interfaces/my_robot_interfaces/srv/detail
[0.949s] -- Up-to-date: /home/shubham/ros2_ws/install/my_robot_interfaces/include/my_robot_interfaces/my_robot_interfaces/srv/detail/compute_speed__description.c
[0.949s] -- Up-to-date: /home/shubham/ros2_ws/install/my_robot_interfaces/include/my_robot_interfaces/my_robot_interfaces/srv/detail/compute_speed__functions.c
[0.949s] -- Up-to-date: /home/shubham/ros2_ws/install/my_robot_interfaces/include/my_robot_interfaces/my_robot_interfaces/srv/detail/compute_speed__struct.h
[0.949s] -- Up-to-date: /home/shubham/ros2_ws/install/my_robot_interfaces/include/my_robot_interfaces/my_robot_interfaces/srv/detail/compute_speed__type_support.h
[0.949s] -- Up-to-date: /home/shubham/ros2_ws/install/my_robot_interfaces/include/my_robot_interfaces/my_robot_interfaces/srv/detail/compute_speed__type_support.c
[0.949s] -- Up-to-date: /home/shubham/ros2_ws/install/my_robot_interfaces/include/my_robot_interfaces/my_robot_interfaces/srv/detail/compute_speed__functions.h
[0.949s] -- Up-to-date: /home/shubham/ros2_ws/install/my_robot_interfaces/include/my_robot_interfaces/my_robot_interfaces/msg
[0.949s] -- Up-to-date: /home/shubham/ros2_ws/install/my_robot_interfaces/include/my_robot_interfaces/my_robot_interfaces/msg/rosidl_generator_c__visibility_control.h
[0.950s] -- Up-to-date: /home/shubham/ros2_ws/install/my_robot_interfaces/include/my_robot_interfaces/my_robot_interfaces/msg/robot_command.h
[0.950s] -- Up-to-date: /home/shubham/ros2_ws/install/my_robot_interfaces/include/my_robot_interfaces/my_robot_interfaces/msg/detail
[0.950s] -- Up-to-date: /home/shubham/ros2_ws/install/my_robot_interfaces/include/my_robot_interfaces/my_robot_interfaces/msg/detail/robot_command__functions.h
[0.950s] -- Up-to-date: /home/shubham/ros2_ws/install/my_robot_interfaces/include/my_robot_interfaces/my_robot_interfaces/msg/detail/robot_command__struct.h
[0.950s] -- Up-to-date: /home/shubham/ros2_ws/install/my_robot_interfaces/include/my_robot_interfaces/my_robot_interfaces/msg/detail/robot_command__type_support.h
[0.950s] -- Up-to-date: /home/shubham/ros2_ws/install/my_robot_interfaces/include/my_robot_interfaces/my_robot_interfaces/msg/detail/robot_command__description.c
[0.950s] -- Up-to-date: /home/shubham/ros2_ws/install/my_robot_interfaces/include/my_robot_interfaces/my_robot_interfaces/msg/detail/robot_command__functions.c
[0.950s] -- Up-to-date: /home/shubham/ros2_ws/install/my_robot_interfaces/include/my_robot_interfaces/my_robot_interfaces/msg/detail/robot_command__type_support.c
[0.950s] -- Up-to-date: /home/shubham/ros2_ws/install/my_robot_interfaces/share/my_robot_interfaces/environment/library_path.sh
[0.950s] -- Up-to-date: /home/shubham/ros2_ws/install/my_robot_interfaces/share/my_robot_interfaces/environment/library_path.dsv
[0.950s] -- Up-to-date: /home/shubham/ros2_ws/install/my_robot_interfaces/lib/libmy_robot_interfaces__rosidl_generator_c.so
[0.951s] -- Up-to-date: /home/shubham/ros2_ws/install/my_robot_interfaces/include/my_robot_interfaces/my_robot_interfaces
[0.951s] -- Up-to-date: /home/shubham/ros2_ws/install/my_robot_interfaces/include/my_robot_interfaces/my_robot_interfaces/srv
[0.951s] -- Up-to-date: /home/shubham/ros2_ws/install/my_robot_interfaces/include/my_robot_interfaces/my_robot_interfaces/srv/detail
[0.951s] -- Up-to-date: /home/shubham/ros2_ws/install/my_robot_interfaces/include/my_robot_interfaces/my_robot_interfaces/srv/detail/compute_speed__rosidl_typesupport_fastrtps_c.h
[0.951s] -- Up-to-date: /home/shubham/ros2_ws/install/my_robot_interfaces/include/my_robot_interfaces/my_robot_interfaces/msg
[0.951s] -- Up-to-date: /home/shubham/ros2_ws/install/my_robot_interfaces/include/my_robot_interfaces/my_robot_interfaces/msg/rosidl_typesupport_fastrtps_c__visibility_control.h
[0.951s] -- Up-to-date: /home/shubham/ros2_ws/install/my_robot_interfaces/include/my_robot_interfaces/my_robot_interfaces/msg/detail
[0.951s] -- Up-to-date: /home/shubham/ros2_ws/install/my_robot_interfaces/include/my_robot_interfaces/my_robot_interfaces/msg/detail/robot_command__rosidl_typesupport_fastrtps_c.h
[0.951s] -- Up-to-date: /home/shubham/ros2_ws/install/my_robot_interfaces/lib/libmy_robot_interfaces__rosidl_typesupport_fastrtps_c.so
[0.951s] -- Up-to-date: /home/shubham/ros2_ws/install/my_robot_interfaces/include/my_robot_interfaces/my_robot_interfaces
[0.951s] -- Up-to-date: /home/shubham/ros2_ws/install/my_robot_interfaces/include/my_robot_interfaces/my_robot_interfaces/srv
[0.952s] -- Up-to-date: /home/shubham/ros2_ws/install/my_robot_interfaces/include/my_robot_interfaces/my_robot_interfaces/srv/detail
[0.952s] -- Up-to-date: /home/shubham/ros2_ws/install/my_robot_interfaces/include/my_robot_interfaces/my_robot_interfaces/srv/detail/compute_speed__rosidl_typesupport_introspection_c.h
[0.952s] -- Up-to-date: /home/shubham/ros2_ws/install/my_robot_interfaces/include/my_robot_interfaces/my_robot_interfaces/srv/detail/compute_speed__type_support.c
[0.952s] -- Up-to-date: /home/shubham/ros2_ws/install/my_robot_interfaces/include/my_robot_interfaces/my_robot_interfaces/msg
[0.952s] -- Up-to-date: /home/shubham/ros2_ws/install/my_robot_interfaces/include/my_robot_interfaces/my_robot_interfaces/msg/rosidl_typesupport_introspection_c__visibility_control.h
[0.952s] -- Up-to-date: /home/shubham/ros2_ws/install/my_robot_interfaces/include/my_robot_interfaces/my_robot_interfaces/msg/detail
[0.955s] -- Up-to-date: /home/shubham/ros2_ws/install/my_robot_interfaces/include/my_robot_interfaces/my_robot_interfaces/msg/detail/robot_command__rosidl_typesupport_introspection_c.h
[0.956s] -- Up-to-date: /home/shubham/ros2_ws/install/my_robot_interfaces/include/my_robot_interfaces/my_robot_interfaces/msg/detail/robot_command__type_support.c
[0.956s] -- Up-to-date: /home/shubham/ros2_ws/install/my_robot_interfaces/lib/libmy_robot_interfaces__rosidl_typesupport_introspection_c.so
[0.956s] -- Up-to-date: /home/shubham/ros2_ws/install/my_robot_interfaces/lib/libmy_robot_interfaces__rosidl_typesupport_c.so
[0.956s] -- Up-to-date: /home/shubham/ros2_ws/install/my_robot_interfaces/include/my_robot_interfaces/my_robot_interfaces
[0.956s] -- Up-to-date: /home/shubham/ros2_ws/install/my_robot_interfaces/include/my_robot_interfaces/my_robot_interfaces/srv
[0.956s] -- Up-to-date: /home/shubham/ros2_ws/install/my_robot_interfaces/include/my_robot_interfaces/my_robot_interfaces/srv/compute_speed.hpp
[0.956s] -- Up-to-date: /home/shubham/ros2_ws/install/my_robot_interfaces/include/my_robot_interfaces/my_robot_interfaces/srv/detail
[0.956s] -- Up-to-date: /home/shubham/ros2_ws/install/my_robot_interfaces/include/my_robot_interfaces/my_robot_interfaces/srv/detail/compute_speed__builder.hpp
[0.956s] -- Up-to-date: /home/shubham/ros2_ws/install/my_robot_interfaces/include/my_robot_interfaces/my_robot_interfaces/srv/detail/compute_speed__traits.hpp
[0.956s] -- Up-to-date: /home/shubham/ros2_ws/install/my_robot_interfaces/include/my_robot_interfaces/my_robot_interfaces/srv/detail/compute_speed__type_support.hpp
[0.957s] -- Up-to-date: /home/shubham/ros2_ws/install/my_robot_interfaces/include/my_robot_interfaces/my_robot_interfaces/srv/detail/compute_speed__struct.hpp
[0.957s] -- Up-to-date: /home/shubham/ros2_ws/install/my_robot_interfaces/include/my_robot_interfaces/my_robot_interfaces/msg
[0.957s] -- Up-to-date: /home/shubham/ros2_ws/install/my_robot_interfaces/include/my_robot_interfaces/my_robot_interfaces/msg/robot_command.hpp
[0.957s] -- Up-to-date: /home/shubham/ros2_ws/install/my_robot_interfaces/include/my_robot_interfaces/my_robot_interfaces/msg/rosidl_generator_cpp__visibility_control.hpp
[0.957s] -- Up-to-date: /home/shubham/ros2_ws/install/my_robot_interfaces/include/my_robot_interfaces/my_robot_interfaces/msg/detail
[0.957s] -- Up-to-date: /home/shubham/ros2_ws/install/my_robot_interfaces/include/my_robot_interfaces/my_robot_interfaces/msg/detail/robot_command__struct.hpp
[0.957s] -- Up-to-date: /home/shubham/ros2_ws/install/my_robot_interfaces/include/my_robot_interfaces/my_robot_interfaces/msg/detail/robot_command__type_support.hpp
[0.957s] -- Up-to-date: /home/shubham/ros2_ws/install/my_robot_interfaces/include/my_robot_interfaces/my_robot_interfaces/msg/detail/robot_command__builder.hpp
[0.957s] -- Up-to-date: /home/shubham/ros2_ws/install/my_robot_interfaces/include/my_robot_interfaces/my_robot_interfaces/msg/detail/robot_command__traits.hpp
[0.957s] -- Up-to-date: /home/shubham/ros2_ws/install/my_robot_interfaces/include/my_robot_interfaces/my_robot_interfaces
[0.957s] -- Up-to-date: /home/shubham/ros2_ws/install/my_robot_interfaces/include/my_robot_interfaces/my_robot_interfaces/srv
[0.958s] -- Up-to-date: /home/shubham/ros2_ws/install/my_robot_interfaces/include/my_robot_interfaces/my_robot_interfaces/srv/detail
[0.958s] -- Up-to-date: /home/shubham/ros2_ws/install/my_robot_interfaces/include/my_robot_interfaces/my_robot_interfaces/srv/detail/compute_speed__rosidl_typesupport_fastrtps_cpp.hpp
[0.958s] -- Up-to-date: /home/shubham/ros2_ws/install/my_robot_interfaces/include/my_robot_interfaces/my_robot_interfaces/srv/detail/dds_fastrtps
[0.958s] -- Up-to-date: /home/shubham/ros2_ws/install/my_robot_interfaces/include/my_robot_interfaces/my_robot_interfaces/msg
[0.958s] -- Up-to-date: /home/shubham/ros2_ws/install/my_robot_interfaces/include/my_robot_interfaces/my_robot_interfaces/msg/rosidl_typesupport_fastrtps_cpp__visibility_control.h
[0.958s] -- Up-to-date: /home/shubham/ros2_ws/install/my_robot_interfaces/include/my_robot_interfaces/my_robot_interfaces/msg/detail
[0.958s] -- Up-to-date: /home/shubham/ros2_ws/install/my_robot_interfaces/include/my_robot_interfaces/my_robot_interfaces/msg/detail/robot_command__rosidl_typesupport_fastrtps_cpp.hpp
[0.961s] -- Up-to-date: /home/shubham/ros2_ws/install/my_robot_interfaces/include/my_robot_interfaces/my_robot_interfaces/msg/detail/dds_fastrtps
[0.961s] -- Up-to-date: /home/shubham/ros2_ws/install/my_robot_interfaces/lib/libmy_robot_interfaces__rosidl_typesupport_fastrtps_cpp.so
[0.961s] -- Up-to-date: /home/shubham/ros2_ws/install/my_robot_interfaces/include/my_robot_interfaces/my_robot_interfaces
[0.961s] -- Up-to-date: /home/shubham/ros2_ws/install/my_robot_interfaces/include/my_robot_interfaces/my_robot_interfaces/srv
[0.962s] -- Up-to-date: /home/shubham/ros2_ws/install/my_robot_interfaces/include/my_robot_interfaces/my_robot_interfaces/srv/detail
[0.962s] -- Up-to-date: /home/shubham/ros2_ws/install/my_robot_interfaces/include/my_robot_interfaces/my_robot_interfaces/srv/detail/compute_speed__rosidl_typesupport_introspection_cpp.hpp
[0.962s] -- Up-to-date: /home/shubham/ros2_ws/install/my_robot_interfaces/include/my_robot_interfaces/my_robot_interfaces/srv/detail/compute_speed__type_support.cpp
[0.962s] -- Up-to-date: /home/shubham/ros2_ws/install/my_robot_interfaces/include/my_robot_interfaces/my_robot_interfaces/msg
[0.962s] -- Up-to-date: /home/shubham/ros2_ws/install/my_robot_interfaces/include/my_robot_interfaces/my_robot_interfaces/msg/detail
[0.962s] -- Up-to-date: /home/shubham/ros2_ws/install/my_robot_interfaces/include/my_robot_interfaces/my_robot_interfaces/msg/detail/robot_command__type_support.cpp
[0.962s] -- Up-to-date: /home/shubham/ros2_ws/install/my_robot_interfaces/include/my_robot_interfaces/my_robot_interfaces/msg/detail/robot_command__rosidl_typesupport_introspection_cpp.hpp
[0.962s] -- Up-to-date: /home/shubham/ros2_ws/install/my_robot_interfaces/lib/libmy_robot_interfaces__rosidl_typesupport_introspection_cpp.so
[0.962s] -- Up-to-date: /home/shubham/ros2_ws/install/my_robot_interfaces/lib/libmy_robot_interfaces__rosidl_typesupport_cpp.so
[0.962s] -- Up-to-date: /home/shubham/ros2_ws/install/my_robot_interfaces/share/my_robot_interfaces/environment/pythonpath.sh
[0.962s] -- Up-to-date: /home/shubham/ros2_ws/install/my_robot_interfaces/share/my_robot_interfaces/environment/pythonpath.dsv
[0.963s] -- Up-to-date: /home/shubham/ros2_ws/install/my_robot_interfaces/lib/python3.12/site-packages/my_robot_interfaces-0.0.0-py3.12.egg-info
[0.963s] -- Installing: /home/shubham/ros2_ws/install/my_robot_interfaces/lib/python3.12/site-packages/my_robot_interfaces-0.0.0-py3.12.egg-info/top_level.txt
[0.963s] -- Installing: /home/shubham/ros2_ws/install/my_robot_interfaces/lib/python3.12/site-packages/my_robot_interfaces-0.0.0-py3.12.egg-info/PKG-INFO
[0.963s] -- Installing: /home/shubham/ros2_ws/install/my_robot_interfaces/lib/python3.12/site-packages/my_robot_interfaces-0.0.0-py3.12.egg-info/SOURCES.txt
[0.963s] -- Installing: /home/shubham/ros2_ws/install/my_robot_interfaces/lib/python3.12/site-packages/my_robot_interfaces-0.0.0-py3.12.egg-info/dependency_links.txt
[0.963s] -- Up-to-date: /home/shubham/ros2_ws/install/my_robot_interfaces/lib/python3.12/site-packages/my_robot_interfaces
[0.963s] -- Up-to-date: /home/shubham/ros2_ws/install/my_robot_interfaces/lib/python3.12/site-packages/my_robot_interfaces/srv
[0.963s] -- Up-to-date: /home/shubham/ros2_ws/install/my_robot_interfaces/lib/python3.12/site-packages/my_robot_interfaces/srv/_compute_speed_s.c
[0.963s] -- Up-to-date: /home/shubham/ros2_ws/install/my_robot_interfaces/lib/python3.12/site-packages/my_robot_interfaces/srv/_compute_speed.py
[0.963s] -- Up-to-date: /home/shubham/ros2_ws/install/my_robot_interfaces/lib/python3.12/site-packages/my_robot_interfaces/srv/__init__.py
[0.963s] -- Up-to-date: /home/shubham/ros2_ws/install/my_robot_interfaces/lib/python3.12/site-packages/my_robot_interfaces/my_robot_interfaces_s__rosidl_typesupport_c.so
[0.964s] -- Up-to-date: /home/shubham/ros2_ws/install/my_robot_interfaces/lib/python3.12/site-packages/my_robot_interfaces/my_robot_interfaces_s__rosidl_typesupport_introspection_c.so
[0.964s] -- Up-to-date: /home/shubham/ros2_ws/install/my_robot_interfaces/lib/python3.12/site-packages/my_robot_interfaces/_my_robot_interfaces_s.ep.rosidl_typesupport_c.c
[0.964s] -- Up-to-date: /home/shubham/ros2_ws/install/my_robot_interfaces/lib/python3.12/site-packages/my_robot_interfaces/_my_robot_interfaces_s.ep.rosidl_typesupport_fastrtps_c.c
[0.964s] -- Up-to-date: /home/shubham/ros2_ws/install/my_robot_interfaces/lib/python3.12/site-packages/my_robot_interfaces/msg
[0.964s] -- Up-to-date: /home/shubham/ros2_ws/install/my_robot_interfaces/lib/python3.12/site-packages/my_robot_interfaces/msg/_robot_command_s.c
[0.964s] -- Up-to-date: /home/shubham/ros2_ws/install/my_robot_interfaces/lib/python3.12/site-packages/my_robot_interfaces/msg/__init__.py
[0.967s] -- Up-to-date: /home/shubham/ros2_ws/install/my_robot_interfaces/lib/python3.12/site-packages/my_robot_interfaces/msg/_robot_command.py
[0.967s] -- Up-to-date: /home/shubham/ros2_ws/install/my_robot_interfaces/lib/python3.12/site-packages/my_robot_interfaces/__init__.py
[0.967s] -- Up-to-date: /home/shubham/ros2_ws/install/my_robot_interfaces/lib/python3.12/site-packages/my_robot_interfaces/my_robot_interfaces_s__rosidl_typesupport_fastrtps_c.so
[0.967s] -- Up-to-date: /home/shubham/ros2_ws/install/my_robot_interfaces/lib/python3.12/site-packages/my_robot_interfaces/_my_robot_interfaces_s.ep.rosidl_typesupport_introspection_c.c
[1.005s] Listing '/home/shubham/ros2_ws/install/my_robot_interfaces/lib/python3.12/site-packages/my_robot_interfaces'...
[1.005s] Listing '/home/shubham/ros2_ws/install/my_robot_interfaces/lib/python3.12/site-packages/my_robot_interfaces/msg'...
[1.005s] Listing '/home/shubham/ros2_ws/install/my_robot_interfaces/lib/python3.12/site-packages/my_robot_interfaces/srv'...
[1.012s] -- Up-to-date: /home/shubham/ros2_ws/install/my_robot_interfaces/lib/python3.12/site-packages/my_robot_interfaces/my_robot_interfaces_s__rosidl_typesupport_fastrtps_c.so
[1.012s] -- Up-to-date: /home/shubham/ros2_ws/install/my_robot_interfaces/lib/python3.12/site-packages/my_robot_interfaces/my_robot_interfaces_s__rosidl_typesupport_introspection_c.so
[1.013s] -- Up-to-date: /home/shubham/ros2_ws/install/my_robot_interfaces/lib/python3.12/site-packages/my_robot_interfaces/my_robot_interfaces_s__rosidl_typesupport_c.so
[1.013s] -- Up-to-date: /home/shubham/ros2_ws/install/my_robot_interfaces/lib/libmy_robot_interfaces__rosidl_generator_py.so
[1.014s] -- Up-to-date: /home/shubham/ros2_ws/install/my_robot_interfaces/share/my_robot_interfaces/msg/RobotCommand.idl
[1.014s] -- Up-to-date: /home/shubham/ros2_ws/install/my_robot_interfaces/share/my_robot_interfaces/srv/ComputeSpeed.idl
[1.014s] -- Up-to-date: /home/shubham/ros2_ws/install/my_robot_interfaces/share/my_robot_interfaces/msg/RobotCommand.msg
[1.014s] -- Up-to-date: /home/shubham/ros2_ws/install/my_robot_interfaces/share/my_robot_interfaces/srv/ComputeSpeed.srv
[1.014s] -- Up-to-date: /home/shubham/ros2_ws/install/my_robot_interfaces/share/ament_index/resource_index/package_run_dependencies/my_robot_interfaces
[1.015s] -- Up-to-date: /home/shubham/ros2_ws/install/my_robot_interfaces/share/ament_index/resource_index/parent_prefix_path/my_robot_interfaces
[1.015s] -- Up-to-date: /home/shubham/ros2_ws/install/my_robot_interfaces/share/my_robot_interfaces/environment/ament_prefix_path.sh
[1.015s] -- Up-to-date: /home/shubham/ros2_ws/install/my_robot_interfaces/share/my_robot_interfaces/environment/ament_prefix_path.dsv
[1.015s] -- Up-to-date: /home/shubham/ros2_ws/install/my_robot_interfaces/share/my_robot_interfaces/environment/path.sh
[1.015s] -- Up-to-date: /home/shubham/ros2_ws/install/my_robot_interfaces/share/my_robot_interfaces/environment/path.dsv
[1.015s] -- Up-to-date: /home/shubham/ros2_ws/install/my_robot_interfaces/share/my_robot_interfaces/local_setup.bash
[1.016s] -- Up-to-date: /home/shubham/ros2_ws/install/my_robot_interfaces/share/my_robot_interfaces/local_setup.sh
[1.016s] -- Up-to-date: /home/shubham/ros2_ws/install/my_robot_interfaces/share/my_robot_interfaces/local_setup.zsh
[1.016s] -- Up-to-date: /home/shubham/ros2_ws/install/my_robot_interfaces/share/my_robot_interfaces/local_setup.dsv
[1.016s] -- Installing: /home/shubham/ros2_ws/install/my_robot_interfaces/share/my_robot_interfaces/package.dsv
[1.016s] -- Up-to-date: /home/shubham/ros2_ws/install/my_robot_interfaces/share/ament_index/resource_index/packages/my_robot_interfaces
[1.016s] -- Up-to-date: /home/shubham/ros2_ws/install/my_robot_interfaces/share/my_robot_interfaces/cmake/export_my_robot_interfaces__rosidl_generator_cExport.cmake
[1.017s] -- Up-to-date: /home/shubham/ros2_ws/install/my_robot_interfaces/share/my_robot_interfaces/cmake/export_my_robot_interfaces__rosidl_generator_cExport-noconfig.cmake
[1.017s] -- Up-to-date: /home/shubham/ros2_ws/install/my_robot_interfaces/share/my_robot_interfaces/cmake/export_my_robot_interfaces__rosidl_typesupport_fastrtps_cExport.cmake
[1.017s] -- Up-to-date: /home/shubham/ros2_ws/install/my_robot_interfaces/share/my_robot_interfaces/cmake/export_my_robot_interfaces__rosidl_typesupport_fastrtps_cExport-noconfig.cmake
[1.017s] -- Up-to-date: /home/shubham/ros2_ws/install/my_robot_interfaces/share/my_robot_interfaces/cmake/my_robot_interfaces__rosidl_typesupport_introspection_cExport.cmake
[1.017s] -- Up-to-date: /home/shubham/ros2_ws/install/my_robot_interfaces/share/my_robot_interfaces/cmake/my_robot_interfaces__rosidl_typesupport_introspection_cExport-noconfig.cmake
[1.017s] -- Up-to-date: /home/shubham/ros2_ws/install/my_robot_interfaces/share/my_robot_interfaces/cmake/my_robot_interfaces__rosidl_typesupport_cExport.cmake
[1.017s] -- Up-to-date: /home/shubham/ros2_ws/install/my_robot_interfaces/share/my_robot_interfaces/cmake/my_robot_interfaces__rosidl_typesupport_cExport-noconfig.cmake
[1.018s] -- Up-to-date: /home/shubham/ros2_ws/install/my_robot_interfaces/share/my_robot_interfaces/cmake/export_my_robot_interfaces__rosidl_generator_cppExport.cmake
[1.018s] -- Up-to-date: /home/shubham/ros2_ws/install/my_robot_interfaces/share/my_robot_interfaces/cmake/export_my_robot_interfaces__rosidl_typesupport_fastrtps_cppExport.cmake
[1.018s] -- Up-to-date: /home/shubham/ros2_ws/install/my_robot_interfaces/share/my_robot_interfaces/cmake/export_my_robot_interfaces__rosidl_typesupport_fastrtps_cppExport-noconfig.cmake
[1.018s] -- Up-to-date: /home/shubham/ros2_ws/install/my_robot_interfaces/share/my_robot_interfaces/cmake/my_robot_interfaces__rosidl_typesupport_introspection_cppExport.cmake
[1.018s] -- Up-to-date: /home/shubham/ros2_ws/install/my_robot_interfaces/share/my_robot_interfaces/cmake/my_robot_interfaces__rosidl_typesupport_introspection_cppExport-noconfig.cmake
[1.018s] -- Up-to-date: /home/shubham/ros2_ws/install/my_robot_interfaces/share/my_robot_interfaces/cmake/my_robot_interfaces__rosidl_typesupport_cppExport.cmake
[1.018s] -- Up-to-date: /home/shubham/ros2_ws/install/my_robot_interfaces/share/my_robot_interfaces/cmake/my_robot_interfaces__rosidl_typesupport_cppExport-noconfig.cmake
[1.018s] -- Up-to-date: /home/shubham/ros2_ws/install/my_robot_interfaces/share/my_robot_interfaces/cmake/export_my_robot_interfaces__rosidl_generator_pyExport.cmake
[1.018s] -- Up-to-date: /home/shubham/ros2_ws/install/my_robot_interfaces/share/my_robot_interfaces/cmake/export_my_robot_interfaces__rosidl_generator_pyExport-noconfig.cmake
[1.018s] -- Up-to-date: /home/shubham/ros2_ws/install/my_robot_interfaces/share/my_robot_interfaces/cmake/rosidl_cmake-extras.cmake
[1.018s] -- Up-to-date: /home/shubham/ros2_ws/install/my_robot_interfaces/share/my_robot_interfaces/cmake/ament_cmake_export_dependencies-extras.cmake
[1.019s] -- Up-to-date: /home/shubham/ros2_ws/install/my_robot_interfaces/share/my_robot_interfaces/cmake/ament_cmake_export_include_directories-extras.cmake
[1.019s] -- Up-to-date: /home/shubham/ros2_ws/install/my_robot_interfaces/share/my_robot_interfaces/cmake/ament_cmake_export_libraries-extras.cmake
[1.019s] -- Up-to-date: /home/shubham/ros2_ws/install/my_robot_interfaces/share/my_robot_interfaces/cmake/ament_cmake_export_targets-extras.cmake
[1.019s] -- Up-to-date: /home/shubham/ros2_ws/install/my_robot_interfaces/share/my_robot_interfaces/cmake/rosidl_cmake_export_typesupport_targets-extras.cmake
[1.019s] -- Up-to-date: /home/shubham/ros2_ws/install/my_robot_interfaces/share/my_robot_interfaces/cmake/rosidl_cmake_export_typesupport_libraries-extras.cmake
[1.020s] -- Up-to-date: /home/shubham/ros2_ws/install/my_robot_interfaces/share/my_robot_interfaces/cmake/my_robot_interfacesConfig.cmake
[1.020s] -- Up-to-date: /home/shubham/ros2_ws/install/my_robot_interfaces/share/my_robot_interfaces/cmake/my_robot_interfacesConfig-version.cmake
[1.020s] -- Up-to-date: /home/shubham/ros2_ws/install/my_robot_interfaces/share/my_robot_interfaces/package.xml
[1.022s] Invoked command in '/home/shubham/ros2_ws/build/my_robot_interfaces' returned '0': CMAKE_PREFIX_PATH=${CMAKE_PREFIX_PATH}:/home/shubham/ros2_ws/install/my_py_pkg:/opt/ros/jazzy DEBUGINFOD_URLS=https://debuginfod.ubuntu.com /usr/bin/cmake --install /home/shubham/ros2_ws/build/my_robot_interfaces
