[2.074s] Invoking command in '/home/shubham/ros2_ws/src/smart_robot': DEBUGINFOD_URLS=https://debuginfod.ubuntu.com PYTHONPATH=/home/shubham/ros2_ws/build/smart_robot/prefix_override:/usr/lib/python3/dist-packages/colcon_core/task/python/colcon_distutils_commands:/home/shubham/ros2_ws/install/smart_robot/lib/python3.12/site-packages:${PYTHONPATH} /usr/bin/python3 -W ignore:setup.py install is deprecated -W ignore:easy_install command is deprecated setup.py egg_info --egg-base ../../build/smart_robot build --build-base /home/shubham/ros2_ws/build/smart_robot/build install --record /home/shubham/ros2_ws/build/smart_robot/install.log --single-version-externally-managed install_data
[2.632s] running egg_info
[2.668s] writing ../../build/smart_robot/smart_robot.egg-info/PKG-INFO
[2.669s] writing dependency_links to ../../build/smart_robot/smart_robot.egg-info/dependency_links.txt
[2.669s] writing entry points to ../../build/smart_robot/smart_robot.egg-info/entry_points.txt
[2.669s] writing requirements to ../../build/smart_robot/smart_robot.egg-info/requires.txt
[2.669s] writing top-level names to ../../build/smart_robot/smart_robot.egg-info/top_level.txt
[2.730s] reading manifest file '../../build/smart_robot/smart_robot.egg-info/SOURCES.txt'
[2.731s] writing manifest file '../../build/smart_robot/smart_robot.egg-info/SOURCES.txt'
[2.732s] running build
[2.732s] running build_py
[2.733s] running install
[2.742s] running install_lib
[2.775s] running install_data
[2.776s] running install_egg_info
[2.810s] removing '/home/shubham/ros2_ws/install/smart_robot/lib/python3.12/site-packages/smart_robot-0.0.0-py3.12.egg-info' (and everything under it)
[2.812s] Copying ../../build/smart_robot/smart_robot.egg-info to /home/shubham/ros2_ws/install/smart_robot/lib/python3.12/site-packages/smart_robot-0.0.0-py3.12.egg-info
[2.813s] running install_scripts
[3.149s] Installing controller_node script to /home/shubham/ros2_ws/install/smart_robot/lib/smart_robot
[3.149s] Installing sensor_node script to /home/shubham/ros2_ws/install/smart_robot/lib/smart_robot
[3.150s] Installing speed_service script to /home/shubham/ros2_ws/install/smart_robot/lib/smart_robot
[3.150s] writing list of installed files to '/home/shubham/ros2_ws/build/smart_robot/install.log'
[3.261s] Invoked command in '/home/shubham/ros2_ws/src/smart_robot' returned '0': DEBUGINFOD_URLS=https://debuginfod.ubuntu.com PYTHONPATH=/home/shubham/ros2_ws/build/smart_robot/prefix_override:/usr/lib/python3/dist-packages/colcon_core/task/python/colcon_distutils_commands:/home/shubham/ros2_ws/install/smart_robot/lib/python3.12/site-packages:${PYTHONPATH} /usr/bin/python3 -W ignore:setup.py install is deprecated -W ignore:easy_install command is deprecated setup.py egg_info --egg-base ../../build/smart_robot build --build-base /home/shubham/ros2_ws/build/smart_robot/build install --record /home/shubham/ros2_ws/build/smart_robot/install.log --single-version-externally-managed install_data
