[1.934s] Invoking command in '/home/shubham/ros2_ws/src/my_py_pkg': DEBUGINFOD_URLS=https://debuginfod.ubuntu.com PYTHONPATH=/home/shubham/ros2_ws/build/my_py_pkg/prefix_override:/usr/lib/python3/dist-packages/colcon_core/task/python/colcon_distutils_commands:/home/shubham/ros2_ws/install/my_py_pkg/lib/python3.12/site-packages:${PYTHONPATH} /usr/bin/python3 -W ignore:setup.py install is deprecated -W ignore:easy_install command is deprecated setup.py egg_info --egg-base ../../build/my_py_pkg build --build-base /home/shubham/ros2_ws/build/my_py_pkg/build install --record /home/shubham/ros2_ws/build/my_py_pkg/install.log --single-version-externally-managed install_data
[2.542s] running egg_info
[2.543s] creating ../../build/my_py_pkg/my_py_pkg.egg-info
[2.570s] writing ../../build/my_py_pkg/my_py_pkg.egg-info/PKG-INFO
[2.570s] writing dependency_links to ../../build/my_py_pkg/my_py_pkg.egg-info/dependency_links.txt
[2.571s] writing entry points to ../../build/my_py_pkg/my_py_pkg.egg-info/entry_points.txt
[2.571s] writing requirements to ../../build/my_py_pkg/my_py_pkg.egg-info/requires.txt
[2.571s] writing top-level names to ../../build/my_py_pkg/my_py_pkg.egg-info/top_level.txt
[2.571s] writing manifest file '../../build/my_py_pkg/my_py_pkg.egg-info/SOURCES.txt'
[2.634s] reading manifest file '../../build/my_py_pkg/my_py_pkg.egg-info/SOURCES.txt'
[2.635s] writing manifest file '../../build/my_py_pkg/my_py_pkg.egg-info/SOURCES.txt'
[2.635s] running build
[2.635s] running build_py
[2.637s] creating /home/shubham/ros2_ws/build/my_py_pkg/build
[2.637s] creating /home/shubham/ros2_ws/build/my_py_pkg/build/lib
[2.640s] creating /home/shubham/ros2_ws/build/my_py_pkg/build/lib/my_py_pkg
[2.640s] copying my_py_pkg/add_two_ints_server.py -> /home/shubham/ros2_ws/build/my_py_pkg/build/lib/my_py_pkg
[2.640s] copying my_py_pkg/param_node.py -> /home/shubham/ros2_ws/build/my_py_pkg/build/lib/my_py_pkg
[2.640s] copying my_py_pkg/compute_service.py -> /home/shubham/ros2_ws/build/my_py_pkg/build/lib/my_py_pkg
[2.640s] copying my_py_pkg/my_first_node.py -> /home/shubham/ros2_ws/build/my_py_pkg/build/lib/my_py_pkg
[2.640s] copying my_py_pkg/smart_controller.py -> /home/shubham/ros2_ws/build/my_py_pkg/build/lib/my_py_pkg
[2.640s] copying my_py_pkg/command_publisher.py -> /home/shubham/ros2_ws/build/my_py_pkg/build/lib/my_py_pkg
[2.640s] copying my_py_pkg/__init__.py -> /home/shubham/ros2_ws/build/my_py_pkg/build/lib/my_py_pkg
[2.641s] copying my_py_pkg/turtle_controller.py -> /home/shubham/ros2_ws/build/my_py_pkg/build/lib/my_py_pkg
[2.641s] copying my_py_pkg/subscriber_node.py -> /home/shubham/ros2_ws/build/my_py_pkg/build/lib/my_py_pkg
[2.641s] copying my_py_pkg/publisher_node.py -> /home/shubham/ros2_ws/build/my_py_pkg/build/lib/my_py_pkg
[2.641s] copying my_py_pkg/command_subscriber.py -> /home/shubham/ros2_ws/build/my_py_pkg/build/lib/my_py_pkg
[2.641s] running install
[2.649s] running install_lib
[2.683s] creating /home/shubham/ros2_ws/install/my_py_pkg/lib/python3.12/site-packages/my_py_pkg
[2.685s] copying /home/shubham/ros2_ws/build/my_py_pkg/build/lib/my_py_pkg/add_two_ints_server.py -> /home/shubham/ros2_ws/install/my_py_pkg/lib/python3.12/site-packages/my_py_pkg
[2.686s] copying /home/shubham/ros2_ws/build/my_py_pkg/build/lib/my_py_pkg/param_node.py -> /home/shubham/ros2_ws/install/my_py_pkg/lib/python3.12/site-packages/my_py_pkg
[2.686s] copying /home/shubham/ros2_ws/build/my_py_pkg/build/lib/my_py_pkg/compute_service.py -> /home/shubham/ros2_ws/install/my_py_pkg/lib/python3.12/site-packages/my_py_pkg
[2.686s] copying /home/shubham/ros2_ws/build/my_py_pkg/build/lib/my_py_pkg/my_first_node.py -> /home/shubham/ros2_ws/install/my_py_pkg/lib/python3.12/site-packages/my_py_pkg
[2.688s] copying /home/shubham/ros2_ws/build/my_py_pkg/build/lib/my_py_pkg/smart_controller.py -> /home/shubham/ros2_ws/install/my_py_pkg/lib/python3.12/site-packages/my_py_pkg
[2.688s] copying /home/shubham/ros2_ws/build/my_py_pkg/build/lib/my_py_pkg/command_publisher.py -> /home/shubham/ros2_ws/install/my_py_pkg/lib/python3.12/site-packages/my_py_pkg
[2.689s] copying /home/shubham/ros2_ws/build/my_py_pkg/build/lib/my_py_pkg/__init__.py -> /home/shubham/ros2_ws/install/my_py_pkg/lib/python3.12/site-packages/my_py_pkg
[2.690s] copying /home/shubham/ros2_ws/build/my_py_pkg/build/lib/my_py_pkg/turtle_controller.py -> /home/shubham/ros2_ws/install/my_py_pkg/lib/python3.12/site-packages/my_py_pkg
[2.690s] copying /home/shubham/ros2_ws/build/my_py_pkg/build/lib/my_py_pkg/subscriber_node.py -> /home/shubham/ros2_ws/install/my_py_pkg/lib/python3.12/site-packages/my_py_pkg
[2.693s] copying /home/shubham/ros2_ws/build/my_py_pkg/build/lib/my_py_pkg/publisher_node.py -> /home/shubham/ros2_ws/install/my_py_pkg/lib/python3.12/site-packages/my_py_pkg
[2.693s] copying /home/shubham/ros2_ws/build/my_py_pkg/build/lib/my_py_pkg/command_subscriber.py -> /home/shubham/ros2_ws/install/my_py_pkg/lib/python3.12/site-packages/my_py_pkg
[2.694s] byte-compiling /home/shubham/ros2_ws/install/my_py_pkg/lib/python3.12/site-packages/my_py_pkg/add_two_ints_server.py to add_two_ints_server.cpython-312.pyc
[2.694s] byte-compiling /home/shubham/ros2_ws/install/my_py_pkg/lib/python3.12/site-packages/my_py_pkg/param_node.py to param_node.cpython-312.pyc
[2.694s] byte-compiling /home/shubham/ros2_ws/install/my_py_pkg/lib/python3.12/site-packages/my_py_pkg/compute_service.py to compute_service.cpython-312.pyc
[2.697s] byte-compiling /home/shubham/ros2_ws/install/my_py_pkg/lib/python3.12/site-packages/my_py_pkg/my_first_node.py to my_first_node.cpython-312.pyc
[2.697s] byte-compiling /home/shubham/ros2_ws/install/my_py_pkg/lib/python3.12/site-packages/my_py_pkg/smart_controller.py to smart_controller.cpython-312.pyc
[2.697s] byte-compiling /home/shubham/ros2_ws/install/my_py_pkg/lib/python3.12/site-packages/my_py_pkg/command_publisher.py to command_publisher.cpython-312.pyc
[2.698s] byte-compiling /home/shubham/ros2_ws/install/my_py_pkg/lib/python3.12/site-packages/my_py_pkg/__init__.py to __init__.cpython-312.pyc
[2.698s] byte-compiling /home/shubham/ros2_ws/install/my_py_pkg/lib/python3.12/site-packages/my_py_pkg/turtle_controller.py to turtle_controller.cpython-312.pyc
[2.698s] byte-compiling /home/shubham/ros2_ws/install/my_py_pkg/lib/python3.12/site-packages/my_py_pkg/subscriber_node.py to subscriber_node.cpython-312.pyc
[2.698s] byte-compiling /home/shubham/ros2_ws/install/my_py_pkg/lib/python3.12/site-packages/my_py_pkg/publisher_node.py to publisher_node.cpython-312.pyc
[2.698s] byte-compiling /home/shubham/ros2_ws/install/my_py_pkg/lib/python3.12/site-packages/my_py_pkg/command_subscriber.py to command_subscriber.cpython-312.pyc
[2.698s] running install_data
[2.698s] creating /home/shubham/ros2_ws/install/my_py_pkg/share/ament_index
[2.698s] creating /home/shubham/ros2_ws/install/my_py_pkg/share/ament_index/resource_index
[2.698s] creating /home/shubham/ros2_ws/install/my_py_pkg/share/ament_index/resource_index/packages
[2.698s] copying resource/my_py_pkg -> /home/shubham/ros2_ws/install/my_py_pkg/share/ament_index/resource_index/packages
[2.698s] copying package.xml -> /home/shubham/ros2_ws/install/my_py_pkg/share/my_py_pkg
[2.699s] creating /home/shubham/ros2_ws/install/my_py_pkg/share/my_py_pkg/launch
[2.704s] copying launch/turtle_system.launch.py -> /home/shubham/ros2_ws/install/my_py_pkg/share/my_py_pkg/launch
[2.704s] copying launch/my_launch.py -> /home/shubham/ros2_ws/install/my_py_pkg/share/my_py_pkg/launch
[2.704s] running install_egg_info
[2.738s] Copying ../../build/my_py_pkg/my_py_pkg.egg-info to /home/shubham/ros2_ws/install/my_py_pkg/lib/python3.12/site-packages/my_py_pkg-0.0.0-py3.12.egg-info
[2.739s] running install_scripts
[2.995s] Installing add_two_ints_server script to /home/shubham/ros2_ws/install/my_py_pkg/lib/my_py_pkg
[2.995s] Installing command_publisher script to /home/shubham/ros2_ws/install/my_py_pkg/lib/my_py_pkg
[2.996s] Installing command_subscriber script to /home/shubham/ros2_ws/install/my_py_pkg/lib/my_py_pkg
[2.996s] Installing compute_service script to /home/shubham/ros2_ws/install/my_py_pkg/lib/my_py_pkg
[2.996s] Installing my_first_node script to /home/shubham/ros2_ws/install/my_py_pkg/lib/my_py_pkg
[2.997s] Installing param_node script to /home/shubham/ros2_ws/install/my_py_pkg/lib/my_py_pkg
[2.997s] Installing publisher_node script to /home/shubham/ros2_ws/install/my_py_pkg/lib/my_py_pkg
[2.998s] Installing smart_controller script to /home/shubham/ros2_ws/install/my_py_pkg/lib/my_py_pkg
[2.998s] Installing subscriber_node script to /home/shubham/ros2_ws/install/my_py_pkg/lib/my_py_pkg
[2.999s] Installing turtle_controller script to /home/shubham/ros2_ws/install/my_py_pkg/lib/my_py_pkg
[2.999s] writing list of installed files to '/home/shubham/ros2_ws/build/my_py_pkg/install.log'
[3.049s] Invoked command in '/home/shubham/ros2_ws/src/my_py_pkg' returned '0': DEBUGINFOD_URLS=https://debuginfod.ubuntu.com PYTHONPATH=/home/shubham/ros2_ws/build/my_py_pkg/prefix_override:/usr/lib/python3/dist-packages/colcon_core/task/python/colcon_distutils_commands:/home/shubham/ros2_ws/install/my_py_pkg/lib/python3.12/site-packages:${PYTHONPATH} /usr/bin/python3 -W ignore:setup.py install is deprecated -W ignore:easy_install command is deprecated setup.py egg_info --egg-base ../../build/my_py_pkg build --build-base /home/shubham/ros2_ws/build/my_py_pkg/build install --record /home/shubham/ros2_ws/build/my_py_pkg/install.log --single-version-externally-managed install_data
