[0.296s] Invoking command in '/home/shubham/ros2_ws/build/my_robot_interfaces': CMAKE_PREFIX_PATH=${CMAKE_PREFIX_PATH}:/home/shubham/ros2_ws/install/my_py_pkg:/opt/ros/jazzy DEBUGINFOD_URLS=https://debuginfod.ubuntu.com /usr/bin/cmake /home/shubham/ros2_ws/src/my_robot_interfaces -DCMAKE_INSTALL_PREFIX=/home/shubham/ros2_ws/install/my_robot_interfaces
[0.381s] -- The C compiler identification is GNU 13.3.0
[0.462s] -- The CXX compiler identification is GNU 13.3.0
[0.483s] -- Detecting C compiler ABI info
[0.600s] -- Detecting C compiler ABI info - done
[0.614s] -- Check for working C compiler: /usr/bin/cc - skipped
[0.615s] -- Detecting C compile features
[0.615s] -- Detecting C compile features - done
[0.630s] -- Detecting CXX compiler ABI info
[0.774s] -- Detecting CXX compiler ABI info - done
[0.784s] -- Check for working CXX compiler: /usr/bin/c++ - skipped
[0.785s] -- Detecting CXX compile features
[0.785s] -- Detecting CXX compile features - done
[0.789s] -- Found ament_cmake: 2.5.5 (/opt/ros/jazzy/share/ament_cmake/cmake)
[0.980s] -- Found Python3: /usr/bin/python3 (found version "3.12.3") found components: Interpreter 
[1.127s] -- Found rosidl_default_generators: 1.6.0 (/opt/ros/jazzy/share/rosidl_default_generators/cmake)
[1.134s] -- Using all available rosidl_typesupport_c: rosidl_typesupport_fastrtps_c;rosidl_typesupport_introspection_c
[1.203s] -- Using all available rosidl_typesupport_cpp: rosidl_typesupport_fastrtps_cpp;rosidl_typesupport_introspection_cpp
[1.263s] -- Found rosidl_adapter: 4.6.7 (/opt/ros/jazzy/share/rosidl_adapter/cmake)
[2.026s] -- Found ament_cmake_ros: 0.12.0 (/opt/ros/jazzy/share/ament_cmake_ros/cmake)
[2.581s] -- Using all available rosidl_typesupport_c: rosidl_typesupport_fastrtps_c;rosidl_typesupport_introspection_c
[3.309s] -- Using all available rosidl_typesupport_cpp: rosidl_typesupport_fastrtps_cpp;rosidl_typesupport_introspection_cpp
[3.315s] -- Found python_cmake_module: 0.11.1 (/opt/ros/jazzy/share/python_cmake_module/cmake)
[3.489s] -- Found PythonExtra: /usr/bin/python3  
[4.052s] -- Found Python3: /usr/bin/python3 (found version "3.12.3") found components: Interpreter Development NumPy Development.Module Development.Embed 
[4.095s] -- Found ament_lint_auto: 0.17.4 (/opt/ros/jazzy/share/ament_lint_auto/cmake)
[4.132s] -- Added test 'flake8' to check Python code syntax and style conventions
[4.132s] -- Configured 'flake8' exclude dirs and/or files: 
[4.134s] -- Added test 'lint_cmake' to check CMake code style
[4.135s] -- Added test 'pep257' to check Python code against some of the docstring style conventions in PEP 257
[4.139s] -- Added test 'xmllint' to check XML markup files
[4.143s] -- Configuring done (3.8s)
[4.188s] -- Generating done (0.0s)
[4.205s] -- Build files have been written to: /home/shubham/ros2_ws/build/my_robot_interfaces
[4.217s] Invoked command in '/home/shubham/ros2_ws/build/my_robot_interfaces' returned '0': CMAKE_PREFIX_PATH=${CMAKE_PREFIX_PATH}:/home/shubham/ros2_ws/install/my_py_pkg:/opt/ros/jazzy DEBUGINFOD_URLS=https://debuginfod.ubuntu.com /usr/bin/cmake /home/shubham/ros2_ws/src/my_robot_interfaces -DCMAKE_INSTALL_PREFIX=/home/shubham/ros2_ws/install/my_robot_interfaces
[4.219s] Invoking command in '/home/shubham/ros2_ws/build/my_robot_interfaces': CMAKE_PREFIX_PATH=${CMAKE_PREFIX_PATH}:/home/shubham/ros2_ws/install/my_py_pkg:/opt/ros/jazzy DEBUGINFOD_URLS=https://debuginfod.ubuntu.com /usr/bin/cmake --build /home/shubham/ros2_ws/build/my_robot_interfaces -- -j4 -l4
[4.281s] [  2%] [34m[1mGenerating type hashes for ROS interfaces[0m
[4.292s] [  2%] Built target ament_cmake_python_copy_my_robot_interfaces
[4.622s] [  2%] Built target my_robot_interfaces__rosidl_generator_type_description
[4.640s] [  5%] [34m[1mGenerating C code for ROS interfaces[0m
[4.651s] [  8%] [34m[1mGenerating C++ code for ROS interfaces[0m
[4.708s] running egg_info
[4.709s] creating my_robot_interfaces.egg-info
[4.741s] writing my_robot_interfaces.egg-info/PKG-INFO
[4.742s] writing dependency_links to my_robot_interfaces.egg-info/dependency_links.txt
[4.742s] writing top-level names to my_robot_interfaces.egg-info/top_level.txt
[4.742s] writing manifest file 'my_robot_interfaces.egg-info/SOURCES.txt'
[4.828s] reading manifest file 'my_robot_interfaces.egg-info/SOURCES.txt'
[4.828s] writing manifest file 'my_robot_interfaces.egg-info/SOURCES.txt'
[4.866s] [  8%] Built target ament_cmake_python_build_my_robot_interfaces_egg
[4.974s] [  8%] Built target my_robot_interfaces__cpp
[4.995s] [ 17%] [32mBuilding C object CMakeFiles/my_robot_interfaces__rosidl_generator_c.dir/rosidl_generator_c/my_robot_interfaces/msg/detail/robot_command__description.c.o[0m
[4.995s] [ 17%] [32mBuilding C object CMakeFiles/my_robot_interfaces__rosidl_generator_c.dir/rosidl_generator_c/my_robot_interfaces/msg/detail/robot_command__type_support.c.o[0m
[4.995s] [ 17%] [32mBuilding C object CMakeFiles/my_robot_interfaces__rosidl_generator_c.dir/rosidl_generator_c/my_robot_interfaces/msg/detail/robot_command__functions.c.o[0m
[5.100s] [ 20%] [32m[1mLinking C shared library libmy_robot_interfaces__rosidl_generator_c.so[0m
[5.153s] [ 20%] Built target my_robot_interfaces__rosidl_generator_c
[5.166s] [ 29%] [34m[1mGenerating C++ introspection for ROS interfaces[0m
[5.166s] [ 29%] [34m[1mGenerating C++ type support dispatch for ROS interfaces[0m
[5.166s] [ 29%] [34m[1mGenerating C introspection for ROS interfaces[0m
[5.167s] [ 32%] [34m[1mGenerating C type support for eProsima Fast-RTPS[0m
[5.482s] [ 35%] [32mBuilding CXX object CMakeFiles/my_robot_interfaces__rosidl_typesupport_cpp.dir/rosidl_typesupport_cpp/my_robot_interfaces/msg/robot_command__type_support.cpp.o[0m
[5.499s] [ 38%] [32mBuilding C object CMakeFiles/my_robot_interfaces__rosidl_typesupport_introspection_c.dir/rosidl_typesupport_introspection_c/my_robot_interfaces/msg/detail/robot_command__type_support.c.o[0m
[5.518s] [ 41%] [32mBuilding CXX object CMakeFiles/my_robot_interfaces__rosidl_typesupport_introspection_cpp.dir/rosidl_typesupport_introspection_cpp/my_robot_interfaces/msg/detail/robot_command__type_support.cpp.o[0m
[5.521s] [ 44%] [32mBuilding CXX object CMakeFiles/my_robot_interfaces__rosidl_typesupport_fastrtps_c.dir/rosidl_typesupport_fastrtps_c/my_robot_interfaces/msg/detail/robot_command__type_support_c.cpp.o[0m
[5.564s] [ 47%] [32m[1mLinking C shared library libmy_robot_interfaces__rosidl_typesupport_introspection_c.so[0m
[5.611s] [ 47%] Built target my_robot_interfaces__rosidl_typesupport_introspection_c
[5.631s] [ 50%] [34m[1mGenerating C type support dispatch for ROS interfaces[0m
[5.946s] [ 52%] [32mBuilding CXX object CMakeFiles/my_robot_interfaces__rosidl_typesupport_c.dir/rosidl_typesupport_c/my_robot_interfaces/msg/robot_command__type_support.cpp.o[0m
[5.996s] [ 55%] [32m[1mLinking CXX shared library libmy_robot_interfaces__rosidl_typesupport_cpp.so[0m
[6.008s] [ 58%] [32m[1mLinking CXX shared library libmy_robot_interfaces__rosidl_typesupport_c.so[0m
[6.036s] [ 61%] [32m[1mLinking CXX shared library libmy_robot_interfaces__rosidl_typesupport_introspection_cpp.so[0m
[6.062s] [ 61%] Built target my_robot_interfaces__rosidl_typesupport_cpp
[6.081s] [ 64%] [34m[1mGenerating C++ type support for eProsima Fast-RTPS[0m
[6.082s] [ 64%] Built target my_robot_interfaces__rosidl_typesupport_c
[6.139s] [ 64%] Built target my_robot_interfaces__rosidl_typesupport_introspection_cpp
[6.225s] [ 67%] [32m[1mLinking CXX shared library libmy_robot_interfaces__rosidl_typesupport_fastrtps_c.so[0m
[6.353s] [ 67%] Built target my_robot_interfaces__rosidl_typesupport_fastrtps_c
[6.411s] [ 70%] [32mBuilding CXX object CMakeFiles/my_robot_interfaces__rosidl_typesupport_fastrtps_cpp.dir/rosidl_typesupport_fastrtps_cpp/my_robot_interfaces/msg/detail/dds_fastrtps/robot_command__type_support.cpp.o[0m
[7.018s] [ 73%] [32m[1mLinking CXX shared library libmy_robot_interfaces__rosidl_typesupport_fastrtps_cpp.so[0m
[7.121s] [ 73%] Built target my_robot_interfaces__rosidl_typesupport_fastrtps_cpp
[7.149s] [ 73%] Built target my_robot_interfaces
[7.176s] [ 76%] [34m[1mGenerating Python code for ROS interfaces[0m
[7.651s] [ 76%] Built target my_robot_interfaces__py
[7.681s] [ 79%] [32mBuilding C object CMakeFiles/my_robot_interfaces__rosidl_generator_py.dir/rosidl_generator_py/my_robot_interfaces/msg/_robot_command_s.c.o[0m
[7.933s] [ 82%] [32m[1mLinking C shared library libmy_robot_interfaces__rosidl_generator_py.so[0m
[8.004s] [ 82%] Built target my_robot_interfaces__rosidl_generator_py
[8.033s] [ 85%] [32mBuilding C object CMakeFiles/my_robot_interfaces_s__rosidl_typesupport_introspection_c.dir/rosidl_generator_py/my_robot_interfaces/_my_robot_interfaces_s.ep.rosidl_typesupport_introspection_c.c.o[0m
[8.038s] [ 91%] [32mBuilding C object CMakeFiles/my_robot_interfaces_s__rosidl_typesupport_c.dir/rosidl_generator_py/my_robot_interfaces/_my_robot_interfaces_s.ep.rosidl_typesupport_c.c.o[0m
[8.038s] [ 91%] [32mBuilding C object CMakeFiles/my_robot_interfaces_s__rosidl_typesupport_fastrtps_c.dir/rosidl_generator_py/my_robot_interfaces/_my_robot_interfaces_s.ep.rosidl_typesupport_fastrtps_c.c.o[0m
[8.187s] [ 94%] [32m[1mLinking C shared module rosidl_generator_py/my_robot_interfaces/my_robot_interfaces_s__rosidl_typesupport_introspection_c.so[0m
[8.193s] [ 97%] [32m[1mLinking C shared module rosidl_generator_py/my_robot_interfaces/my_robot_interfaces_s__rosidl_typesupport_c.so[0m
[8.203s] [100%] [32m[1mLinking C shared module rosidl_generator_py/my_robot_interfaces/my_robot_interfaces_s__rosidl_typesupport_fastrtps_c.so[0m
[8.231s] [100%] Built target my_robot_interfaces_s__rosidl_typesupport_introspection_c
[8.237s] [100%] Built target my_robot_interfaces_s__rosidl_typesupport_c
[8.249s] [100%] Built target my_robot_interfaces_s__rosidl_typesupport_fastrtps_c
[8.265s] Invoked command in '/home/shubham/ros2_ws/build/my_robot_interfaces' returned '0': CMAKE_PREFIX_PATH=${CMAKE_PREFIX_PATH}:/home/shubham/ros2_ws/install/my_py_pkg:/opt/ros/jazzy DEBUGINFOD_URLS=https://debuginfod.ubuntu.com /usr/bin/cmake --build /home/shubham/ros2_ws/build/my_robot_interfaces -- -j4 -l4
[8.277s] Invoking command in '/home/shubham/ros2_ws/build/my_robot_interfaces': CMAKE_PREFIX_PATH=${CMAKE_PREFIX_PATH}:/home/shubham/ros2_ws/install/my_py_pkg:/opt/ros/jazzy DEBUGINFOD_URLS=https://debuginfod.ubuntu.com /usr/bin/cmake --install /home/shubham/ros2_ws/build/my_robot_interfaces
[8.289s] -- Install configuration: ""
[8.289s] -- Installing: /home/shubham/ros2_ws/install/my_robot_interfaces/share/ament_index/resource_index/rosidl_interfaces/my_robot_interfaces
[8.289s] -- Installing: /home/shubham/ros2_ws/install/my_robot_interfaces/share/my_robot_interfaces/msg/RobotCommand.json
[8.290s] -- Installing: /home/shubham/ros2_ws/install/my_robot_interfaces/include/my_robot_interfaces/my_robot_interfaces
[8.290s] -- Installing: /home/shubham/ros2_ws/install/my_robot_interfaces/include/my_robot_interfaces/my_robot_interfaces/msg
[8.290s] -- Installing: /home/shubham/ros2_ws/install/my_robot_interfaces/include/my_robot_interfaces/my_robot_interfaces/msg/rosidl_generator_c__visibility_control.h
[8.290s] -- Installing: /home/shubham/ros2_ws/install/my_robot_interfaces/include/my_robot_interfaces/my_robot_interfaces/msg/robot_command.h
[8.290s] -- Installing: /home/shubham/ros2_ws/install/my_robot_interfaces/include/my_robot_interfaces/my_robot_interfaces/msg/detail
[8.290s] -- Installing: /home/shubham/ros2_ws/install/my_robot_interfaces/include/my_robot_interfaces/my_robot_interfaces/msg/detail/robot_command__functions.h
[8.291s] -- Installing: /home/shubham/ros2_ws/install/my_robot_interfaces/include/my_robot_interfaces/my_robot_interfaces/msg/detail/robot_command__struct.h
[8.291s] -- Installing: /home/shubham/ros2_ws/install/my_robot_interfaces/include/my_robot_interfaces/my_robot_interfaces/msg/detail/robot_command__type_support.h
[8.291s] -- Installing: /home/shubham/ros2_ws/install/my_robot_interfaces/include/my_robot_interfaces/my_robot_interfaces/msg/detail/robot_command__description.c
[8.291s] -- Installing: /home/shubham/ros2_ws/install/my_robot_interfaces/include/my_robot_interfaces/my_robot_interfaces/msg/detail/robot_command__functions.c
[8.291s] -- Installing: /home/shubham/ros2_ws/install/my_robot_interfaces/include/my_robot_interfaces/my_robot_interfaces/msg/detail/robot_command__type_support.c
[8.291s] -- Installing: /home/shubham/ros2_ws/install/my_robot_interfaces/share/my_robot_interfaces/environment/library_path.sh
[8.291s] -- Installing: /home/shubham/ros2_ws/install/my_robot_interfaces/share/my_robot_interfaces/environment/library_path.dsv
[8.292s] -- Installing: /home/shubham/ros2_ws/install/my_robot_interfaces/lib/libmy_robot_interfaces__rosidl_generator_c.so
[8.292s] -- Set non-toolchain portion of runtime path of "/home/shubham/ros2_ws/install/my_robot_interfaces/lib/libmy_robot_interfaces__rosidl_generator_c.so" to ""
[8.292s] -- Up-to-date: /home/shubham/ros2_ws/install/my_robot_interfaces/include/my_robot_interfaces/my_robot_interfaces
[8.293s] -- Up-to-date: /home/shubham/ros2_ws/install/my_robot_interfaces/include/my_robot_interfaces/my_robot_interfaces/msg
[8.293s] -- Installing: /home/shubham/ros2_ws/install/my_robot_interfaces/include/my_robot_interfaces/my_robot_interfaces/msg/rosidl_typesupport_fastrtps_c__visibility_control.h
[8.293s] -- Up-to-date: /home/shubham/ros2_ws/install/my_robot_interfaces/include/my_robot_interfaces/my_robot_interfaces/msg/detail
[8.293s] -- Installing: /home/shubham/ros2_ws/install/my_robot_interfaces/include/my_robot_interfaces/my_robot_interfaces/msg/detail/robot_command__rosidl_typesupport_fastrtps_c.h
[8.293s] -- Installing: /home/shubham/ros2_ws/install/my_robot_interfaces/lib/libmy_robot_interfaces__rosidl_typesupport_fastrtps_c.so
[8.294s] -- Set non-toolchain portion of runtime path of "/home/shubham/ros2_ws/install/my_robot_interfaces/lib/libmy_robot_interfaces__rosidl_typesupport_fastrtps_c.so" to ""
[8.294s] -- Up-to-date: /home/shubham/ros2_ws/install/my_robot_interfaces/include/my_robot_interfaces/my_robot_interfaces
[8.294s] -- Up-to-date: /home/shubham/ros2_ws/install/my_robot_interfaces/include/my_robot_interfaces/my_robot_interfaces/msg
[8.294s] -- Installing: /home/shubham/ros2_ws/install/my_robot_interfaces/include/my_robot_interfaces/my_robot_interfaces/msg/rosidl_typesupport_introspection_c__visibility_control.h
[8.294s] -- Up-to-date: /home/shubham/ros2_ws/install/my_robot_interfaces/include/my_robot_interfaces/my_robot_interfaces/msg/detail
[8.294s] -- Installing: /home/shubham/ros2_ws/install/my_robot_interfaces/include/my_robot_interfaces/my_robot_interfaces/msg/detail/robot_command__rosidl_typesupport_introspection_c.h
[8.294s] -- Installing: /home/shubham/ros2_ws/install/my_robot_interfaces/include/my_robot_interfaces/my_robot_interfaces/msg/detail/robot_command__type_support.c
[8.294s] -- Installing: /home/shubham/ros2_ws/install/my_robot_interfaces/lib/libmy_robot_interfaces__rosidl_typesupport_introspection_c.so
[8.295s] -- Set non-toolchain portion of runtime path of "/home/shubham/ros2_ws/install/my_robot_interfaces/lib/libmy_robot_interfaces__rosidl_typesupport_introspection_c.so" to ""
[8.295s] -- Installing: /home/shubham/ros2_ws/install/my_robot_interfaces/lib/libmy_robot_interfaces__rosidl_typesupport_c.so
[8.296s] -- Set non-toolchain portion of runtime path of "/home/shubham/ros2_ws/install/my_robot_interfaces/lib/libmy_robot_interfaces__rosidl_typesupport_c.so" to ""
[8.296s] -- Up-to-date: /home/shubham/ros2_ws/install/my_robot_interfaces/include/my_robot_interfaces/my_robot_interfaces
[8.296s] -- Up-to-date: /home/shubham/ros2_ws/install/my_robot_interfaces/include/my_robot_interfaces/my_robot_interfaces/msg
[8.296s] -- Installing: /home/shubham/ros2_ws/install/my_robot_interfaces/include/my_robot_interfaces/my_robot_interfaces/msg/robot_command.hpp
[8.296s] -- Installing: /home/shubham/ros2_ws/install/my_robot_interfaces/include/my_robot_interfaces/my_robot_interfaces/msg/rosidl_generator_cpp__visibility_control.hpp
[8.296s] -- Up-to-date: /home/shubham/ros2_ws/install/my_robot_interfaces/include/my_robot_interfaces/my_robot_interfaces/msg/detail
[8.296s] -- Installing: /home/shubham/ros2_ws/install/my_robot_interfaces/include/my_robot_interfaces/my_robot_interfaces/msg/detail/robot_command__struct.hpp
[8.297s] -- Installing: /home/shubham/ros2_ws/install/my_robot_interfaces/include/my_robot_interfaces/my_robot_interfaces/msg/detail/robot_command__type_support.hpp
[8.297s] -- Installing: /home/shubham/ros2_ws/install/my_robot_interfaces/include/my_robot_interfaces/my_robot_interfaces/msg/detail/robot_command__builder.hpp
[8.297s] -- Installing: /home/shubham/ros2_ws/install/my_robot_interfaces/include/my_robot_interfaces/my_robot_interfaces/msg/detail/robot_command__traits.hpp
[8.297s] -- Up-to-date: /home/shubham/ros2_ws/install/my_robot_interfaces/include/my_robot_interfaces/my_robot_interfaces
[8.297s] -- Up-to-date: /home/shubham/ros2_ws/install/my_robot_interfaces/include/my_robot_interfaces/my_robot_interfaces/msg
[8.297s] -- Installing: /home/shubham/ros2_ws/install/my_robot_interfaces/include/my_robot_interfaces/my_robot_interfaces/msg/rosidl_typesupport_fastrtps_cpp__visibility_control.h
[8.297s] -- Up-to-date: /home/shubham/ros2_ws/install/my_robot_interfaces/include/my_robot_interfaces/my_robot_interfaces/msg/detail
[8.297s] -- Installing: /home/shubham/ros2_ws/install/my_robot_interfaces/include/my_robot_interfaces/my_robot_interfaces/msg/detail/robot_command__rosidl_typesupport_fastrtps_cpp.hpp
[8.297s] -- Installing: /home/shubham/ros2_ws/install/my_robot_interfaces/include/my_robot_interfaces/my_robot_interfaces/msg/detail/dds_fastrtps
[8.298s] -- Installing: /home/shubham/ros2_ws/install/my_robot_interfaces/lib/libmy_robot_interfaces__rosidl_typesupport_fastrtps_cpp.so
[8.298s] -- Set non-toolchain portion of runtime path of "/home/shubham/ros2_ws/install/my_robot_interfaces/lib/libmy_robot_interfaces__rosidl_typesupport_fastrtps_cpp.so" to ""
[8.298s] -- Up-to-date: /home/shubham/ros2_ws/install/my_robot_interfaces/include/my_robot_interfaces/my_robot_interfaces
[8.298s] -- Up-to-date: /home/shubham/ros2_ws/install/my_robot_interfaces/include/my_robot_interfaces/my_robot_interfaces/msg
[8.298s] -- Up-to-date: /home/shubham/ros2_ws/install/my_robot_interfaces/include/my_robot_interfaces/my_robot_interfaces/msg/detail
[8.299s] -- Installing: /home/shubham/ros2_ws/install/my_robot_interfaces/include/my_robot_interfaces/my_robot_interfaces/msg/detail/robot_command__type_support.cpp
[8.299s] -- Installing: /home/shubham/ros2_ws/install/my_robot_interfaces/include/my_robot_interfaces/my_robot_interfaces/msg/detail/robot_command__rosidl_typesupport_introspection_cpp.hpp
[8.299s] -- Installing: /home/shubham/ros2_ws/install/my_robot_interfaces/lib/libmy_robot_interfaces__rosidl_typesupport_introspection_cpp.so
[8.299s] -- Set non-toolchain portion of runtime path of "/home/shubham/ros2_ws/install/my_robot_interfaces/lib/libmy_robot_interfaces__rosidl_typesupport_introspection_cpp.so" to ""
[8.299s] -- Installing: /home/shubham/ros2_ws/install/my_robot_interfaces/lib/libmy_robot_interfaces__rosidl_typesupport_cpp.so
[8.300s] -- Set non-toolchain portion of runtime path of "/home/shubham/ros2_ws/install/my_robot_interfaces/lib/libmy_robot_interfaces__rosidl_typesupport_cpp.so" to ""
[8.300s] -- Installing: /home/shubham/ros2_ws/install/my_robot_interfaces/share/my_robot_interfaces/environment/pythonpath.sh
[8.300s] -- Installing: /home/shubham/ros2_ws/install/my_robot_interfaces/share/my_robot_interfaces/environment/pythonpath.dsv
[8.301s] -- Installing: /home/shubham/ros2_ws/install/my_robot_interfaces/lib/python3.12/site-packages/my_robot_interfaces-0.0.0-py3.12.egg-info
[8.301s] -- Installing: /home/shubham/ros2_ws/install/my_robot_interfaces/lib/python3.12/site-packages/my_robot_interfaces-0.0.0-py3.12.egg-info/top_level.txt
[8.301s] -- Installing: /home/shubham/ros2_ws/install/my_robot_interfaces/lib/python3.12/site-packages/my_robot_interfaces-0.0.0-py3.12.egg-info/PKG-INFO
[8.301s] -- Installing: /home/shubham/ros2_ws/install/my_robot_interfaces/lib/python3.12/site-packages/my_robot_interfaces-0.0.0-py3.12.egg-info/SOURCES.txt
[8.301s] -- Installing: /home/shubham/ros2_ws/install/my_robot_interfaces/lib/python3.12/site-packages/my_robot_interfaces-0.0.0-py3.12.egg-info/dependency_links.txt
[8.301s] -- Installing: /home/shubham/ros2_ws/install/my_robot_interfaces/lib/python3.12/site-packages/my_robot_interfaces
[8.301s] -- Installing: /home/shubham/ros2_ws/install/my_robot_interfaces/lib/python3.12/site-packages/my_robot_interfaces/my_robot_interfaces_s__rosidl_typesupport_c.so
[8.301s] -- Installing: /home/shubham/ros2_ws/install/my_robot_interfaces/lib/python3.12/site-packages/my_robot_interfaces/my_robot_interfaces_s__rosidl_typesupport_introspection_c.so
[8.302s] -- Installing: /home/shubham/ros2_ws/install/my_robot_interfaces/lib/python3.12/site-packages/my_robot_interfaces/_my_robot_interfaces_s.ep.rosidl_typesupport_c.c
[8.302s] -- Installing: /home/shubham/ros2_ws/install/my_robot_interfaces/lib/python3.12/site-packages/my_robot_interfaces/_my_robot_interfaces_s.ep.rosidl_typesupport_fastrtps_c.c
[8.302s] -- Installing: /home/shubham/ros2_ws/install/my_robot_interfaces/lib/python3.12/site-packages/my_robot_interfaces/msg
[8.302s] -- Installing: /home/shubham/ros2_ws/install/my_robot_interfaces/lib/python3.12/site-packages/my_robot_interfaces/msg/_robot_command_s.c
[8.302s] -- Installing: /home/shubham/ros2_ws/install/my_robot_interfaces/lib/python3.12/site-packages/my_robot_interfaces/msg/__init__.py
[8.302s] -- Installing: /home/shubham/ros2_ws/install/my_robot_interfaces/lib/python3.12/site-packages/my_robot_interfaces/msg/_robot_command.py
[8.303s] -- Installing: /home/shubham/ros2_ws/install/my_robot_interfaces/lib/python3.12/site-packages/my_robot_interfaces/__init__.py
[8.303s] -- Installing: /home/shubham/ros2_ws/install/my_robot_interfaces/lib/python3.12/site-packages/my_robot_interfaces/my_robot_interfaces_s__rosidl_typesupport_fastrtps_c.so
[8.303s] -- Installing: /home/shubham/ros2_ws/install/my_robot_interfaces/lib/python3.12/site-packages/my_robot_interfaces/_my_robot_interfaces_s.ep.rosidl_typesupport_introspection_c.c
[8.356s] Listing '/home/shubham/ros2_ws/install/my_robot_interfaces/lib/python3.12/site-packages/my_robot_interfaces'...
[8.356s] Compiling '/home/shubham/ros2_ws/install/my_robot_interfaces/lib/python3.12/site-packages/my_robot_interfaces/__init__.py'...
[8.356s] Listing '/home/shubham/ros2_ws/install/my_robot_interfaces/lib/python3.12/site-packages/my_robot_interfaces/msg'...
[8.357s] Compiling '/home/shubham/ros2_ws/install/my_robot_interfaces/lib/python3.12/site-packages/my_robot_interfaces/msg/__init__.py'...
[8.357s] Compiling '/home/shubham/ros2_ws/install/my_robot_interfaces/lib/python3.12/site-packages/my_robot_interfaces/msg/_robot_command.py'...
[8.364s] -- Installing: /home/shubham/ros2_ws/install/my_robot_interfaces/lib/python3.12/site-packages/my_robot_interfaces/my_robot_interfaces_s__rosidl_typesupport_fastrtps_c.so
[8.365s] -- Set non-toolchain portion of runtime path of "/home/shubham/ros2_ws/install/my_robot_interfaces/lib/python3.12/site-packages/my_robot_interfaces/my_robot_interfaces_s__rosidl_typesupport_fastrtps_c.so" to ""
[8.365s] -- Installing: /home/shubham/ros2_ws/install/my_robot_interfaces/lib/python3.12/site-packages/my_robot_interfaces/my_robot_interfaces_s__rosidl_typesupport_introspection_c.so
[8.366s] -- Set non-toolchain portion of runtime path of "/home/shubham/ros2_ws/install/my_robot_interfaces/lib/python3.12/site-packages/my_robot_interfaces/my_robot_interfaces_s__rosidl_typesupport_introspection_c.so" to ""
[8.366s] -- Installing: /home/shubham/ros2_ws/install/my_robot_interfaces/lib/python3.12/site-packages/my_robot_interfaces/my_robot_interfaces_s__rosidl_typesupport_c.so
[8.367s] -- Set non-toolchain portion of runtime path of "/home/shubham/ros2_ws/install/my_robot_interfaces/lib/python3.12/site-packages/my_robot_interfaces/my_robot_interfaces_s__rosidl_typesupport_c.so" to ""
[8.367s] -- Installing: /home/shubham/ros2_ws/install/my_robot_interfaces/lib/libmy_robot_interfaces__rosidl_generator_py.so
[8.368s] -- Set non-toolchain portion of runtime path of "/home/shubham/ros2_ws/install/my_robot_interfaces/lib/libmy_robot_interfaces__rosidl_generator_py.so" to ""
[8.368s] -- Installing: /home/shubham/ros2_ws/install/my_robot_interfaces/share/my_robot_interfaces/msg/RobotCommand.idl
[8.368s] -- Installing: /home/shubham/ros2_ws/install/my_robot_interfaces/share/my_robot_interfaces/msg/RobotCommand.msg
[8.368s] -- Installing: /home/shubham/ros2_ws/install/my_robot_interfaces/share/ament_index/resource_index/package_run_dependencies/my_robot_interfaces
[8.369s] -- Installing: /home/shubham/ros2_ws/install/my_robot_interfaces/share/ament_index/resource_index/parent_prefix_path/my_robot_interfaces
[8.369s] -- Installing: /home/shubham/ros2_ws/install/my_robot_interfaces/share/my_robot_interfaces/environment/ament_prefix_path.sh
[8.370s] -- Installing: /home/shubham/ros2_ws/install/my_robot_interfaces/share/my_robot_interfaces/environment/ament_prefix_path.dsv
[8.370s] -- Installing: /home/shubham/ros2_ws/install/my_robot_interfaces/share/my_robot_interfaces/environment/path.sh
[8.370s] -- Installing: /home/shubham/ros2_ws/install/my_robot_interfaces/share/my_robot_interfaces/environment/path.dsv
[8.370s] -- Installing: /home/shubham/ros2_ws/install/my_robot_interfaces/share/my_robot_interfaces/local_setup.bash
[8.371s] -- Installing: /home/shubham/ros2_ws/install/my_robot_interfaces/share/my_robot_interfaces/local_setup.sh
[8.371s] -- Installing: /home/shubham/ros2_ws/install/my_robot_interfaces/share/my_robot_interfaces/local_setup.zsh
[8.371s] -- Installing: /home/shubham/ros2_ws/install/my_robot_interfaces/share/my_robot_interfaces/local_setup.dsv
[8.371s] -- Installing: /home/shubham/ros2_ws/install/my_robot_interfaces/share/my_robot_interfaces/package.dsv
[8.371s] -- Installing: /home/shubham/ros2_ws/install/my_robot_interfaces/share/ament_index/resource_index/packages/my_robot_interfaces
[8.372s] -- Installing: /home/shubham/ros2_ws/install/my_robot_interfaces/share/my_robot_interfaces/cmake/export_my_robot_interfaces__rosidl_generator_cExport.cmake
[8.372s] -- Installing: /home/shubham/ros2_ws/install/my_robot_interfaces/share/my_robot_interfaces/cmake/export_my_robot_interfaces__rosidl_generator_cExport-noconfig.cmake
[8.372s] -- Installing: /home/shubham/ros2_ws/install/my_robot_interfaces/share/my_robot_interfaces/cmake/export_my_robot_interfaces__rosidl_typesupport_fastrtps_cExport.cmake
[8.372s] -- Installing: /home/shubham/ros2_ws/install/my_robot_interfaces/share/my_robot_interfaces/cmake/export_my_robot_interfaces__rosidl_typesupport_fastrtps_cExport-noconfig.cmake
[8.372s] -- Installing: /home/shubham/ros2_ws/install/my_robot_interfaces/share/my_robot_interfaces/cmake/my_robot_interfaces__rosidl_typesupport_introspection_cExport.cmake
[8.373s] -- Installing: /home/shubham/ros2_ws/install/my_robot_interfaces/share/my_robot_interfaces/cmake/my_robot_interfaces__rosidl_typesupport_introspection_cExport-noconfig.cmake
[8.373s] -- Installing: /home/shubham/ros2_ws/install/my_robot_interfaces/share/my_robot_interfaces/cmake/my_robot_interfaces__rosidl_typesupport_cExport.cmake
[8.373s] -- Installing: /home/shubham/ros2_ws/install/my_robot_interfaces/share/my_robot_interfaces/cmake/my_robot_interfaces__rosidl_typesupport_cExport-noconfig.cmake
[8.373s] -- Installing: /home/shubham/ros2_ws/install/my_robot_interfaces/share/my_robot_interfaces/cmake/export_my_robot_interfaces__rosidl_generator_cppExport.cmake
[8.374s] -- Installing: /home/shubham/ros2_ws/install/my_robot_interfaces/share/my_robot_interfaces/cmake/export_my_robot_interfaces__rosidl_typesupport_fastrtps_cppExport.cmake
[8.374s] -- Installing: /home/shubham/ros2_ws/install/my_robot_interfaces/share/my_robot_interfaces/cmake/export_my_robot_interfaces__rosidl_typesupport_fastrtps_cppExport-noconfig.cmake
[8.374s] -- Installing: /home/shubham/ros2_ws/install/my_robot_interfaces/share/my_robot_interfaces/cmake/my_robot_interfaces__rosidl_typesupport_introspection_cppExport.cmake
[8.374s] -- Installing: /home/shubham/ros2_ws/install/my_robot_interfaces/share/my_robot_interfaces/cmake/my_robot_interfaces__rosidl_typesupport_introspection_cppExport-noconfig.cmake
[8.374s] -- Installing: /home/shubham/ros2_ws/install/my_robot_interfaces/share/my_robot_interfaces/cmake/my_robot_interfaces__rosidl_typesupport_cppExport.cmake
[8.375s] -- Installing: /home/shubham/ros2_ws/install/my_robot_interfaces/share/my_robot_interfaces/cmake/my_robot_interfaces__rosidl_typesupport_cppExport-noconfig.cmake
[8.375s] -- Installing: /home/shubham/ros2_ws/install/my_robot_interfaces/share/my_robot_interfaces/cmake/export_my_robot_interfaces__rosidl_generator_pyExport.cmake
[8.375s] -- Installing: /home/shubham/ros2_ws/install/my_robot_interfaces/share/my_robot_interfaces/cmake/export_my_robot_interfaces__rosidl_generator_pyExport-noconfig.cmake
[8.375s] -- Installing: /home/shubham/ros2_ws/install/my_robot_interfaces/share/my_robot_interfaces/cmake/rosidl_cmake-extras.cmake
[8.376s] -- Installing: /home/shubham/ros2_ws/install/my_robot_interfaces/share/my_robot_interfaces/cmake/ament_cmake_export_include_directories-extras.cmake
[8.376s] -- Installing: /home/shubham/ros2_ws/install/my_robot_interfaces/share/my_robot_interfaces/cmake/ament_cmake_export_libraries-extras.cmake
[8.376s] -- Installing: /home/shubham/ros2_ws/install/my_robot_interfaces/share/my_robot_interfaces/cmake/ament_cmake_export_targets-extras.cmake
[8.376s] -- Installing: /home/shubham/ros2_ws/install/my_robot_interfaces/share/my_robot_interfaces/cmake/rosidl_cmake_export_typesupport_targets-extras.cmake
[8.377s] -- Installing: /home/shubham/ros2_ws/install/my_robot_interfaces/share/my_robot_interfaces/cmake/ament_cmake_export_dependencies-extras.cmake
[8.377s] -- Installing: /home/shubham/ros2_ws/install/my_robot_interfaces/share/my_robot_interfaces/cmake/rosidl_cmake_export_typesupport_libraries-extras.cmake
[8.377s] -- Installing: /home/shubham/ros2_ws/install/my_robot_interfaces/share/my_robot_interfaces/cmake/my_robot_interfacesConfig.cmake
[8.377s] -- Installing: /home/shubham/ros2_ws/install/my_robot_interfaces/share/my_robot_interfaces/cmake/my_robot_interfacesConfig-version.cmake
[8.377s] -- Installing: /home/shubham/ros2_ws/install/my_robot_interfaces/share/my_robot_interfaces/package.xml
[8.379s] Invoked command in '/home/shubham/ros2_ws/build/my_robot_interfaces' returned '0': CMAKE_PREFIX_PATH=${CMAKE_PREFIX_PATH}:/home/shubham/ros2_ws/install/my_py_pkg:/opt/ros/jazzy DEBUGINFOD_URLS=https://debuginfod.ubuntu.com /usr/bin/cmake --install /home/shubham/ros2_ws/build/my_robot_interfaces
