[2.925s] Invoking command in '/home/shubham/ros2_ws/src/smart_robot': DEBUGINFOD_URLS=https://debuginfod.ubuntu.com PYTHONPATH=/home/shubham/ros2_ws/build/smart_robot/prefix_override:/usr/lib/python3/dist-packages/colcon_core/task/python/colcon_distutils_commands:/home/shubham/ros2_ws/install/smart_robot/lib/python3.12/site-packages:${PYTHONPATH} /usr/bin/python3 -W ignore:setup.py install is deprecated -W ignore:easy_install command is deprecated setup.py egg_info --egg-base ../../build/smart_robot build --build-base /home/shubham/ros2_ws/build/smart_robot/build install --record /home/shubham/ros2_ws/build/smart_robot/install.log --single-version-externally-managed install_data
[3.369s] running egg_info
[3.369s] creating ../../build/smart_robot/smart_robot.egg-info
[3.403s] writing ../../build/smart_robot/smart_robot.egg-info/PKG-INFO
[3.404s] writing dependency_links to ../../build/smart_robot/smart_robot.egg-info/dependency_links.txt
[3.404s] writing requirements to ../../build/smart_robot/smart_robot.egg-info/requires.txt
[3.404s] writing top-level names to ../../build/smart_robot/smart_robot.egg-info/top_level.txt
[3.404s] writing manifest file '../../build/smart_robot/smart_robot.egg-info/SOURCES.txt'
[3.475s] reading manifest file '../../build/smart_robot/smart_robot.egg-info/SOURCES.txt'
[3.476s] writing manifest file '../../build/smart_robot/smart_robot.egg-info/SOURCES.txt'
[3.476s] running build
[3.476s] running build_py
[3.476s] creating /home/shubham/ros2_ws/build/smart_robot/build
[3.477s] creating /home/shubham/ros2_ws/build/smart_robot/build/lib
[3.477s] creating /home/shubham/ros2_ws/build/smart_robot/build/lib/smart_robot
[3.477s] copying smart_robot/speed_service.py -> /home/shubham/ros2_ws/build/smart_robot/build/lib/smart_robot
[3.477s] copying smart_robot/sensor_node.py -> /home/shubham/ros2_ws/build/smart_robot/build/lib/smart_robot
[3.477s] copying smart_robot/controller_node.py -> /home/shubham/ros2_ws/build/smart_robot/build/lib/smart_robot
[3.478s] copying smart_robot/__init__.py -> /home/shubham/ros2_ws/build/smart_robot/build/lib/smart_robot
[3.479s] running install
[3.486s] running install_lib
[3.519s] creating /home/shubham/ros2_ws/install/smart_robot/lib/python3.12/site-packages/smart_robot
[3.521s] copying /home/shubham/ros2_ws/build/smart_robot/build/lib/smart_robot/speed_service.py -> /home/shubham/ros2_ws/install/smart_robot/lib/python3.12/site-packages/smart_robot
[3.521s] copying /home/shubham/ros2_ws/build/smart_robot/build/lib/smart_robot/sensor_node.py -> /home/shubham/ros2_ws/install/smart_robot/lib/python3.12/site-packages/smart_robot
[3.522s] copying /home/shubham/ros2_ws/build/smart_robot/build/lib/smart_robot/controller_node.py -> /home/shubham/ros2_ws/install/smart_robot/lib/python3.12/site-packages/smart_robot
[3.522s] copying /home/shubham/ros2_ws/build/smart_robot/build/lib/smart_robot/__init__.py -> /home/shubham/ros2_ws/install/smart_robot/lib/python3.12/site-packages/smart_robot
[3.522s] byte-compiling /home/shubham/ros2_ws/install/smart_robot/lib/python3.12/site-packages/smart_robot/speed_service.py to speed_service.cpython-312.pyc
[3.523s] byte-compiling /home/shubham/ros2_ws/install/smart_robot/lib/python3.12/site-packages/smart_robot/sensor_node.py to sensor_node.cpython-312.pyc
[3.523s] byte-compiling /home/shubham/ros2_ws/install/smart_robot/lib/python3.12/site-packages/smart_robot/controller_node.py to controller_node.cpython-312.pyc
[3.523s] byte-compiling /home/shubham/ros2_ws/install/smart_robot/lib/python3.12/site-packages/smart_robot/__init__.py to __init__.cpython-312.pyc
[3.523s] running install_data
[3.524s] creating /home/shubham/ros2_ws/install/smart_robot/share/ament_index
[3.524s] creating /home/shubham/ros2_ws/install/smart_robot/share/ament_index/resource_index
[3.524s] creating /home/shubham/ros2_ws/install/smart_robot/share/ament_index/resource_index/packages
[3.524s] copying resource/smart_robot -> /home/shubham/ros2_ws/install/smart_robot/share/ament_index/resource_index/packages
[3.526s] copying package.xml -> /home/shubham/ros2_ws/install/smart_robot/share/smart_robot
[3.527s] running install_egg_info
[3.563s] Copying ../../build/smart_robot/smart_robot.egg-info to /home/shubham/ros2_ws/install/smart_robot/lib/python3.12/site-packages/smart_robot-0.0.0-py3.12.egg-info
[3.564s] running install_scripts
[3.784s] writing list of installed files to '/home/shubham/ros2_ws/build/smart_robot/install.log'
[3.825s] Invoked command in '/home/shubham/ros2_ws/src/smart_robot' returned '0': DEBUGINFOD_URLS=https://debuginfod.ubuntu.com PYTHONPATH=/home/shubham/ros2_ws/build/smart_robot/prefix_override:/usr/lib/python3/dist-packages/colcon_core/task/python/colcon_distutils_commands:/home/shubham/ros2_ws/install/smart_robot/lib/python3.12/site-packages:${PYTHONPATH} /usr/bin/python3 -W ignore:setup.py install is deprecated -W ignore:easy_install command is deprecated setup.py egg_info --egg-base ../../build/smart_robot build --build-base /home/shubham/ros2_ws/build/smart_robot/build install --record /home/shubham/ros2_ws/build/smart_robot/install.log --single-version-externally-managed install_data
