[0.333s] DEBUG:colcon:Command line arguments: ['/usr/bin/colcon', 'build']
[0.333s] DEBUG:colcon:Parsed command line arguments: Namespace(log_base=None, log_level=None, verb_name='build', build_base='build', install_base='install', merge_install=False, symlink_install=False, test_result_base=None, continue_on_error=False, executor='parallel', parallel_workers=4, event_handlers=None, ignore_user_meta=False, metas=['./colcon.meta'], base_paths=['.'], packages_ignore=None, packages_ignore_regex=None, paths=None, packages_up_to=None, packages_up_to_regex=None, packages_above=None, packages_above_and_dependencies=None, packages_above_depth=None, packages_select_by_dep=None, packages_skip_by_dep=None, packages_skip_up_to=None, packages_select_build_failed=False, packages_skip_build_finished=False, packages_select_test_failures=False, packages_skip_test_passed=False, packages_select=None, packages_skip=None, packages_select_regex=None, packages_skip_regex=None, packages_start=None, packages_end=None, allow_overriding=[], cmake_args=None, cmake_target=None, cmake_target_skip_unavailable=False, cmake_clean_cache=False, cmake_clean_first=False, cmake_force_configure=False, ament_cmake_args=None, catkin_cmake_args=None, catkin_skip_building_tests=False, mixin_files=None, mixin=None, verb_parser=<colcon_mixin.mixin.mixin_argument.MixinArgumentDecorator object at 0x7c0cfd884560>, verb_extension=<colcon_core.verb.build.BuildVerb object at 0x7c0cfd9c8260>, main=<bound method BuildVerb.main of <colcon_core.verb.build.BuildVerb object at 0x7c0cfd9c8260>>, mixin_verb=('build',))
[0.419s] Level 1:colcon.colcon_core.package_discovery:discover_packages(colcon_meta) check parameters
[0.419s] Level 1:colcon.colcon_core.package_discovery:discover_packages(recursive) check parameters
[0.419s] Level 1:colcon.colcon_core.package_discovery:discover_packages(ignore) check parameters
[0.419s] Level 1:colcon.colcon_core.package_discovery:discover_packages(path) check parameters
[0.420s] Level 1:colcon.colcon_core.package_discovery:discover_packages(colcon_meta) discover
[0.420s] Level 1:colcon.colcon_core.package_discovery:discover_packages(recursive) discover
[0.420s] INFO:colcon.colcon_core.package_discovery:Crawling recursively for packages in '/home/shubham/ros2_ws'
[0.420s] Level 1:colcon.colcon_core.package_identification:_identify(.) by extensions ['ignore', 'ignore_ament_install']
[0.420s] Level 1:colcon.colcon_core.package_identification:_identify(.) by extension 'ignore'
[0.420s] Level 1:colcon.colcon_core.package_identification:_identify(.) by extension 'ignore_ament_install'
[0.420s] Level 1:colcon.colcon_core.package_identification:_identify(.) by extensions ['colcon_pkg']
[0.420s] Level 1:colcon.colcon_core.package_identification:_identify(.) by extension 'colcon_pkg'
[0.421s] Level 1:colcon.colcon_core.package_identification:_identify(.) by extensions ['colcon_meta']
[0.421s] Level 1:colcon.colcon_core.package_identification:_identify(.) by extension 'colcon_meta'
[0.421s] Level 1:colcon.colcon_core.package_identification:_identify(.) by extensions ['ros']
[0.421s] Level 1:colcon.colcon_core.package_identification:_identify(.) by extension 'ros'
[0.464s] Level 1:colcon.colcon_core.package_identification:_identify(.) by extensions ['cmake', 'python']
[0.464s] Level 1:colcon.colcon_core.package_identification:_identify(.) by extension 'cmake'
[0.464s] Level 1:colcon.colcon_core.package_identification:_identify(.) by extension 'python'
[0.464s] Level 1:colcon.colcon_core.package_identification:_identify(.) by extensions ['python_setup_py']
[0.464s] Level 1:colcon.colcon_core.package_identification:_identify(.) by extension 'python_setup_py'
[0.465s] Level 1:colcon.colcon_core.package_identification:_identify(Cheatsheet Daywise) by extensions ['ignore', 'ignore_ament_install']
[0.465s] Level 1:colcon.colcon_core.package_identification:_identify(Cheatsheet Daywise) by extension 'ignore'
[0.465s] Level 1:colcon.colcon_core.package_identification:_identify(Cheatsheet Daywise) by extension 'ignore_ament_install'
[0.465s] Level 1:colcon.colcon_core.package_identification:_identify(Cheatsheet Daywise) by extensions ['colcon_pkg']
[0.465s] Level 1:colcon.colcon_core.package_identification:_identify(Cheatsheet Daywise) by extension 'colcon_pkg'
[0.465s] Level 1:colcon.colcon_core.package_identification:_identify(Cheatsheet Daywise) by extensions ['colcon_meta']
[0.465s] Level 1:colcon.colcon_core.package_identification:_identify(Cheatsheet Daywise) by extension 'colcon_meta'
[0.465s] Level 1:colcon.colcon_core.package_identification:_identify(Cheatsheet Daywise) by extensions ['ros']
[0.465s] Level 1:colcon.colcon_core.package_identification:_identify(Cheatsheet Daywise) by extension 'ros'
[0.465s] Level 1:colcon.colcon_core.package_identification:_identify(Cheatsheet Daywise) by extensions ['cmake', 'python']
[0.465s] Level 1:colcon.colcon_core.package_identification:_identify(Cheatsheet Daywise) by extension 'cmake'
[0.466s] Level 1:colcon.colcon_core.package_identification:_identify(Cheatsheet Daywise) by extension 'python'
[0.466s] Level 1:colcon.colcon_core.package_identification:_identify(Cheatsheet Daywise) by extensions ['python_setup_py']
[0.466s] Level 1:colcon.colcon_core.package_identification:_identify(Cheatsheet Daywise) by extension 'python_setup_py'
[0.466s] Level 1:colcon.colcon_core.package_identification:_identify(build) by extensions ['ignore', 'ignore_ament_install']
[0.466s] Level 1:colcon.colcon_core.package_identification:_identify(build) by extension 'ignore'
[0.466s] Level 1:colcon.colcon_core.package_identification:_identify(build) ignored
[0.466s] Level 1:colcon.colcon_core.package_identification:_identify(install) by extensions ['ignore', 'ignore_ament_install']
[0.467s] Level 1:colcon.colcon_core.package_identification:_identify(install) by extension 'ignore'
[0.467s] Level 1:colcon.colcon_core.package_identification:_identify(install) ignored
[0.467s] Level 1:colcon.colcon_core.package_identification:_identify(log) by extensions ['ignore', 'ignore_ament_install']
[0.467s] Level 1:colcon.colcon_core.package_identification:_identify(log) by extension 'ignore'
[0.467s] Level 1:colcon.colcon_core.package_identification:_identify(log) ignored
[0.467s] Level 1:colcon.colcon_core.package_identification:_identify(src) by extensions ['ignore', 'ignore_ament_install']
[0.467s] Level 1:colcon.colcon_core.package_identification:_identify(src) by extension 'ignore'
[0.467s] Level 1:colcon.colcon_core.package_identification:_identify(src) by extension 'ignore_ament_install'
[0.468s] Level 1:colcon.colcon_core.package_identification:_identify(src) by extensions ['colcon_pkg']
[0.468s] Level 1:colcon.colcon_core.package_identification:_identify(src) by extension 'colcon_pkg'
[0.468s] Level 1:colcon.colcon_core.package_identification:_identify(src) by extensions ['colcon_meta']
[0.468s] Level 1:colcon.colcon_core.package_identification:_identify(src) by extension 'colcon_meta'
[0.468s] Level 1:colcon.colcon_core.package_identification:_identify(src) by extensions ['ros']
[0.468s] Level 1:colcon.colcon_core.package_identification:_identify(src) by extension 'ros'
[0.468s] Level 1:colcon.colcon_core.package_identification:_identify(src) by extensions ['cmake', 'python']
[0.468s] Level 1:colcon.colcon_core.package_identification:_identify(src) by extension 'cmake'
[0.468s] Level 1:colcon.colcon_core.package_identification:_identify(src) by extension 'python'
[0.468s] Level 1:colcon.colcon_core.package_identification:_identify(src) by extensions ['python_setup_py']
[0.468s] Level 1:colcon.colcon_core.package_identification:_identify(src) by extension 'python_setup_py'
[0.468s] Level 1:colcon.colcon_core.package_identification:_identify(src/build) by extensions ['ignore', 'ignore_ament_install']
[0.468s] Level 1:colcon.colcon_core.package_identification:_identify(src/build) by extension 'ignore'
[0.468s] Level 1:colcon.colcon_core.package_identification:_identify(src/build) ignored
[0.469s] Level 1:colcon.colcon_core.package_identification:_identify(src/install) by extensions ['ignore', 'ignore_ament_install']
[0.469s] Level 1:colcon.colcon_core.package_identification:_identify(src/install) by extension 'ignore'
[0.469s] Level 1:colcon.colcon_core.package_identification:_identify(src/install) ignored
[0.469s] Level 1:colcon.colcon_core.package_identification:_identify(src/log) by extensions ['ignore', 'ignore_ament_install']
[0.469s] Level 1:colcon.colcon_core.package_identification:_identify(src/log) by extension 'ignore'
[0.469s] Level 1:colcon.colcon_core.package_identification:_identify(src/log) ignored
[0.469s] Level 1:colcon.colcon_core.package_identification:_identify(src/my_py_pkg) by extensions ['ignore', 'ignore_ament_install']
[0.469s] Level 1:colcon.colcon_core.package_identification:_identify(src/my_py_pkg) by extension 'ignore'
[0.469s] Level 1:colcon.colcon_core.package_identification:_identify(src/my_py_pkg) by extension 'ignore_ament_install'
[0.470s] Level 1:colcon.colcon_core.package_identification:_identify(src/my_py_pkg) by extensions ['colcon_pkg']
[0.470s] Level 1:colcon.colcon_core.package_identification:_identify(src/my_py_pkg) by extension 'colcon_pkg'
[0.470s] Level 1:colcon.colcon_core.package_identification:_identify(src/my_py_pkg) by extensions ['colcon_meta']
[0.470s] Level 1:colcon.colcon_core.package_identification:_identify(src/my_py_pkg) by extension 'colcon_meta'
[0.470s] Level 1:colcon.colcon_core.package_identification:_identify(src/my_py_pkg) by extensions ['ros']
[0.470s] Level 1:colcon.colcon_core.package_identification:_identify(src/my_py_pkg) by extension 'ros'
[0.474s] DEBUG:colcon.colcon_core.package_identification:Package 'src/my_py_pkg' with type 'ros.ament_python' and name 'my_py_pkg'
[0.474s] Level 1:colcon.colcon_core.package_identification:_identify(src/my_robot_interfaces) by extensions ['ignore', 'ignore_ament_install']
[0.474s] Level 1:colcon.colcon_core.package_identification:_identify(src/my_robot_interfaces) by extension 'ignore'
[0.474s] Level 1:colcon.colcon_core.package_identification:_identify(src/my_robot_interfaces) by extension 'ignore_ament_install'
[0.474s] Level 1:colcon.colcon_core.package_identification:_identify(src/my_robot_interfaces) by extensions ['colcon_pkg']
[0.474s] Level 1:colcon.colcon_core.package_identification:_identify(src/my_robot_interfaces) by extension 'colcon_pkg'
[0.474s] Level 1:colcon.colcon_core.package_identification:_identify(src/my_robot_interfaces) by extensions ['colcon_meta']
[0.474s] Level 1:colcon.colcon_core.package_identification:_identify(src/my_robot_interfaces) by extension 'colcon_meta'
[0.474s] Level 1:colcon.colcon_core.package_identification:_identify(src/my_robot_interfaces) by extensions ['ros']
[0.474s] Level 1:colcon.colcon_core.package_identification:_identify(src/my_robot_interfaces) by extension 'ros'
[0.475s] DEBUG:colcon.colcon_core.package_identification:Package 'src/my_robot_interfaces' with type 'ros.ament_cmake' and name 'my_robot_interfaces'
[0.475s] Level 1:colcon.colcon_core.package_identification:_identify(src/smart_robot) by extensions ['ignore', 'ignore_ament_install']
[0.475s] Level 1:colcon.colcon_core.package_identification:_identify(src/smart_robot) by extension 'ignore'
[0.476s] Level 1:colcon.colcon_core.package_identification:_identify(src/smart_robot) by extension 'ignore_ament_install'
[0.476s] Level 1:colcon.colcon_core.package_identification:_identify(src/smart_robot) by extensions ['colcon_pkg']
[0.476s] Level 1:colcon.colcon_core.package_identification:_identify(src/smart_robot) by extension 'colcon_pkg'
[0.476s] Level 1:colcon.colcon_core.package_identification:_identify(src/smart_robot) by extensions ['colcon_meta']
[0.476s] Level 1:colcon.colcon_core.package_identification:_identify(src/smart_robot) by extension 'colcon_meta'
[0.476s] Level 1:colcon.colcon_core.package_identification:_identify(src/smart_robot) by extensions ['ros']
[0.476s] Level 1:colcon.colcon_core.package_identification:_identify(src/smart_robot) by extension 'ros'
[0.477s] DEBUG:colcon.colcon_core.package_identification:Package 'src/smart_robot' with type 'ros.ament_python' and name 'smart_robot'
[0.477s] Level 1:colcon.colcon_core.package_discovery:discover_packages(recursive) using defaults
[0.477s] Level 1:colcon.colcon_core.package_discovery:discover_packages(ignore) discover
[0.477s] Level 1:colcon.colcon_core.package_discovery:discover_packages(ignore) using defaults
[0.477s] Level 1:colcon.colcon_core.package_discovery:discover_packages(path) discover
[0.477s] Level 1:colcon.colcon_core.package_discovery:discover_packages(path) using defaults
[0.510s] Level 1:colcon.colcon_core.package_discovery:discover_packages(prefix_path) check parameters
[0.510s] Level 1:colcon.colcon_core.package_discovery:discover_packages(prefix_path) discover
[0.514s] DEBUG:colcon.colcon_installed_package_information.package_discovery:Found 3 installed packages in /home/shubham/ros2_ws/install
[0.516s] DEBUG:colcon.colcon_installed_package_information.package_discovery:Found 286 installed packages in /opt/ros/jazzy
[0.519s] Level 1:colcon.colcon_core.package_discovery:discover_packages(prefix_path) using defaults
[0.600s] Level 5:colcon.colcon_core.verb:set package 'my_py_pkg' build argument 'cmake_args' from command line to 'None'
[0.600s] Level 5:colcon.colcon_core.verb:set package 'my_py_pkg' build argument 'cmake_target' from command line to 'None'
[0.600s] Level 5:colcon.colcon_core.verb:set package 'my_py_pkg' build argument 'cmake_target_skip_unavailable' from command line to 'False'
[0.600s] Level 5:colcon.colcon_core.verb:set package 'my_py_pkg' build argument 'cmake_clean_cache' from command line to 'False'
[0.600s] Level 5:colcon.colcon_core.verb:set package 'my_py_pkg' build argument 'cmake_clean_first' from command line to 'False'
[0.600s] Level 5:colcon.colcon_core.verb:set package 'my_py_pkg' build argument 'cmake_force_configure' from command line to 'False'
[0.600s] Level 5:colcon.colcon_core.verb:set package 'my_py_pkg' build argument 'ament_cmake_args' from command line to 'None'
[0.600s] Level 5:colcon.colcon_core.verb:set package 'my_py_pkg' build argument 'catkin_cmake_args' from command line to 'None'
[0.600s] Level 5:colcon.colcon_core.verb:set package 'my_py_pkg' build argument 'catkin_skip_building_tests' from command line to 'False'
[0.600s] DEBUG:colcon.colcon_core.verb:Building package 'my_py_pkg' with the following arguments: {'ament_cmake_args': None, 'build_base': '/home/shubham/ros2_ws/build/my_py_pkg', 'catkin_cmake_args': None, 'catkin_skip_building_tests': False, 'cmake_args': None, 'cmake_clean_cache': False, 'cmake_clean_first': False, 'cmake_force_configure': False, 'cmake_target': None, 'cmake_target_skip_unavailable': False, 'install_base': '/home/shubham/ros2_ws/install/my_py_pkg', 'merge_install': False, 'path': '/home/shubham/ros2_ws/src/my_py_pkg', 'symlink_install': False, 'test_result_base': None}
[0.601s] Level 5:colcon.colcon_core.verb:set package 'my_robot_interfaces' build argument 'cmake_args' from command line to 'None'
[0.601s] Level 5:colcon.colcon_core.verb:set package 'my_robot_interfaces' build argument 'cmake_target' from command line to 'None'
[0.601s] Level 5:colcon.colcon_core.verb:set package 'my_robot_interfaces' build argument 'cmake_target_skip_unavailable' from command line to 'False'
[0.601s] Level 5:colcon.colcon_core.verb:set package 'my_robot_interfaces' build argument 'cmake_clean_cache' from command line to 'False'
[0.601s] Level 5:colcon.colcon_core.verb:set package 'my_robot_interfaces' build argument 'cmake_clean_first' from command line to 'False'
[0.601s] Level 5:colcon.colcon_core.verb:set package 'my_robot_interfaces' build argument 'cmake_force_configure' from command line to 'False'
[0.601s] Level 5:colcon.colcon_core.verb:set package 'my_robot_interfaces' build argument 'ament_cmake_args' from command line to 'None'
[0.601s] Level 5:colcon.colcon_core.verb:set package 'my_robot_interfaces' build argument 'catkin_cmake_args' from command line to 'None'
[0.601s] Level 5:colcon.colcon_core.verb:set package 'my_robot_interfaces' build argument 'catkin_skip_building_tests' from command line to 'False'
[0.602s] DEBUG:colcon.colcon_core.verb:Building package 'my_robot_interfaces' with the following arguments: {'ament_cmake_args': None, 'build_base': '/home/shubham/ros2_ws/build/my_robot_interfaces', 'catkin_cmake_args': None, 'catkin_skip_building_tests': False, 'cmake_args': None, 'cmake_clean_cache': False, 'cmake_clean_first': False, 'cmake_force_configure': False, 'cmake_target': None, 'cmake_target_skip_unavailable': False, 'install_base': '/home/shubham/ros2_ws/install/my_robot_interfaces', 'merge_install': False, 'path': '/home/shubham/ros2_ws/src/my_robot_interfaces', 'symlink_install': False, 'test_result_base': None}
[0.602s] Level 5:colcon.colcon_core.verb:set package 'smart_robot' build argument 'cmake_args' from command line to 'None'
[0.602s] Level 5:colcon.colcon_core.verb:set package 'smart_robot' build argument 'cmake_target' from command line to 'None'
[0.602s] Level 5:colcon.colcon_core.verb:set package 'smart_robot' build argument 'cmake_target_skip_unavailable' from command line to 'False'
[0.602s] Level 5:colcon.colcon_core.verb:set package 'smart_robot' build argument 'cmake_clean_cache' from command line to 'False'
[0.602s] Level 5:colcon.colcon_core.verb:set package 'smart_robot' build argument 'cmake_clean_first' from command line to 'False'
[0.602s] Level 5:colcon.colcon_core.verb:set package 'smart_robot' build argument 'cmake_force_configure' from command line to 'False'
[0.602s] Level 5:colcon.colcon_core.verb:set package 'smart_robot' build argument 'ament_cmake_args' from command line to 'None'
[0.602s] Level 5:colcon.colcon_core.verb:set package 'smart_robot' build argument 'catkin_cmake_args' from command line to 'None'
[0.602s] Level 5:colcon.colcon_core.verb:set package 'smart_robot' build argument 'catkin_skip_building_tests' from command line to 'False'
[0.602s] DEBUG:colcon.colcon_core.verb:Building package 'smart_robot' with the following arguments: {'ament_cmake_args': None, 'build_base': '/home/shubham/ros2_ws/build/smart_robot', 'catkin_cmake_args': None, 'catkin_skip_building_tests': False, 'cmake_args': None, 'cmake_clean_cache': False, 'cmake_clean_first': False, 'cmake_force_configure': False, 'cmake_target': None, 'cmake_target_skip_unavailable': False, 'install_base': '/home/shubham/ros2_ws/install/smart_robot', 'merge_install': False, 'path': '/home/shubham/ros2_ws/src/smart_robot', 'symlink_install': False, 'test_result_base': None}
[0.602s] INFO:colcon.colcon_core.executor:Executing jobs using 'parallel' executor
[0.604s] DEBUG:colcon.colcon_parallel_executor.executor.parallel:run_until_complete
[0.604s] INFO:colcon.colcon_ros.task.ament_python.build:Building ROS package in '/home/shubham/ros2_ws/src/my_py_pkg' with build type 'ament_python'
[0.605s] Level 1:colcon.colcon_core.shell:create_environment_hook('my_py_pkg', 'ament_prefix_path')
[0.608s] INFO:colcon.colcon_core.plugin_system:Skipping extension 'colcon_core.shell.bat': Not used on non-Windows systems
[0.609s] INFO:colcon.colcon_core.shell:Creating environment hook '/home/shubham/ros2_ws/install/my_py_pkg/share/my_py_pkg/hook/ament_prefix_path.ps1'
[0.610s] INFO:colcon.colcon_core.shell:Creating environment descriptor '/home/shubham/ros2_ws/install/my_py_pkg/share/my_py_pkg/hook/ament_prefix_path.dsv'
[0.611s] INFO:colcon.colcon_core.shell:Creating environment hook '/home/shubham/ros2_ws/install/my_py_pkg/share/my_py_pkg/hook/ament_prefix_path.sh'
[0.612s] INFO:colcon.colcon_core.shell:Skip shell extension 'powershell' for command environment: Not usable outside of PowerShell
[0.612s] DEBUG:colcon.colcon_core.shell:Skip shell extension 'dsv' for command environment
[0.619s] INFO:colcon.colcon_ros.task.ament_cmake.build:Building ROS package in '/home/shubham/ros2_ws/src/my_robot_interfaces' with build type 'ament_cmake'
[0.619s] INFO:colcon.colcon_cmake.task.cmake.build:Building CMake package in '/home/shubham/ros2_ws/src/my_robot_interfaces'
[0.620s] INFO:colcon.colcon_core.shell:Skip shell extension 'powershell' for command environment: Not usable outside of PowerShell
[0.620s] DEBUG:colcon.colcon_core.shell:Skip shell extension 'dsv' for command environment
[0.626s] INFO:colcon.colcon_ros.task.ament_python.build:Building ROS package in '/home/shubham/ros2_ws/src/smart_robot' with build type 'ament_python'
[0.627s] Level 1:colcon.colcon_core.shell:create_environment_hook('smart_robot', 'ament_prefix_path')
[0.627s] INFO:colcon.colcon_core.shell:Creating environment hook '/home/shubham/ros2_ws/install/smart_robot/share/smart_robot/hook/ament_prefix_path.ps1'
[0.628s] INFO:colcon.colcon_core.shell:Creating environment descriptor '/home/shubham/ros2_ws/install/smart_robot/share/smart_robot/hook/ament_prefix_path.dsv'
[0.629s] INFO:colcon.colcon_core.shell:Creating environment hook '/home/shubham/ros2_ws/install/smart_robot/share/smart_robot/hook/ament_prefix_path.sh'
[0.630s] INFO:colcon.colcon_core.shell:Skip shell extension 'powershell' for command environment: Not usable outside of PowerShell
[0.630s] DEBUG:colcon.colcon_core.shell:Skip shell extension 'dsv' for command environment
[1.074s] INFO:colcon.colcon_core.task.python.build:Building Python package in '/home/shubham/ros2_ws/src/my_py_pkg'
[1.074s] INFO:colcon.colcon_core.shell:Skip shell extension 'powershell' for command environment: Not usable outside of PowerShell
[1.074s] DEBUG:colcon.colcon_core.shell:Skip shell extension 'dsv' for command environment
[1.085s] DEBUG:colcon.colcon_core.event_handler.log_command:Invoking command in '/home/shubham/ros2_ws/build/my_robot_interfaces': CMAKE_PREFIX_PATH=${CMAKE_PREFIX_PATH}:/home/shubham/ros2_ws/install/smart_robot:/home/shubham/ros2_ws/install/my_py_pkg:/opt/ros/jazzy DEBUGINFOD_URLS=https://debuginfod.ubuntu.com /usr/bin/cmake --build /home/shubham/ros2_ws/build/my_robot_interfaces -- -j4 -l4
[1.500s] INFO:colcon.colcon_core.task.python.build:Building Python package in '/home/shubham/ros2_ws/src/smart_robot'
[1.501s] INFO:colcon.colcon_core.shell:Skip shell extension 'powershell' for command environment: Not usable outside of PowerShell
[1.501s] DEBUG:colcon.colcon_core.shell:Skip shell extension 'dsv' for command environment
[2.642s] DEBUG:colcon.colcon_core.event_handler.log_command:Invoking command in '/home/shubham/ros2_ws/src/my_py_pkg': DEBUGINFOD_URLS=https://debuginfod.ubuntu.com PYTHONPATH=/home/shubham/ros2_ws/build/my_py_pkg/prefix_override:/usr/lib/python3/dist-packages/colcon_core/task/python/colcon_distutils_commands:/home/shubham/ros2_ws/install/my_py_pkg/lib/python3.12/site-packages:${PYTHONPATH} /usr/bin/python3 -W ignore:setup.py install is deprecated -W ignore:easy_install command is deprecated setup.py egg_info --egg-base ../../build/my_py_pkg build --build-base /home/shubham/ros2_ws/build/my_py_pkg/build install --record /home/shubham/ros2_ws/build/my_py_pkg/install.log --single-version-externally-managed install_data
[2.701s] DEBUG:colcon.colcon_core.event_handler.log_command:Invoking command in '/home/shubham/ros2_ws/src/smart_robot': DEBUGINFOD_URLS=https://debuginfod.ubuntu.com PYTHONPATH=/home/shubham/ros2_ws/build/smart_robot/prefix_override:/usr/lib/python3/dist-packages/colcon_core/task/python/colcon_distutils_commands:/home/shubham/ros2_ws/install/smart_robot/lib/python3.12/site-packages:${PYTHONPATH} /usr/bin/python3 -W ignore:setup.py install is deprecated -W ignore:easy_install command is deprecated setup.py egg_info --egg-base ../../build/smart_robot build --build-base /home/shubham/ros2_ws/build/smart_robot/build install --record /home/shubham/ros2_ws/build/smart_robot/install.log --single-version-externally-managed install_data
[3.805s] DEBUG:colcon.colcon_core.event_handler.log_command:Invoked command in '/home/shubham/ros2_ws/src/my_py_pkg' returned '0': DEBUGINFOD_URLS=https://debuginfod.ubuntu.com PYTHONPATH=/home/shubham/ros2_ws/build/my_py_pkg/prefix_override:/usr/lib/python3/dist-packages/colcon_core/task/python/colcon_distutils_commands:/home/shubham/ros2_ws/install/my_py_pkg/lib/python3.12/site-packages:${PYTHONPATH} /usr/bin/python3 -W ignore:setup.py install is deprecated -W ignore:easy_install command is deprecated setup.py egg_info --egg-base ../../build/my_py_pkg build --build-base /home/shubham/ros2_ws/build/my_py_pkg/build install --record /home/shubham/ros2_ws/build/my_py_pkg/install.log --single-version-externally-managed install_data
[3.809s] Level 1:colcon.colcon_core.environment:checking '/home/shubham/ros2_ws/install/my_py_pkg' for CMake module files
[3.810s] Level 1:colcon.colcon_core.environment:checking '/home/shubham/ros2_ws/install/my_py_pkg' for CMake config files
[3.811s] Level 1:colcon.colcon_core.environment:checking '/home/shubham/ros2_ws/install/my_py_pkg/lib'
[3.812s] Level 1:colcon.colcon_core.environment:checking '/home/shubham/ros2_ws/install/my_py_pkg/bin'
[3.812s] Level 1:colcon.colcon_core.environment:checking '/home/shubham/ros2_ws/install/my_py_pkg/lib/pkgconfig/my_py_pkg.pc'
[3.812s] Level 1:colcon.colcon_core.environment:checking '/home/shubham/ros2_ws/install/my_py_pkg/lib/python3.12/site-packages'
[3.813s] Level 1:colcon.colcon_core.shell:create_environment_hook('my_py_pkg', 'pythonpath')
[3.813s] INFO:colcon.colcon_core.shell:Creating environment hook '/home/shubham/ros2_ws/install/my_py_pkg/share/my_py_pkg/hook/pythonpath.ps1'
[3.814s] INFO:colcon.colcon_core.shell:Creating environment descriptor '/home/shubham/ros2_ws/install/my_py_pkg/share/my_py_pkg/hook/pythonpath.dsv'
[3.815s] INFO:colcon.colcon_core.shell:Creating environment hook '/home/shubham/ros2_ws/install/my_py_pkg/share/my_py_pkg/hook/pythonpath.sh'
[3.816s] Level 1:colcon.colcon_core.environment:checking '/home/shubham/ros2_ws/install/my_py_pkg/bin'
[3.817s] Level 1:colcon.colcon_core.environment:create_environment_scripts_only(my_py_pkg)
[3.817s] INFO:colcon.colcon_core.shell:Creating package script '/home/shubham/ros2_ws/install/my_py_pkg/share/my_py_pkg/package.ps1'
[3.819s] INFO:colcon.colcon_core.shell:Creating package descriptor '/home/shubham/ros2_ws/install/my_py_pkg/share/my_py_pkg/package.dsv'
[3.820s] INFO:colcon.colcon_core.shell:Creating package script '/home/shubham/ros2_ws/install/my_py_pkg/share/my_py_pkg/package.sh'
[3.820s] INFO:colcon.colcon_core.shell:Creating package script '/home/shubham/ros2_ws/install/my_py_pkg/share/my_py_pkg/package.bash'
[3.822s] INFO:colcon.colcon_core.shell:Creating package script '/home/shubham/ros2_ws/install/my_py_pkg/share/my_py_pkg/package.zsh'
[3.823s] Level 1:colcon.colcon_core.environment:create_file_with_runtime_dependencies(/home/shubham/ros2_ws/install/my_py_pkg/share/colcon-core/packages/my_py_pkg)
[3.885s] Level 1:colcon.colcon_core.environment:checking '/home/shubham/ros2_ws/install/smart_robot' for CMake module files
[3.886s] Level 1:colcon.colcon_core.environment:checking '/home/shubham/ros2_ws/install/smart_robot' for CMake config files
[3.887s] DEBUG:colcon.colcon_core.event_handler.log_command:Invoked command in '/home/shubham/ros2_ws/src/smart_robot' returned '0': DEBUGINFOD_URLS=https://debuginfod.ubuntu.com PYTHONPATH=/home/shubham/ros2_ws/build/smart_robot/prefix_override:/usr/lib/python3/dist-packages/colcon_core/task/python/colcon_distutils_commands:/home/shubham/ros2_ws/install/smart_robot/lib/python3.12/site-packages:${PYTHONPATH} /usr/bin/python3 -W ignore:setup.py install is deprecated -W ignore:easy_install command is deprecated setup.py egg_info --egg-base ../../build/smart_robot build --build-base /home/shubham/ros2_ws/build/smart_robot/build install --record /home/shubham/ros2_ws/build/smart_robot/install.log --single-version-externally-managed install_data
[3.888s] Level 1:colcon.colcon_core.environment:checking '/home/shubham/ros2_ws/install/smart_robot/lib'
[3.889s] Level 1:colcon.colcon_core.environment:checking '/home/shubham/ros2_ws/install/smart_robot/bin'
[3.889s] Level 1:colcon.colcon_core.environment:checking '/home/shubham/ros2_ws/install/smart_robot/lib/pkgconfig/smart_robot.pc'
[3.889s] Level 1:colcon.colcon_core.environment:checking '/home/shubham/ros2_ws/install/smart_robot/lib/python3.12/site-packages'
[3.890s] Level 1:colcon.colcon_core.shell:create_environment_hook('smart_robot', 'pythonpath')
[3.891s] INFO:colcon.colcon_core.shell:Creating environment hook '/home/shubham/ros2_ws/install/smart_robot/share/smart_robot/hook/pythonpath.ps1'
[3.891s] INFO:colcon.colcon_core.shell:Creating environment descriptor '/home/shubham/ros2_ws/install/smart_robot/share/smart_robot/hook/pythonpath.dsv'
[3.892s] INFO:colcon.colcon_core.shell:Creating environment hook '/home/shubham/ros2_ws/install/smart_robot/share/smart_robot/hook/pythonpath.sh'
[3.894s] Level 1:colcon.colcon_core.environment:checking '/home/shubham/ros2_ws/install/smart_robot/bin'
[3.894s] Level 1:colcon.colcon_core.environment:create_environment_scripts_only(smart_robot)
[3.894s] INFO:colcon.colcon_core.shell:Creating package script '/home/shubham/ros2_ws/install/smart_robot/share/smart_robot/package.ps1'
[3.895s] INFO:colcon.colcon_core.shell:Creating package descriptor '/home/shubham/ros2_ws/install/smart_robot/share/smart_robot/package.dsv'
[3.896s] INFO:colcon.colcon_core.shell:Creating package script '/home/shubham/ros2_ws/install/smart_robot/share/smart_robot/package.sh'
[3.897s] INFO:colcon.colcon_core.shell:Creating package script '/home/shubham/ros2_ws/install/smart_robot/share/smart_robot/package.bash'
[3.898s] INFO:colcon.colcon_core.shell:Creating package script '/home/shubham/ros2_ws/install/smart_robot/share/smart_robot/package.zsh'
[3.899s] Level 1:colcon.colcon_core.environment:create_file_with_runtime_dependencies(/home/shubham/ros2_ws/install/smart_robot/share/colcon-core/packages/smart_robot)
[11.471s] DEBUG:colcon.colcon_core.event_handler.log_command:Invoked command in '/home/shubham/ros2_ws/build/my_robot_interfaces' returned '0': CMAKE_PREFIX_PATH=${CMAKE_PREFIX_PATH}:/home/shubham/ros2_ws/install/smart_robot:/home/shubham/ros2_ws/install/my_py_pkg:/opt/ros/jazzy DEBUGINFOD_URLS=https://debuginfod.ubuntu.com /usr/bin/cmake --build /home/shubham/ros2_ws/build/my_robot_interfaces -- -j4 -l4
[11.487s] DEBUG:colcon.colcon_core.event_handler.log_command:Invoking command in '/home/shubham/ros2_ws/build/my_robot_interfaces': CMAKE_PREFIX_PATH=${CMAKE_PREFIX_PATH}:/home/shubham/ros2_ws/install/smart_robot:/home/shubham/ros2_ws/install/my_py_pkg:/opt/ros/jazzy DEBUGINFOD_URLS=https://debuginfod.ubuntu.com /usr/bin/cmake --install /home/shubham/ros2_ws/build/my_robot_interfaces
[11.648s] Level 1:colcon.colcon_core.environment:create_environment_scripts_only(my_robot_interfaces)
[11.648s] Level 1:colcon.colcon_core.environment:checking '/home/shubham/ros2_ws/install/my_robot_interfaces' for CMake module files
[11.649s] DEBUG:colcon.colcon_core.event_handler.log_command:Invoked command in '/home/shubham/ros2_ws/build/my_robot_interfaces' returned '0': CMAKE_PREFIX_PATH=${CMAKE_PREFIX_PATH}:/home/shubham/ros2_ws/install/smart_robot:/home/shubham/ros2_ws/install/my_py_pkg:/opt/ros/jazzy DEBUGINFOD_URLS=https://debuginfod.ubuntu.com /usr/bin/cmake --install /home/shubham/ros2_ws/build/my_robot_interfaces
[11.650s] Level 1:colcon.colcon_core.environment:checking '/home/shubham/ros2_ws/install/my_robot_interfaces' for CMake config files
[11.651s] Level 1:colcon.colcon_core.shell:create_environment_hook('my_robot_interfaces', 'cmake_prefix_path')
[11.651s] INFO:colcon.colcon_core.shell:Creating environment hook '/home/shubham/ros2_ws/install/my_robot_interfaces/share/my_robot_interfaces/hook/cmake_prefix_path.ps1'
[11.652s] INFO:colcon.colcon_core.shell:Creating environment descriptor '/home/shubham/ros2_ws/install/my_robot_interfaces/share/my_robot_interfaces/hook/cmake_prefix_path.dsv'
[11.653s] INFO:colcon.colcon_core.shell:Creating environment hook '/home/shubham/ros2_ws/install/my_robot_interfaces/share/my_robot_interfaces/hook/cmake_prefix_path.sh'
[11.653s] Level 1:colcon.colcon_core.environment:checking '/home/shubham/ros2_ws/install/my_robot_interfaces/lib'
[11.654s] Level 1:colcon.colcon_core.shell:create_environment_hook('my_robot_interfaces', 'ld_library_path_lib')
[11.654s] INFO:colcon.colcon_core.shell:Creating environment hook '/home/shubham/ros2_ws/install/my_robot_interfaces/share/my_robot_interfaces/hook/ld_library_path_lib.ps1'
[11.654s] INFO:colcon.colcon_core.shell:Creating environment descriptor '/home/shubham/ros2_ws/install/my_robot_interfaces/share/my_robot_interfaces/hook/ld_library_path_lib.dsv'
[11.655s] INFO:colcon.colcon_core.shell:Creating environment hook '/home/shubham/ros2_ws/install/my_robot_interfaces/share/my_robot_interfaces/hook/ld_library_path_lib.sh'
[11.655s] Level 1:colcon.colcon_core.environment:checking '/home/shubham/ros2_ws/install/my_robot_interfaces/bin'
[11.656s] Level 1:colcon.colcon_core.environment:checking '/home/shubham/ros2_ws/install/my_robot_interfaces/lib/pkgconfig/my_robot_interfaces.pc'
[11.656s] Level 1:colcon.colcon_core.environment:checking '/home/shubham/ros2_ws/install/my_robot_interfaces/lib/python3.12/site-packages'
[11.656s] Level 1:colcon.colcon_core.shell:create_environment_hook('my_robot_interfaces', 'pythonpath')
[11.657s] INFO:colcon.colcon_core.shell:Creating environment hook '/home/shubham/ros2_ws/install/my_robot_interfaces/share/my_robot_interfaces/hook/pythonpath.ps1'
[11.657s] INFO:colcon.colcon_core.shell:Creating environment descriptor '/home/shubham/ros2_ws/install/my_robot_interfaces/share/my_robot_interfaces/hook/pythonpath.dsv'
[11.658s] INFO:colcon.colcon_core.shell:Creating environment hook '/home/shubham/ros2_ws/install/my_robot_interfaces/share/my_robot_interfaces/hook/pythonpath.sh'
[11.659s] Level 1:colcon.colcon_core.environment:checking '/home/shubham/ros2_ws/install/my_robot_interfaces/bin'
[11.660s] INFO:colcon.colcon_core.shell:Creating package script '/home/shubham/ros2_ws/install/my_robot_interfaces/share/my_robot_interfaces/package.ps1'
[11.660s] INFO:colcon.colcon_core.shell:Creating package descriptor '/home/shubham/ros2_ws/install/my_robot_interfaces/share/my_robot_interfaces/package.dsv'
[11.661s] INFO:colcon.colcon_core.shell:Creating package script '/home/shubham/ros2_ws/install/my_robot_interfaces/share/my_robot_interfaces/package.sh'
[11.662s] INFO:colcon.colcon_core.shell:Creating package script '/home/shubham/ros2_ws/install/my_robot_interfaces/share/my_robot_interfaces/package.bash'
[11.663s] INFO:colcon.colcon_core.shell:Creating package script '/home/shubham/ros2_ws/install/my_robot_interfaces/share/my_robot_interfaces/package.zsh'
[11.664s] Level 1:colcon.colcon_core.environment:create_file_with_runtime_dependencies(/home/shubham/ros2_ws/install/my_robot_interfaces/share/colcon-core/packages/my_robot_interfaces)
[11.665s] Level 1:colcon.colcon_core.environment:create_environment_scripts_only(my_robot_interfaces)
[11.665s] Level 1:colcon.colcon_core.environment:checking '/home/shubham/ros2_ws/install/my_robot_interfaces' for CMake module files
[11.666s] Level 1:colcon.colcon_core.environment:checking '/home/shubham/ros2_ws/install/my_robot_interfaces' for CMake config files
[11.667s] Level 1:colcon.colcon_core.shell:create_environment_hook('my_robot_interfaces', 'cmake_prefix_path')
[11.668s] INFO:colcon.colcon_core.shell:Creating environment hook '/home/shubham/ros2_ws/install/my_robot_interfaces/share/my_robot_interfaces/hook/cmake_prefix_path.ps1'
[11.669s] INFO:colcon.colcon_core.shell:Creating environment descriptor '/home/shubham/ros2_ws/install/my_robot_interfaces/share/my_robot_interfaces/hook/cmake_prefix_path.dsv'
[11.669s] INFO:colcon.colcon_core.shell:Creating environment hook '/home/shubham/ros2_ws/install/my_robot_interfaces/share/my_robot_interfaces/hook/cmake_prefix_path.sh'
[11.670s] Level 1:colcon.colcon_core.environment:checking '/home/shubham/ros2_ws/install/my_robot_interfaces/lib'
[11.670s] Level 1:colcon.colcon_core.shell:create_environment_hook('my_robot_interfaces', 'ld_library_path_lib')
[11.671s] INFO:colcon.colcon_core.shell:Creating environment hook '/home/shubham/ros2_ws/install/my_robot_interfaces/share/my_robot_interfaces/hook/ld_library_path_lib.ps1'
[11.671s] INFO:colcon.colcon_core.shell:Creating environment descriptor '/home/shubham/ros2_ws/install/my_robot_interfaces/share/my_robot_interfaces/hook/ld_library_path_lib.dsv'
[11.672s] INFO:colcon.colcon_core.shell:Creating environment hook '/home/shubham/ros2_ws/install/my_robot_interfaces/share/my_robot_interfaces/hook/ld_library_path_lib.sh'
[11.672s] Level 1:colcon.colcon_core.environment:checking '/home/shubham/ros2_ws/install/my_robot_interfaces/bin'
[11.673s] Level 1:colcon.colcon_core.environment:checking '/home/shubham/ros2_ws/install/my_robot_interfaces/lib/pkgconfig/my_robot_interfaces.pc'
[11.673s] Level 1:colcon.colcon_core.environment:checking '/home/shubham/ros2_ws/install/my_robot_interfaces/lib/python3.12/site-packages'
[11.673s] Level 1:colcon.colcon_core.shell:create_environment_hook('my_robot_interfaces', 'pythonpath')
[11.673s] INFO:colcon.colcon_core.shell:Creating environment hook '/home/shubham/ros2_ws/install/my_robot_interfaces/share/my_robot_interfaces/hook/pythonpath.ps1'
[11.674s] INFO:colcon.colcon_core.shell:Creating environment descriptor '/home/shubham/ros2_ws/install/my_robot_interfaces/share/my_robot_interfaces/hook/pythonpath.dsv'
[11.675s] INFO:colcon.colcon_core.shell:Creating environment hook '/home/shubham/ros2_ws/install/my_robot_interfaces/share/my_robot_interfaces/hook/pythonpath.sh'
[11.676s] Level 1:colcon.colcon_core.environment:checking '/home/shubham/ros2_ws/install/my_robot_interfaces/bin'
[11.676s] INFO:colcon.colcon_core.shell:Creating package script '/home/shubham/ros2_ws/install/my_robot_interfaces/share/my_robot_interfaces/package.ps1'
[11.677s] INFO:colcon.colcon_core.shell:Creating package descriptor '/home/shubham/ros2_ws/install/my_robot_interfaces/share/my_robot_interfaces/package.dsv'
[11.678s] INFO:colcon.colcon_core.shell:Creating package script '/home/shubham/ros2_ws/install/my_robot_interfaces/share/my_robot_interfaces/package.sh'
[11.679s] INFO:colcon.colcon_core.shell:Creating package script '/home/shubham/ros2_ws/install/my_robot_interfaces/share/my_robot_interfaces/package.bash'
[11.680s] INFO:colcon.colcon_core.shell:Creating package script '/home/shubham/ros2_ws/install/my_robot_interfaces/share/my_robot_interfaces/package.zsh'
[11.680s] Level 1:colcon.colcon_core.environment:create_file_with_runtime_dependencies(/home/shubham/ros2_ws/install/my_robot_interfaces/share/colcon-core/packages/my_robot_interfaces)
[11.681s] DEBUG:colcon.colcon_parallel_executor.executor.parallel:closing loop
[11.681s] DEBUG:colcon.colcon_parallel_executor.executor.parallel:loop closed
[11.681s] DEBUG:colcon.colcon_parallel_executor.executor.parallel:run_until_complete finished with '0'
[11.681s] DEBUG:colcon.colcon_core.event_reactor:joining thread
[11.690s] INFO:colcon.colcon_core.plugin_system:Skipping extension 'colcon_notification.desktop_notification.terminal_notifier': Not used on non-Darwin systems
[11.691s] INFO:colcon.colcon_core.plugin_system:Skipping extension 'colcon_notification.desktop_notification.win32': Not used on non-Windows systems
[11.691s] INFO:colcon.colcon_notification.desktop_notification:Sending desktop notification using 'notify2'
[11.715s] DEBUG:colcon.colcon_core.event_reactor:joined thread
[11.718s] INFO:colcon.colcon_core.shell:Creating prefix script '/home/shubham/ros2_ws/install/local_setup.ps1'
[11.721s] INFO:colcon.colcon_core.shell:Creating prefix util module '/home/shubham/ros2_ws/install/_local_setup_util_ps1.py'
[11.726s] INFO:colcon.colcon_core.shell:Creating prefix chain script '/home/shubham/ros2_ws/install/setup.ps1'
[11.731s] INFO:colcon.colcon_core.shell:Creating prefix script '/home/shubham/ros2_ws/install/local_setup.sh'
[11.735s] INFO:colcon.colcon_core.shell:Creating prefix util module '/home/shubham/ros2_ws/install/_local_setup_util_sh.py'
[11.741s] INFO:colcon.colcon_core.shell:Creating prefix chain script '/home/shubham/ros2_ws/install/setup.sh'
[11.746s] INFO:colcon.colcon_core.shell:Creating prefix script '/home/shubham/ros2_ws/install/local_setup.bash'
[11.747s] INFO:colcon.colcon_core.shell:Creating prefix chain script '/home/shubham/ros2_ws/install/setup.bash'
[11.751s] INFO:colcon.colcon_core.shell:Creating prefix script '/home/shubham/ros2_ws/install/local_setup.zsh'
[11.754s] INFO:colcon.colcon_core.shell:Creating prefix chain script '/home/shubham/ros2_ws/install/setup.zsh'
