[1.253s] Invoking command in '/home/shubham/ros2_ws/src/my_py_pkg': DEBUGINFOD_URLS=https://debuginfod.ubuntu.com PYTHONPATH=/home/shubham/ros2_ws/build/my_py_pkg/prefix_override:/usr/lib/python3/dist-packages/colcon_core/task/python/colcon_distutils_commands:/home/shubham/ros2_ws/install/my_py_pkg/lib/python3.12/site-packages:${PYTHONPATH} /usr/bin/python3 -W ignore:setup.py install is deprecated -W ignore:easy_install command is deprecated setup.py egg_info --egg-base ../../build/my_py_pkg build --build-base /home/shubham/ros2_ws/build/my_py_pkg/build install --record /home/shubham/ros2_ws/build/my_py_pkg/install.log --single-version-externally-managed install_data
[1.631s] running egg_info
[1.659s] writing ../../build/my_py_pkg/my_py_pkg.egg-info/PKG-INFO
[1.660s] writing dependency_links to ../../build/my_py_pkg/my_py_pkg.egg-info/dependency_links.txt
[1.660s] writing entry points to ../../build/my_py_pkg/my_py_pkg.egg-info/entry_points.txt
[1.660s] writing requirements to ../../build/my_py_pkg/my_py_pkg.egg-info/requires.txt
[1.660s] writing top-level names to ../../build/my_py_pkg/my_py_pkg.egg-info/top_level.txt
[1.716s] reading manifest file '../../build/my_py_pkg/my_py_pkg.egg-info/SOURCES.txt'
[1.717s] writing manifest file '../../build/my_py_pkg/my_py_pkg.egg-info/SOURCES.txt'
[1.717s] running build
[1.718s] running build_py
[1.718s] copying my_py_pkg/compute_service.py -> /home/shubham/ros2_ws/build/my_py_pkg/build/lib/my_py_pkg
[1.719s] running install
[1.727s] running install_lib
[1.757s] copying /home/shubham/ros2_ws/build/my_py_pkg/build/lib/my_py_pkg/compute_service.py -> /home/shubham/ros2_ws/install/my_py_pkg/lib/python3.12/site-packages/my_py_pkg
[1.758s] byte-compiling /home/shubham/ros2_ws/install/my_py_pkg/lib/python3.12/site-packages/my_py_pkg/compute_service.py to compute_service.cpython-312.pyc
[1.759s] running install_data
[1.759s] running install_egg_info
[1.789s] removing '/home/shubham/ros2_ws/install/my_py_pkg/lib/python3.12/site-packages/my_py_pkg-0.0.0-py3.12.egg-info' (and everything under it)
[1.789s] Copying ../../build/my_py_pkg/my_py_pkg.egg-info to /home/shubham/ros2_ws/install/my_py_pkg/lib/python3.12/site-packages/my_py_pkg-0.0.0-py3.12.egg-info
[1.791s] running install_scripts
[1.984s] Installing add_two_ints_server script to /home/shubham/ros2_ws/install/my_py_pkg/lib/my_py_pkg
[1.984s] Installing command_publisher script to /home/shubham/ros2_ws/install/my_py_pkg/lib/my_py_pkg
[1.985s] Installing command_subscriber script to /home/shubham/ros2_ws/install/my_py_pkg/lib/my_py_pkg
[1.985s] Installing compute_service script to /home/shubham/ros2_ws/install/my_py_pkg/lib/my_py_pkg
[1.985s] Installing my_first_node script to /home/shubham/ros2_ws/install/my_py_pkg/lib/my_py_pkg
[1.985s] Installing param_node script to /home/shubham/ros2_ws/install/my_py_pkg/lib/my_py_pkg
[1.985s] Installing publisher_node script to /home/shubham/ros2_ws/install/my_py_pkg/lib/my_py_pkg
[1.986s] Installing smart_controller script to /home/shubham/ros2_ws/install/my_py_pkg/lib/my_py_pkg
[1.986s] Installing subscriber_node script to /home/shubham/ros2_ws/install/my_py_pkg/lib/my_py_pkg
[1.986s] Installing turtle_controller script to /home/shubham/ros2_ws/install/my_py_pkg/lib/my_py_pkg
[1.986s] writing list of installed files to '/home/shubham/ros2_ws/build/my_py_pkg/install.log'
[2.023s] Invoked command in '/home/shubham/ros2_ws/src/my_py_pkg' returned '0': DEBUGINFOD_URLS=https://debuginfod.ubuntu.com PYTHONPATH=/home/shubham/ros2_ws/build/my_py_pkg/prefix_override:/usr/lib/python3/dist-packages/colcon_core/task/python/colcon_distutils_commands:/home/shubham/ros2_ws/install/my_py_pkg/lib/python3.12/site-packages:${PYTHONPATH} /usr/bin/python3 -W ignore:setup.py install is deprecated -W ignore:easy_install command is deprecated setup.py egg_info --egg-base ../../build/my_py_pkg build --build-base /home/shubham/ros2_ws/build/my_py_pkg/build install --record /home/shubham/ros2_ws/build/my_py_pkg/install.log --single-version-externally-managed install_data
