[1.126s] Invoking command in '/home/shubham/ros2_ws/src/my_py_pkg': DEBUGINFOD_URLS=https://debuginfod.ubuntu.com PYTHONPATH=/home/shubham/ros2_ws/build/my_py_pkg/prefix_override:/usr/lib/python3/dist-packages/colcon_core/task/python/colcon_distutils_commands:/home/shubham/ros2_ws/install/my_py_pkg/lib/python3.12/site-packages:${PYTHONPATH} /usr/bin/python3 -W ignore:setup.py install is deprecated -W ignore:easy_install command is deprecated setup.py egg_info --egg-base ../../build/my_py_pkg build --build-base /home/shubham/ros2_ws/build/my_py_pkg/build install --record /home/shubham/ros2_ws/build/my_py_pkg/install.log --single-version-externally-managed install_data
[1.497s] running egg_info
[1.497s] creating ../../build/my_py_pkg/my_py_pkg.egg-info
[1.526s] writing ../../build/my_py_pkg/my_py_pkg.egg-info/PKG-INFO
[1.526s] writing dependency_links to ../../build/my_py_pkg/my_py_pkg.egg-info/dependency_links.txt
[1.526s] writing entry points to ../../build/my_py_pkg/my_py_pkg.egg-info/entry_points.txt
[1.530s] writing requirements to ../../build/my_py_pkg/my_py_pkg.egg-info/requires.txt
[1.530s] writing top-level names to ../../build/my_py_pkg/my_py_pkg.egg-info/top_level.txt
[1.530s] writing manifest file '../../build/my_py_pkg/my_py_pkg.egg-info/SOURCES.txt'
[1.585s] reading manifest file '../../build/my_py_pkg/my_py_pkg.egg-info/SOURCES.txt'
[1.586s] writing manifest file '../../build/my_py_pkg/my_py_pkg.egg-info/SOURCES.txt'
[1.586s] running build
[1.587s] running build_py
[1.587s] creating /home/shubham/ros2_ws/build/my_py_pkg/build
[1.587s] creating /home/shubham/ros2_ws/build/my_py_pkg/build/lib
[1.587s] creating /home/shubham/ros2_ws/build/my_py_pkg/build/lib/my_py_pkg
[1.587s] copying my_py_pkg/add_two_ints_server.py -> /home/shubham/ros2_ws/build/my_py_pkg/build/lib/my_py_pkg
[1.587s] copying my_py_pkg/param_node.py -> /home/shubham/ros2_ws/build/my_py_pkg/build/lib/my_py_pkg
[1.587s] copying my_py_pkg/my_first_node.py -> /home/shubham/ros2_ws/build/my_py_pkg/build/lib/my_py_pkg
[1.587s] copying my_py_pkg/__init__.py -> /home/shubham/ros2_ws/build/my_py_pkg/build/lib/my_py_pkg
[1.589s] copying my_py_pkg/turtle_controller.py -> /home/shubham/ros2_ws/build/my_py_pkg/build/lib/my_py_pkg
[1.589s] copying my_py_pkg/subscriber_node.py -> /home/shubham/ros2_ws/build/my_py_pkg/build/lib/my_py_pkg
[1.589s] copying my_py_pkg/publisher_node.py -> /home/shubham/ros2_ws/build/my_py_pkg/build/lib/my_py_pkg
[1.589s] running install
[1.596s] running install_lib
[1.625s] creating /home/shubham/ros2_ws/install/my_py_pkg/lib/python3.12/site-packages/my_py_pkg
[1.625s] copying /home/shubham/ros2_ws/build/my_py_pkg/build/lib/my_py_pkg/add_two_ints_server.py -> /home/shubham/ros2_ws/install/my_py_pkg/lib/python3.12/site-packages/my_py_pkg
[1.626s] copying /home/shubham/ros2_ws/build/my_py_pkg/build/lib/my_py_pkg/param_node.py -> /home/shubham/ros2_ws/install/my_py_pkg/lib/python3.12/site-packages/my_py_pkg
[1.626s] copying /home/shubham/ros2_ws/build/my_py_pkg/build/lib/my_py_pkg/my_first_node.py -> /home/shubham/ros2_ws/install/my_py_pkg/lib/python3.12/site-packages/my_py_pkg
[1.626s] copying /home/shubham/ros2_ws/build/my_py_pkg/build/lib/my_py_pkg/__init__.py -> /home/shubham/ros2_ws/install/my_py_pkg/lib/python3.12/site-packages/my_py_pkg
[1.626s] copying /home/shubham/ros2_ws/build/my_py_pkg/build/lib/my_py_pkg/turtle_controller.py -> /home/shubham/ros2_ws/install/my_py_pkg/lib/python3.12/site-packages/my_py_pkg
[1.627s] copying /home/shubham/ros2_ws/build/my_py_pkg/build/lib/my_py_pkg/subscriber_node.py -> /home/shubham/ros2_ws/install/my_py_pkg/lib/python3.12/site-packages/my_py_pkg
[1.628s] copying /home/shubham/ros2_ws/build/my_py_pkg/build/lib/my_py_pkg/publisher_node.py -> /home/shubham/ros2_ws/install/my_py_pkg/lib/python3.12/site-packages/my_py_pkg
[1.628s] byte-compiling /home/shubham/ros2_ws/install/my_py_pkg/lib/python3.12/site-packages/my_py_pkg/add_two_ints_server.py to add_two_ints_server.cpython-312.pyc
[1.628s] byte-compiling /home/shubham/ros2_ws/install/my_py_pkg/lib/python3.12/site-packages/my_py_pkg/param_node.py to param_node.cpython-312.pyc
[1.628s] byte-compiling /home/shubham/ros2_ws/install/my_py_pkg/lib/python3.12/site-packages/my_py_pkg/my_first_node.py to my_first_node.cpython-312.pyc
[1.628s] byte-compiling /home/shubham/ros2_ws/install/my_py_pkg/lib/python3.12/site-packages/my_py_pkg/__init__.py to __init__.cpython-312.pyc
[1.629s] byte-compiling /home/shubham/ros2_ws/install/my_py_pkg/lib/python3.12/site-packages/my_py_pkg/turtle_controller.py to turtle_controller.cpython-312.pyc
[1.631s] byte-compiling /home/shubham/ros2_ws/install/my_py_pkg/lib/python3.12/site-packages/my_py_pkg/subscriber_node.py to subscriber_node.cpython-312.pyc
[1.631s] byte-compiling /home/shubham/ros2_ws/install/my_py_pkg/lib/python3.12/site-packages/my_py_pkg/publisher_node.py to publisher_node.cpython-312.pyc
[1.631s] running install_data
[1.631s] creating /home/shubham/ros2_ws/install/my_py_pkg/share/ament_index
[1.631s] creating /home/shubham/ros2_ws/install/my_py_pkg/share/ament_index/resource_index
[1.632s] creating /home/shubham/ros2_ws/install/my_py_pkg/share/ament_index/resource_index/packages
[1.632s] copying resource/my_py_pkg -> /home/shubham/ros2_ws/install/my_py_pkg/share/ament_index/resource_index/packages
[1.632s] copying package.xml -> /home/shubham/ros2_ws/install/my_py_pkg/share/my_py_pkg
[1.632s] creating /home/shubham/ros2_ws/install/my_py_pkg/share/my_py_pkg/launch
[1.634s] copying launch/turtle_system.launch.py -> /home/shubham/ros2_ws/install/my_py_pkg/share/my_py_pkg/launch
[1.634s] copying launch/my_launch.py -> /home/shubham/ros2_ws/install/my_py_pkg/share/my_py_pkg/launch
[1.634s] running install_egg_info
[1.662s] Copying ../../build/my_py_pkg/my_py_pkg.egg-info to /home/shubham/ros2_ws/install/my_py_pkg/lib/python3.12/site-packages/my_py_pkg-0.0.0-py3.12.egg-info
[1.663s] running install_scripts
[1.854s] Installing add_two_ints_server script to /home/shubham/ros2_ws/install/my_py_pkg/lib/my_py_pkg
[1.855s] Installing my_first_node script to /home/shubham/ros2_ws/install/my_py_pkg/lib/my_py_pkg
[1.856s] Installing param_node script to /home/shubham/ros2_ws/install/my_py_pkg/lib/my_py_pkg
[1.856s] Installing publisher_node script to /home/shubham/ros2_ws/install/my_py_pkg/lib/my_py_pkg
[1.856s] Installing subscriber_node script to /home/shubham/ros2_ws/install/my_py_pkg/lib/my_py_pkg
[1.856s] Installing turtle_controller script to /home/shubham/ros2_ws/install/my_py_pkg/lib/my_py_pkg
[1.856s] writing list of installed files to '/home/shubham/ros2_ws/build/my_py_pkg/install.log'
[1.895s] Invoked command in '/home/shubham/ros2_ws/src/my_py_pkg' returned '0': DEBUGINFOD_URLS=https://debuginfod.ubuntu.com PYTHONPATH=/home/shubham/ros2_ws/build/my_py_pkg/prefix_override:/usr/lib/python3/dist-packages/colcon_core/task/python/colcon_distutils_commands:/home/shubham/ros2_ws/install/my_py_pkg/lib/python3.12/site-packages:${PYTHONPATH} /usr/bin/python3 -W ignore:setup.py install is deprecated -W ignore:easy_install command is deprecated setup.py egg_info --egg-base ../../build/my_py_pkg build --build-base /home/shubham/ros2_ws/build/my_py_pkg/build install --record /home/shubham/ros2_ws/build/my_py_pkg/install.log --single-version-externally-managed install_data
