/home/shubham/ros2_ws/install/smart_robot/lib/python3.12/site-packages/smart_robot/speed_service.py
/home/shubham/ros2_ws/install/smart_robot/lib/python3.12/site-packages/smart_robot/sensor_node.py
/home/shubham/ros2_ws/install/smart_robot/lib/python3.12/site-packages/smart_robot/controller_node.py
/home/shubham/ros2_ws/install/smart_robot/lib/python3.12/site-packages/smart_robot/__init__.py
/home/shubham/ros2_ws/install/smart_robot/lib/python3.12/site-packages/smart_robot/__pycache__/speed_service.cpython-312.pyc
/home/shubham/ros2_ws/install/smart_robot/lib/python3.12/site-packages/smart_robot/__pycache__/sensor_node.cpython-312.pyc
/home/shubham/ros2_ws/install/smart_robot/lib/python3.12/site-packages/smart_robot/__pycache__/controller_node.cpython-312.pyc
/home/shubham/ros2_ws/install/smart_robot/lib/python3.12/site-packages/smart_robot/__pycache__/__init__.cpython-312.pyc
/home/shubham/ros2_ws/install/smart_robot/share/ament_index/resource_index/packages/smart_robot
/home/shubham/ros2_ws/install/smart_robot/share/smart_robot/package.xml
/home/shubham/ros2_ws/install/smart_robot/share/smart_robot/launch/robot.launch.py
/home/shubham/ros2_ws/install/smart_robot/lib/python3.12/site-packages/smart_robot-0.0.0-py3.12.egg-info/top_level.txt
/home/shubham/ros2_ws/install/smart_robot/lib/python3.12/site-packages/smart_robot-0.0.0-py3.12.egg-info/zip-safe
/home/shubham/ros2_ws/install/smart_robot/lib/python3.12/site-packages/smart_robot-0.0.0-py3.12.egg-info/PKG-INFO
/home/shubham/ros2_ws/install/smart_robot/lib/python3.12/site-packages/smart_robot-0.0.0-py3.12.egg-info/SOURCES.txt
/home/shubham/ros2_ws/install/smart_robot/lib/python3.12/site-packages/smart_robot-0.0.0-py3.12.egg-info/requires.txt
/home/shubham/ros2_ws/install/smart_robot/lib/python3.12/site-packages/smart_robot-0.0.0-py3.12.egg-info/dependency_links.txt
/home/shubham/ros2_ws/install/smart_robot/lib/python3.12/site-packages/smart_robot-0.0.0-py3.12.egg-info/entry_points.txt
/home/shubham/ros2_ws/install/smart_robot/lib/smart_robot/controller_node
/home/shubham/ros2_ws/install/smart_robot/lib/smart_robot/sensor_node
/home/shubham/ros2_ws/install/smart_robot/lib/smart_robot/speed_service
