[0.306s] Invoking command in '/home/shubham/ros2_ws/build/my_robot_interfaces': CMAKE_PREFIX_PATH=${CMAKE_PREFIX_PATH}:/home/shubham/ros2_ws/install/my_py_pkg:/opt/ros/jazzy DEBUGINFOD_URLS=https://debuginfod.ubuntu.com /usr/bin/cmake --build /home/shubham/ros2_ws/build/my_robot_interfaces -- -j4 -l4
[0.380s] [  2%] Built target my_robot_interfaces__rosidl_generator_type_description
[0.392s] [  2%] Built target ament_cmake_python_copy_my_robot_interfaces
[0.409s] [  5%] Built target my_robot_interfaces__cpp
[0.418s] [ 20%] Built target my_robot_interfaces__rosidl_generator_c
[0.464s] [ 29%] Built target my_robot_interfaces__rosidl_typesupport_fastrtps_c
[0.481s] [ 41%] Built target my_robot_interfaces__rosidl_typesupport_introspection_c
[0.481s] [ 47%] Built target my_robot_interfaces__rosidl_typesupport_introspection_cpp
[0.505s] [ 55%] Built target my_robot_interfaces__rosidl_typesupport_cpp
[0.530s] [ 64%] Built target my_robot_interfaces__rosidl_typesupport_c
[0.540s] [ 73%] Built target my_robot_interfaces__rosidl_typesupport_fastrtps_cpp
[0.568s] [ 73%] Built target my_robot_interfaces
[0.597s] [ 76%] Built target my_robot_interfaces__py
[0.634s] [ 82%] Built target my_robot_interfaces__rosidl_generator_py
[0.672s] [ 88%] Built target my_robot_interfaces_s__rosidl_typesupport_fastrtps_c
[0.679s] [ 94%] Built target my_robot_interfaces_s__rosidl_typesupport_introspection_c
[0.681s] [100%] Built target my_robot_interfaces_s__rosidl_typesupport_c
[0.738s] running egg_info
[0.766s] writing my_robot_interfaces.egg-info/PKG-INFO
[0.767s] writing dependency_links to my_robot_interfaces.egg-info/dependency_links.txt
[0.767s] writing top-level names to my_robot_interfaces.egg-info/top_level.txt
[0.852s] reading manifest file 'my_robot_interfaces.egg-info/SOURCES.txt'
[0.852s] writing manifest file 'my_robot_interfaces.egg-info/SOURCES.txt'
[0.888s] [100%] Built target ament_cmake_python_build_my_robot_interfaces_egg
[0.905s] Invoked command in '/home/shubham/ros2_ws/build/my_robot_interfaces' returned '0': CMAKE_PREFIX_PATH=${CMAKE_PREFIX_PATH}:/home/shubham/ros2_ws/install/my_py_pkg:/opt/ros/jazzy DEBUGINFOD_URLS=https://debuginfod.ubuntu.com /usr/bin/cmake --build /home/shubham/ros2_ws/build/my_robot_interfaces -- -j4 -l4
[0.918s] Invoking command in '/home/shubham/ros2_ws/build/my_robot_interfaces': CMAKE_PREFIX_PATH=${CMAKE_PREFIX_PATH}:/home/shubham/ros2_ws/install/my_py_pkg:/opt/ros/jazzy DEBUGINFOD_URLS=https://debuginfod.ubuntu.com /usr/bin/cmake --install /home/shubham/ros2_ws/build/my_robot_interfaces
[0.929s] -- Install configuration: ""
[0.929s] -- Up-to-date: /home/shubham/ros2_ws/install/my_robot_interfaces/share/ament_index/resource_index/rosidl_interfaces/my_robot_interfaces
[0.930s] -- Up-to-date: /home/shubham/ros2_ws/install/my_robot_interfaces/share/my_robot_interfaces/msg/RobotCommand.json
[0.930s] -- Up-to-date: /home/shubham/ros2_ws/install/my_robot_interfaces/include/my_robot_interfaces/my_robot_interfaces
[0.931s] -- Up-to-date: /home/shubham/ros2_ws/install/my_robot_interfaces/include/my_robot_interfaces/my_robot_interfaces/msg
[0.931s] -- Up-to-date: /home/shubham/ros2_ws/install/my_robot_interfaces/include/my_robot_interfaces/my_robot_interfaces/msg/rosidl_generator_c__visibility_control.h
[0.931s] -- Up-to-date: /home/shubham/ros2_ws/install/my_robot_interfaces/include/my_robot_interfaces/my_robot_interfaces/msg/robot_command.h
[0.931s] -- Up-to-date: /home/shubham/ros2_ws/install/my_robot_interfaces/include/my_robot_interfaces/my_robot_interfaces/msg/detail
[0.931s] -- Up-to-date: /home/shubham/ros2_ws/install/my_robot_interfaces/include/my_robot_interfaces/my_robot_interfaces/msg/detail/robot_command__functions.h
[0.931s] -- Up-to-date: /home/shubham/ros2_ws/install/my_robot_interfaces/include/my_robot_interfaces/my_robot_interfaces/msg/detail/robot_command__struct.h
[0.931s] -- Up-to-date: /home/shubham/ros2_ws/install/my_robot_interfaces/include/my_robot_interfaces/my_robot_interfaces/msg/detail/robot_command__type_support.h
[0.931s] -- Up-to-date: /home/shubham/ros2_ws/install/my_robot_interfaces/include/my_robot_interfaces/my_robot_interfaces/msg/detail/robot_command__description.c
[0.931s] -- Up-to-date: /home/shubham/ros2_ws/install/my_robot_interfaces/include/my_robot_interfaces/my_robot_interfaces/msg/detail/robot_command__functions.c
[0.932s] -- Up-to-date: /home/shubham/ros2_ws/install/my_robot_interfaces/include/my_robot_interfaces/my_robot_interfaces/msg/detail/robot_command__type_support.c
[0.932s] -- Up-to-date: /home/shubham/ros2_ws/install/my_robot_interfaces/share/my_robot_interfaces/environment/library_path.sh
[0.932s] -- Up-to-date: /home/shubham/ros2_ws/install/my_robot_interfaces/share/my_robot_interfaces/environment/library_path.dsv
[0.932s] -- Up-to-date: /home/shubham/ros2_ws/install/my_robot_interfaces/lib/libmy_robot_interfaces__rosidl_generator_c.so
[0.932s] -- Up-to-date: /home/shubham/ros2_ws/install/my_robot_interfaces/include/my_robot_interfaces/my_robot_interfaces
[0.932s] -- Up-to-date: /home/shubham/ros2_ws/install/my_robot_interfaces/include/my_robot_interfaces/my_robot_interfaces/msg
[0.932s] -- Up-to-date: /home/shubham/ros2_ws/install/my_robot_interfaces/include/my_robot_interfaces/my_robot_interfaces/msg/rosidl_typesupport_fastrtps_c__visibility_control.h
[0.932s] -- Up-to-date: /home/shubham/ros2_ws/install/my_robot_interfaces/include/my_robot_interfaces/my_robot_interfaces/msg/detail
[0.932s] -- Up-to-date: /home/shubham/ros2_ws/install/my_robot_interfaces/include/my_robot_interfaces/my_robot_interfaces/msg/detail/robot_command__rosidl_typesupport_fastrtps_c.h
[0.932s] -- Up-to-date: /home/shubham/ros2_ws/install/my_robot_interfaces/lib/libmy_robot_interfaces__rosidl_typesupport_fastrtps_c.so
[0.934s] -- Up-to-date: /home/shubham/ros2_ws/install/my_robot_interfaces/include/my_robot_interfaces/my_robot_interfaces
[0.934s] -- Up-to-date: /home/shubham/ros2_ws/install/my_robot_interfaces/include/my_robot_interfaces/my_robot_interfaces/msg
[0.934s] -- Up-to-date: /home/shubham/ros2_ws/install/my_robot_interfaces/include/my_robot_interfaces/my_robot_interfaces/msg/rosidl_typesupport_introspection_c__visibility_control.h
[0.935s] -- Up-to-date: /home/shubham/ros2_ws/install/my_robot_interfaces/include/my_robot_interfaces/my_robot_interfaces/msg/detail
[0.935s] -- Up-to-date: /home/shubham/ros2_ws/install/my_robot_interfaces/include/my_robot_interfaces/my_robot_interfaces/msg/detail/robot_command__rosidl_typesupport_introspection_c.h
[0.935s] -- Up-to-date: /home/shubham/ros2_ws/install/my_robot_interfaces/include/my_robot_interfaces/my_robot_interfaces/msg/detail/robot_command__type_support.c
[0.935s] -- Up-to-date: /home/shubham/ros2_ws/install/my_robot_interfaces/lib/libmy_robot_interfaces__rosidl_typesupport_introspection_c.so
[0.935s] -- Up-to-date: /home/shubham/ros2_ws/install/my_robot_interfaces/lib/libmy_robot_interfaces__rosidl_typesupport_c.so
[0.935s] -- Up-to-date: /home/shubham/ros2_ws/install/my_robot_interfaces/include/my_robot_interfaces/my_robot_interfaces
[0.936s] -- Up-to-date: /home/shubham/ros2_ws/install/my_robot_interfaces/include/my_robot_interfaces/my_robot_interfaces/msg
[0.936s] -- Up-to-date: /home/shubham/ros2_ws/install/my_robot_interfaces/include/my_robot_interfaces/my_robot_interfaces/msg/robot_command.hpp
[0.936s] -- Up-to-date: /home/shubham/ros2_ws/install/my_robot_interfaces/include/my_robot_interfaces/my_robot_interfaces/msg/rosidl_generator_cpp__visibility_control.hpp
[0.936s] -- Up-to-date: /home/shubham/ros2_ws/install/my_robot_interfaces/include/my_robot_interfaces/my_robot_interfaces/msg/detail
[0.936s] -- Up-to-date: /home/shubham/ros2_ws/install/my_robot_interfaces/include/my_robot_interfaces/my_robot_interfaces/msg/detail/robot_command__struct.hpp
[0.936s] -- Up-to-date: /home/shubham/ros2_ws/install/my_robot_interfaces/include/my_robot_interfaces/my_robot_interfaces/msg/detail/robot_command__type_support.hpp
[0.936s] -- Up-to-date: /home/shubham/ros2_ws/install/my_robot_interfaces/include/my_robot_interfaces/my_robot_interfaces/msg/detail/robot_command__builder.hpp
[0.936s] -- Up-to-date: /home/shubham/ros2_ws/install/my_robot_interfaces/include/my_robot_interfaces/my_robot_interfaces/msg/detail/robot_command__traits.hpp
[0.937s] -- Up-to-date: /home/shubham/ros2_ws/install/my_robot_interfaces/include/my_robot_interfaces/my_robot_interfaces
[0.937s] -- Up-to-date: /home/shubham/ros2_ws/install/my_robot_interfaces/include/my_robot_interfaces/my_robot_interfaces/msg
[0.937s] -- Up-to-date: /home/shubham/ros2_ws/install/my_robot_interfaces/include/my_robot_interfaces/my_robot_interfaces/msg/rosidl_typesupport_fastrtps_cpp__visibility_control.h
[0.937s] -- Up-to-date: /home/shubham/ros2_ws/install/my_robot_interfaces/include/my_robot_interfaces/my_robot_interfaces/msg/detail
[0.937s] -- Up-to-date: /home/shubham/ros2_ws/install/my_robot_interfaces/include/my_robot_interfaces/my_robot_interfaces/msg/detail/robot_command__rosidl_typesupport_fastrtps_cpp.hpp
[0.937s] -- Up-to-date: /home/shubham/ros2_ws/install/my_robot_interfaces/include/my_robot_interfaces/my_robot_interfaces/msg/detail/dds_fastrtps
[0.937s] -- Up-to-date: /home/shubham/ros2_ws/install/my_robot_interfaces/lib/libmy_robot_interfaces__rosidl_typesupport_fastrtps_cpp.so
[0.937s] -- Up-to-date: /home/shubham/ros2_ws/install/my_robot_interfaces/include/my_robot_interfaces/my_robot_interfaces
[0.937s] -- Up-to-date: /home/shubham/ros2_ws/install/my_robot_interfaces/include/my_robot_interfaces/my_robot_interfaces/msg
[0.937s] -- Up-to-date: /home/shubham/ros2_ws/install/my_robot_interfaces/include/my_robot_interfaces/my_robot_interfaces/msg/detail
[0.938s] -- Up-to-date: /home/shubham/ros2_ws/install/my_robot_interfaces/include/my_robot_interfaces/my_robot_interfaces/msg/detail/robot_command__type_support.cpp
[0.938s] -- Up-to-date: /home/shubham/ros2_ws/install/my_robot_interfaces/include/my_robot_interfaces/my_robot_interfaces/msg/detail/robot_command__rosidl_typesupport_introspection_cpp.hpp
[0.940s] -- Up-to-date: /home/shubham/ros2_ws/install/my_robot_interfaces/lib/libmy_robot_interfaces__rosidl_typesupport_introspection_cpp.so
[0.941s] -- Up-to-date: /home/shubham/ros2_ws/install/my_robot_interfaces/lib/libmy_robot_interfaces__rosidl_typesupport_cpp.so
[0.941s] -- Up-to-date: /home/shubham/ros2_ws/install/my_robot_interfaces/share/my_robot_interfaces/environment/pythonpath.sh
[0.941s] -- Up-to-date: /home/shubham/ros2_ws/install/my_robot_interfaces/share/my_robot_interfaces/environment/pythonpath.dsv
[0.941s] -- Up-to-date: /home/shubham/ros2_ws/install/my_robot_interfaces/lib/python3.12/site-packages/my_robot_interfaces-0.0.0-py3.12.egg-info
[0.942s] -- Installing: /home/shubham/ros2_ws/install/my_robot_interfaces/lib/python3.12/site-packages/my_robot_interfaces-0.0.0-py3.12.egg-info/top_level.txt
[0.942s] -- Installing: /home/shubham/ros2_ws/install/my_robot_interfaces/lib/python3.12/site-packages/my_robot_interfaces-0.0.0-py3.12.egg-info/PKG-INFO
[0.942s] -- Installing: /home/shubham/ros2_ws/install/my_robot_interfaces/lib/python3.12/site-packages/my_robot_interfaces-0.0.0-py3.12.egg-info/SOURCES.txt
[0.942s] -- Installing: /home/shubham/ros2_ws/install/my_robot_interfaces/lib/python3.12/site-packages/my_robot_interfaces-0.0.0-py3.12.egg-info/dependency_links.txt
[0.942s] -- Up-to-date: /home/shubham/ros2_ws/install/my_robot_interfaces/lib/python3.12/site-packages/my_robot_interfaces
[0.942s] -- Up-to-date: /home/shubham/ros2_ws/install/my_robot_interfaces/lib/python3.12/site-packages/my_robot_interfaces/my_robot_interfaces_s__rosidl_typesupport_c.so
[0.943s] -- Up-to-date: /home/shubham/ros2_ws/install/my_robot_interfaces/lib/python3.12/site-packages/my_robot_interfaces/my_robot_interfaces_s__rosidl_typesupport_introspection_c.so
[0.943s] -- Up-to-date: /home/shubham/ros2_ws/install/my_robot_interfaces/lib/python3.12/site-packages/my_robot_interfaces/_my_robot_interfaces_s.ep.rosidl_typesupport_c.c
[0.943s] -- Up-to-date: /home/shubham/ros2_ws/install/my_robot_interfaces/lib/python3.12/site-packages/my_robot_interfaces/_my_robot_interfaces_s.ep.rosidl_typesupport_fastrtps_c.c
[0.943s] -- Up-to-date: /home/shubham/ros2_ws/install/my_robot_interfaces/lib/python3.12/site-packages/my_robot_interfaces/msg
[0.943s] -- Up-to-date: /home/shubham/ros2_ws/install/my_robot_interfaces/lib/python3.12/site-packages/my_robot_interfaces/msg/_robot_command_s.c
[0.943s] -- Up-to-date: /home/shubham/ros2_ws/install/my_robot_interfaces/lib/python3.12/site-packages/my_robot_interfaces/msg/__init__.py
[0.943s] -- Up-to-date: /home/shubham/ros2_ws/install/my_robot_interfaces/lib/python3.12/site-packages/my_robot_interfaces/msg/_robot_command.py
[0.943s] -- Up-to-date: /home/shubham/ros2_ws/install/my_robot_interfaces/lib/python3.12/site-packages/my_robot_interfaces/__init__.py
[0.944s] -- Up-to-date: /home/shubham/ros2_ws/install/my_robot_interfaces/lib/python3.12/site-packages/my_robot_interfaces/my_robot_interfaces_s__rosidl_typesupport_fastrtps_c.so
[0.944s] -- Up-to-date: /home/shubham/ros2_ws/install/my_robot_interfaces/lib/python3.12/site-packages/my_robot_interfaces/_my_robot_interfaces_s.ep.rosidl_typesupport_introspection_c.c
[0.987s] Listing '/home/shubham/ros2_ws/install/my_robot_interfaces/lib/python3.12/site-packages/my_robot_interfaces'...
[0.987s] Listing '/home/shubham/ros2_ws/install/my_robot_interfaces/lib/python3.12/site-packages/my_robot_interfaces/msg'...
[0.994s] -- Up-to-date: /home/shubham/ros2_ws/install/my_robot_interfaces/lib/python3.12/site-packages/my_robot_interfaces/my_robot_interfaces_s__rosidl_typesupport_fastrtps_c.so
[0.994s] -- Up-to-date: /home/shubham/ros2_ws/install/my_robot_interfaces/lib/python3.12/site-packages/my_robot_interfaces/my_robot_interfaces_s__rosidl_typesupport_introspection_c.so
[0.995s] -- Up-to-date: /home/shubham/ros2_ws/install/my_robot_interfaces/lib/python3.12/site-packages/my_robot_interfaces/my_robot_interfaces_s__rosidl_typesupport_c.so
[0.995s] -- Up-to-date: /home/shubham/ros2_ws/install/my_robot_interfaces/lib/libmy_robot_interfaces__rosidl_generator_py.so
[0.996s] -- Up-to-date: /home/shubham/ros2_ws/install/my_robot_interfaces/share/my_robot_interfaces/msg/RobotCommand.idl
[0.996s] -- Up-to-date: /home/shubham/ros2_ws/install/my_robot_interfaces/share/my_robot_interfaces/msg/RobotCommand.msg
[0.996s] -- Up-to-date: /home/shubham/ros2_ws/install/my_robot_interfaces/share/ament_index/resource_index/package_run_dependencies/my_robot_interfaces
[0.996s] -- Up-to-date: /home/shubham/ros2_ws/install/my_robot_interfaces/share/ament_index/resource_index/parent_prefix_path/my_robot_interfaces
[0.997s] -- Up-to-date: /home/shubham/ros2_ws/install/my_robot_interfaces/share/my_robot_interfaces/environment/ament_prefix_path.sh
[0.997s] -- Up-to-date: /home/shubham/ros2_ws/install/my_robot_interfaces/share/my_robot_interfaces/environment/ament_prefix_path.dsv
[0.998s] -- Up-to-date: /home/shubham/ros2_ws/install/my_robot_interfaces/share/my_robot_interfaces/environment/path.sh
[1.000s] -- Up-to-date: /home/shubham/ros2_ws/install/my_robot_interfaces/share/my_robot_interfaces/environment/path.dsv
[1.000s] -- Up-to-date: /home/shubham/ros2_ws/install/my_robot_interfaces/share/my_robot_interfaces/local_setup.bash
[1.000s] -- Up-to-date: /home/shubham/ros2_ws/install/my_robot_interfaces/share/my_robot_interfaces/local_setup.sh
[1.001s] -- Up-to-date: /home/shubham/ros2_ws/install/my_robot_interfaces/share/my_robot_interfaces/local_setup.zsh
[1.001s] -- Up-to-date: /home/shubham/ros2_ws/install/my_robot_interfaces/share/my_robot_interfaces/local_setup.dsv
[1.002s] -- Installing: /home/shubham/ros2_ws/install/my_robot_interfaces/share/my_robot_interfaces/package.dsv
[1.002s] -- Up-to-date: /home/shubham/ros2_ws/install/my_robot_interfaces/share/ament_index/resource_index/packages/my_robot_interfaces
[1.002s] -- Up-to-date: /home/shubham/ros2_ws/install/my_robot_interfaces/share/my_robot_interfaces/cmake/export_my_robot_interfaces__rosidl_generator_cExport.cmake
[1.002s] -- Up-to-date: /home/shubham/ros2_ws/install/my_robot_interfaces/share/my_robot_interfaces/cmake/export_my_robot_interfaces__rosidl_generator_cExport-noconfig.cmake
[1.002s] -- Up-to-date: /home/shubham/ros2_ws/install/my_robot_interfaces/share/my_robot_interfaces/cmake/export_my_robot_interfaces__rosidl_typesupport_fastrtps_cExport.cmake
[1.002s] -- Up-to-date: /home/shubham/ros2_ws/install/my_robot_interfaces/share/my_robot_interfaces/cmake/export_my_robot_interfaces__rosidl_typesupport_fastrtps_cExport-noconfig.cmake
[1.003s] -- Up-to-date: /home/shubham/ros2_ws/install/my_robot_interfaces/share/my_robot_interfaces/cmake/my_robot_interfaces__rosidl_typesupport_introspection_cExport.cmake
[1.003s] -- Up-to-date: /home/shubham/ros2_ws/install/my_robot_interfaces/share/my_robot_interfaces/cmake/my_robot_interfaces__rosidl_typesupport_introspection_cExport-noconfig.cmake
[1.003s] -- Up-to-date: /home/shubham/ros2_ws/install/my_robot_interfaces/share/my_robot_interfaces/cmake/my_robot_interfaces__rosidl_typesupport_cExport.cmake
[1.003s] -- Up-to-date: /home/shubham/ros2_ws/install/my_robot_interfaces/share/my_robot_interfaces/cmake/my_robot_interfaces__rosidl_typesupport_cExport-noconfig.cmake
[1.003s] -- Up-to-date: /home/shubham/ros2_ws/install/my_robot_interfaces/share/my_robot_interfaces/cmake/export_my_robot_interfaces__rosidl_generator_cppExport.cmake
[1.003s] -- Up-to-date: /home/shubham/ros2_ws/install/my_robot_interfaces/share/my_robot_interfaces/cmake/export_my_robot_interfaces__rosidl_typesupport_fastrtps_cppExport.cmake
[1.003s] -- Up-to-date: /home/shubham/ros2_ws/install/my_robot_interfaces/share/my_robot_interfaces/cmake/export_my_robot_interfaces__rosidl_typesupport_fastrtps_cppExport-noconfig.cmake
[1.003s] -- Up-to-date: /home/shubham/ros2_ws/install/my_robot_interfaces/share/my_robot_interfaces/cmake/my_robot_interfaces__rosidl_typesupport_introspection_cppExport.cmake
[1.003s] -- Up-to-date: /home/shubham/ros2_ws/install/my_robot_interfaces/share/my_robot_interfaces/cmake/my_robot_interfaces__rosidl_typesupport_introspection_cppExport-noconfig.cmake
[1.004s] -- Up-to-date: /home/shubham/ros2_ws/install/my_robot_interfaces/share/my_robot_interfaces/cmake/my_robot_interfaces__rosidl_typesupport_cppExport.cmake
[1.004s] -- Up-to-date: /home/shubham/ros2_ws/install/my_robot_interfaces/share/my_robot_interfaces/cmake/my_robot_interfaces__rosidl_typesupport_cppExport-noconfig.cmake
[1.004s] -- Up-to-date: /home/shubham/ros2_ws/install/my_robot_interfaces/share/my_robot_interfaces/cmake/export_my_robot_interfaces__rosidl_generator_pyExport.cmake
[1.004s] -- Up-to-date: /home/shubham/ros2_ws/install/my_robot_interfaces/share/my_robot_interfaces/cmake/export_my_robot_interfaces__rosidl_generator_pyExport-noconfig.cmake
[1.008s] -- Up-to-date: /home/shubham/ros2_ws/install/my_robot_interfaces/share/my_robot_interfaces/cmake/rosidl_cmake-extras.cmake
[1.008s] -- Up-to-date: /home/shubham/ros2_ws/install/my_robot_interfaces/share/my_robot_interfaces/cmake/ament_cmake_export_include_directories-extras.cmake
[1.008s] -- Up-to-date: /home/shubham/ros2_ws/install/my_robot_interfaces/share/my_robot_interfaces/cmake/ament_cmake_export_libraries-extras.cmake
[1.008s] -- Up-to-date: /home/shubham/ros2_ws/install/my_robot_interfaces/share/my_robot_interfaces/cmake/ament_cmake_export_targets-extras.cmake
[1.008s] -- Up-to-date: /home/shubham/ros2_ws/install/my_robot_interfaces/share/my_robot_interfaces/cmake/rosidl_cmake_export_typesupport_targets-extras.cmake
[1.009s] -- Up-to-date: /home/shubham/ros2_ws/install/my_robot_interfaces/share/my_robot_interfaces/cmake/ament_cmake_export_dependencies-extras.cmake
[1.009s] -- Up-to-date: /home/shubham/ros2_ws/install/my_robot_interfaces/share/my_robot_interfaces/cmake/rosidl_cmake_export_typesupport_libraries-extras.cmake
[1.009s] -- Up-to-date: /home/shubham/ros2_ws/install/my_robot_interfaces/share/my_robot_interfaces/cmake/my_robot_interfacesConfig.cmake
[1.009s] -- Up-to-date: /home/shubham/ros2_ws/install/my_robot_interfaces/share/my_robot_interfaces/cmake/my_robot_interfacesConfig-version.cmake
[1.009s] -- Up-to-date: /home/shubham/ros2_ws/install/my_robot_interfaces/share/my_robot_interfaces/package.xml
[1.009s] Invoked command in '/home/shubham/ros2_ws/build/my_robot_interfaces' returned '0': CMAKE_PREFIX_PATH=${CMAKE_PREFIX_PATH}:/home/shubham/ros2_ws/install/my_py_pkg:/opt/ros/jazzy DEBUGINFOD_URLS=https://debuginfod.ubuntu.com /usr/bin/cmake --install /home/shubham/ros2_ws/build/my_robot_interfaces
