running egg_info
writing ../../build/smart_robot/smart_robot.egg-info/PKG-INFO
writing dependency_links to ../../build/smart_robot/smart_robot.egg-info/dependency_links.txt
writing entry points to ../../build/smart_robot/smart_robot.egg-info/entry_points.txt
writing requirements to ../../build/smart_robot/smart_robot.egg-info/requires.txt
writing top-level names to ../../build/smart_robot/smart_robot.egg-info/top_level.txt
reading manifest file '../../build/smart_robot/smart_robot.egg-info/SOURCES.txt'
writing manifest file '../../build/smart_robot/smart_robot.egg-info/SOURCES.txt'
running build
running build_py
running install
running install_lib
running install_data
creating /home/shubham/ros2_ws/install/smart_robot/share/smart_robot/launch
copying launch/robot.launch.py -> /home/shubham/ros2_ws/install/smart_robot/share/smart_robot/launch
running install_egg_info
removing '/home/shubham/ros2_ws/install/smart_robot/lib/python3.12/site-packages/smart_robot-0.0.0-py3.12.egg-info' (and everything under it)
Copying ../../build/smart_robot/smart_robot.egg-info to /home/shubham/ros2_ws/install/smart_robot/lib/python3.12/site-packages/smart_robot-0.0.0-py3.12.egg-info
running install_scripts
Installing controller_node script to /home/shubham/ros2_ws/install/smart_robot/lib/smart_robot
Installing sensor_node script to /home/shubham/ros2_ws/install/smart_robot/lib/smart_robot
Installing speed_service script to /home/shubham/ros2_ws/install/smart_robot/lib/smart_robot
writing list of installed files to '/home/shubham/ros2_ws/build/smart_robot/install.log'
