[0.344s] Invoking command in '/home/shubham/ros2_ws/build/my_robot_interfaces': CMAKE_PREFIX_PATH=${CMAKE_PREFIX_PATH}:/home/shubham/ros2_ws/install/smart_robot:/home/shubham/ros2_ws/install/my_py_pkg:/opt/ros/jazzy DEBUGINFOD_URLS=https://debuginfod.ubuntu.com /usr/bin/cmake --build /home/shubham/ros2_ws/build/my_robot_interfaces -- -j4 -l4
[0.435s] [  2%] Built target my_robot_interfaces__rosidl_generator_type_description
[0.455s] [  2%] Built target ament_cmake_python_copy_my_robot_interfaces
[0.472s] [  4%] Built target my_robot_interfaces__cpp
[0.478s] [ 22%] Built target my_robot_interfaces__rosidl_generator_c
[0.540s] [ 31%] Built target my_robot_interfaces__rosidl_typesupport_c
[0.545s] [ 40%] Built target my_robot_interfaces__rosidl_typesupport_introspection_c
[0.547s] [ 50%] Built target my_robot_interfaces__rosidl_typesupport_fastrtps_c
[0.637s] [ 59%] Built target my_robot_interfaces__rosidl_typesupport_fastrtps_cpp
[0.638s] [ 68%] Built target my_robot_interfaces__rosidl_typesupport_introspection_cpp
[0.645s] [ 77%] Built target my_robot_interfaces__rosidl_typesupport_cpp
[0.689s] [ 77%] Built target my_robot_interfaces
[0.764s] [ 79%] Built target my_robot_interfaces__py
[0.857s] [ 86%] Built target my_robot_interfaces__rosidl_generator_py
[0.973s] [ 90%] Built target my_robot_interfaces_s__rosidl_typesupport_fastrtps_c
[0.993s] [ 97%] Built target my_robot_interfaces_s__rosidl_typesupport_introspection_c
[0.995s] [100%] Built target my_robot_interfaces_s__rosidl_typesupport_c
[1.070s] running egg_info
[1.121s] writing my_robot_interfaces.egg-info/PKG-INFO
[1.121s] writing dependency_links to my_robot_interfaces.egg-info/dependency_links.txt
[1.125s] writing top-level names to my_robot_interfaces.egg-info/top_level.txt
[1.396s] reading manifest file 'my_robot_interfaces.egg-info/SOURCES.txt'
[1.396s] writing manifest file 'my_robot_interfaces.egg-info/SOURCES.txt'
[1.500s] [100%] Built target ament_cmake_python_build_my_robot_interfaces_egg
[1.526s] Invoked command in '/home/shubham/ros2_ws/build/my_robot_interfaces' returned '0': CMAKE_PREFIX_PATH=${CMAKE_PREFIX_PATH}:/home/shubham/ros2_ws/install/smart_robot:/home/shubham/ros2_ws/install/my_py_pkg:/opt/ros/jazzy DEBUGINFOD_URLS=https://debuginfod.ubuntu.com /usr/bin/cmake --build /home/shubham/ros2_ws/build/my_robot_interfaces -- -j4 -l4
[1.548s] Invoking command in '/home/shubham/ros2_ws/build/my_robot_interfaces': CMAKE_PREFIX_PATH=${CMAKE_PREFIX_PATH}:/home/shubham/ros2_ws/install/smart_robot:/home/shubham/ros2_ws/install/my_py_pkg:/opt/ros/jazzy DEBUGINFOD_URLS=https://debuginfod.ubuntu.com /usr/bin/cmake --install /home/shubham/ros2_ws/build/my_robot_interfaces
[1.570s] -- Install configuration: ""
[1.571s] -- Up-to-date: /home/shubham/ros2_ws/install/my_robot_interfaces/share/ament_index/resource_index/rosidl_interfaces/my_robot_interfaces
[1.571s] -- Up-to-date: /home/shubham/ros2_ws/install/my_robot_interfaces/share/my_robot_interfaces/msg/Distance.json
[1.571s] -- Up-to-date: /home/shubham/ros2_ws/install/my_robot_interfaces/share/my_robot_interfaces/srv/ComputeSpeed.json
[1.571s] -- Up-to-date: /home/shubham/ros2_ws/install/my_robot_interfaces/include/my_robot_interfaces/my_robot_interfaces
[1.571s] -- Up-to-date: /home/shubham/ros2_ws/install/my_robot_interfaces/include/my_robot_interfaces/my_robot_interfaces/srv
[1.571s] -- Up-to-date: /home/shubham/ros2_ws/install/my_robot_interfaces/include/my_robot_interfaces/my_robot_interfaces/srv/compute_speed.h
[1.571s] -- Up-to-date: /home/shubham/ros2_ws/install/my_robot_interfaces/include/my_robot_interfaces/my_robot_interfaces/srv/detail
[1.571s] -- Up-to-date: /home/shubham/ros2_ws/install/my_robot_interfaces/include/my_robot_interfaces/my_robot_interfaces/srv/detail/compute_speed__description.c
[1.574s] -- Up-to-date: /home/shubham/ros2_ws/install/my_robot_interfaces/include/my_robot_interfaces/my_robot_interfaces/srv/detail/compute_speed__functions.c
[1.574s] -- Up-to-date: /home/shubham/ros2_ws/install/my_robot_interfaces/include/my_robot_interfaces/my_robot_interfaces/srv/detail/compute_speed__struct.h
[1.575s] -- Up-to-date: /home/shubham/ros2_ws/install/my_robot_interfaces/include/my_robot_interfaces/my_robot_interfaces/srv/detail/compute_speed__type_support.h
[1.575s] -- Up-to-date: /home/shubham/ros2_ws/install/my_robot_interfaces/include/my_robot_interfaces/my_robot_interfaces/srv/detail/compute_speed__type_support.c
[1.575s] -- Up-to-date: /home/shubham/ros2_ws/install/my_robot_interfaces/include/my_robot_interfaces/my_robot_interfaces/srv/detail/compute_speed__functions.h
[1.575s] -- Up-to-date: /home/shubham/ros2_ws/install/my_robot_interfaces/include/my_robot_interfaces/my_robot_interfaces/msg
[1.576s] -- Up-to-date: /home/shubham/ros2_ws/install/my_robot_interfaces/include/my_robot_interfaces/my_robot_interfaces/msg/rosidl_generator_c__visibility_control.h
[1.576s] -- Up-to-date: /home/shubham/ros2_ws/install/my_robot_interfaces/include/my_robot_interfaces/my_robot_interfaces/msg/distance.h
[1.579s] -- Up-to-date: /home/shubham/ros2_ws/install/my_robot_interfaces/include/my_robot_interfaces/my_robot_interfaces/msg/detail
[1.580s] -- Up-to-date: /home/shubham/ros2_ws/install/my_robot_interfaces/include/my_robot_interfaces/my_robot_interfaces/msg/detail/distance__type_support.h
[1.581s] -- Up-to-date: /home/shubham/ros2_ws/install/my_robot_interfaces/include/my_robot_interfaces/my_robot_interfaces/msg/detail/distance__description.c
[1.581s] -- Up-to-date: /home/shubham/ros2_ws/install/my_robot_interfaces/include/my_robot_interfaces/my_robot_interfaces/msg/detail/distance__struct.h
[1.581s] -- Up-to-date: /home/shubham/ros2_ws/install/my_robot_interfaces/include/my_robot_interfaces/my_robot_interfaces/msg/detail/distance__functions.c
[1.581s] -- Up-to-date: /home/shubham/ros2_ws/install/my_robot_interfaces/include/my_robot_interfaces/my_robot_interfaces/msg/detail/distance__type_support.c
[1.581s] -- Up-to-date: /home/shubham/ros2_ws/install/my_robot_interfaces/include/my_robot_interfaces/my_robot_interfaces/msg/detail/distance__functions.h
[1.581s] -- Up-to-date: /home/shubham/ros2_ws/install/my_robot_interfaces/share/my_robot_interfaces/environment/library_path.sh
[1.581s] -- Up-to-date: /home/shubham/ros2_ws/install/my_robot_interfaces/share/my_robot_interfaces/environment/library_path.dsv
[1.581s] -- Up-to-date: /home/shubham/ros2_ws/install/my_robot_interfaces/lib/libmy_robot_interfaces__rosidl_generator_c.so
[1.581s] -- Up-to-date: /home/shubham/ros2_ws/install/my_robot_interfaces/include/my_robot_interfaces/my_robot_interfaces
[1.581s] -- Up-to-date: /home/shubham/ros2_ws/install/my_robot_interfaces/include/my_robot_interfaces/my_robot_interfaces/srv
[1.582s] -- Up-to-date: /home/shubham/ros2_ws/install/my_robot_interfaces/include/my_robot_interfaces/my_robot_interfaces/srv/detail
[1.582s] -- Up-to-date: /home/shubham/ros2_ws/install/my_robot_interfaces/include/my_robot_interfaces/my_robot_interfaces/srv/detail/compute_speed__rosidl_typesupport_fastrtps_c.h
[1.590s] -- Up-to-date: /home/shubham/ros2_ws/install/my_robot_interfaces/include/my_robot_interfaces/my_robot_interfaces/msg
[1.590s] -- Up-to-date: /home/shubham/ros2_ws/install/my_robot_interfaces/include/my_robot_interfaces/my_robot_interfaces/msg/rosidl_typesupport_fastrtps_c__visibility_control.h
[1.591s] -- Up-to-date: /home/shubham/ros2_ws/install/my_robot_interfaces/include/my_robot_interfaces/my_robot_interfaces/msg/detail
[1.591s] -- Up-to-date: /home/shubham/ros2_ws/install/my_robot_interfaces/include/my_robot_interfaces/my_robot_interfaces/msg/detail/distance__rosidl_typesupport_fastrtps_c.h
[1.591s] -- Up-to-date: /home/shubham/ros2_ws/install/my_robot_interfaces/lib/libmy_robot_interfaces__rosidl_typesupport_fastrtps_c.so
[1.591s] -- Up-to-date: /home/shubham/ros2_ws/install/my_robot_interfaces/include/my_robot_interfaces/my_robot_interfaces
[1.591s] -- Up-to-date: /home/shubham/ros2_ws/install/my_robot_interfaces/include/my_robot_interfaces/my_robot_interfaces/srv
[1.591s] -- Up-to-date: /home/shubham/ros2_ws/install/my_robot_interfaces/include/my_robot_interfaces/my_robot_interfaces/srv/detail
[1.591s] -- Up-to-date: /home/shubham/ros2_ws/install/my_robot_interfaces/include/my_robot_interfaces/my_robot_interfaces/srv/detail/compute_speed__rosidl_typesupport_introspection_c.h
[1.591s] -- Up-to-date: /home/shubham/ros2_ws/install/my_robot_interfaces/include/my_robot_interfaces/my_robot_interfaces/srv/detail/compute_speed__type_support.c
[1.591s] -- Up-to-date: /home/shubham/ros2_ws/install/my_robot_interfaces/include/my_robot_interfaces/my_robot_interfaces/msg
[1.591s] -- Up-to-date: /home/shubham/ros2_ws/install/my_robot_interfaces/include/my_robot_interfaces/my_robot_interfaces/msg/rosidl_typesupport_introspection_c__visibility_control.h
[1.592s] -- Up-to-date: /home/shubham/ros2_ws/install/my_robot_interfaces/include/my_robot_interfaces/my_robot_interfaces/msg/detail
[1.592s] -- Up-to-date: /home/shubham/ros2_ws/install/my_robot_interfaces/include/my_robot_interfaces/my_robot_interfaces/msg/detail/distance__rosidl_typesupport_introspection_c.h
[1.592s] -- Up-to-date: /home/shubham/ros2_ws/install/my_robot_interfaces/include/my_robot_interfaces/my_robot_interfaces/msg/detail/distance__type_support.c
[1.592s] -- Up-to-date: /home/shubham/ros2_ws/install/my_robot_interfaces/lib/libmy_robot_interfaces__rosidl_typesupport_introspection_c.so
[1.592s] -- Up-to-date: /home/shubham/ros2_ws/install/my_robot_interfaces/lib/libmy_robot_interfaces__rosidl_typesupport_c.so
[1.592s] -- Up-to-date: /home/shubham/ros2_ws/install/my_robot_interfaces/include/my_robot_interfaces/my_robot_interfaces
[1.592s] -- Up-to-date: /home/shubham/ros2_ws/install/my_robot_interfaces/include/my_robot_interfaces/my_robot_interfaces/srv
[1.592s] -- Up-to-date: /home/shubham/ros2_ws/install/my_robot_interfaces/include/my_robot_interfaces/my_robot_interfaces/srv/compute_speed.hpp
[1.593s] -- Up-to-date: /home/shubham/ros2_ws/install/my_robot_interfaces/include/my_robot_interfaces/my_robot_interfaces/srv/detail
[1.593s] -- Up-to-date: /home/shubham/ros2_ws/install/my_robot_interfaces/include/my_robot_interfaces/my_robot_interfaces/srv/detail/compute_speed__builder.hpp
[1.593s] -- Up-to-date: /home/shubham/ros2_ws/install/my_robot_interfaces/include/my_robot_interfaces/my_robot_interfaces/srv/detail/compute_speed__traits.hpp
[1.593s] -- Up-to-date: /home/shubham/ros2_ws/install/my_robot_interfaces/include/my_robot_interfaces/my_robot_interfaces/srv/detail/compute_speed__type_support.hpp
[1.593s] -- Up-to-date: /home/shubham/ros2_ws/install/my_robot_interfaces/include/my_robot_interfaces/my_robot_interfaces/srv/detail/compute_speed__struct.hpp
[1.593s] -- Up-to-date: /home/shubham/ros2_ws/install/my_robot_interfaces/include/my_robot_interfaces/my_robot_interfaces/msg
[1.593s] -- Up-to-date: /home/shubham/ros2_ws/install/my_robot_interfaces/include/my_robot_interfaces/my_robot_interfaces/msg/rosidl_generator_cpp__visibility_control.hpp
[1.593s] -- Up-to-date: /home/shubham/ros2_ws/install/my_robot_interfaces/include/my_robot_interfaces/my_robot_interfaces/msg/distance.hpp
[1.593s] -- Up-to-date: /home/shubham/ros2_ws/install/my_robot_interfaces/include/my_robot_interfaces/my_robot_interfaces/msg/detail
[1.593s] -- Up-to-date: /home/shubham/ros2_ws/install/my_robot_interfaces/include/my_robot_interfaces/my_robot_interfaces/msg/detail/distance__builder.hpp
[1.593s] -- Up-to-date: /home/shubham/ros2_ws/install/my_robot_interfaces/include/my_robot_interfaces/my_robot_interfaces/msg/detail/distance__struct.hpp
[1.594s] -- Up-to-date: /home/shubham/ros2_ws/install/my_robot_interfaces/include/my_robot_interfaces/my_robot_interfaces/msg/detail/distance__traits.hpp
[1.594s] -- Up-to-date: /home/shubham/ros2_ws/install/my_robot_interfaces/include/my_robot_interfaces/my_robot_interfaces/msg/detail/distance__type_support.hpp
[1.594s] -- Up-to-date: /home/shubham/ros2_ws/install/my_robot_interfaces/include/my_robot_interfaces/my_robot_interfaces
[1.594s] -- Up-to-date: /home/shubham/ros2_ws/install/my_robot_interfaces/include/my_robot_interfaces/my_robot_interfaces/srv
[1.594s] -- Up-to-date: /home/shubham/ros2_ws/install/my_robot_interfaces/include/my_robot_interfaces/my_robot_interfaces/srv/detail
[1.594s] -- Up-to-date: /home/shubham/ros2_ws/install/my_robot_interfaces/include/my_robot_interfaces/my_robot_interfaces/srv/detail/compute_speed__rosidl_typesupport_fastrtps_cpp.hpp
[1.594s] -- Up-to-date: /home/shubham/ros2_ws/install/my_robot_interfaces/include/my_robot_interfaces/my_robot_interfaces/srv/detail/dds_fastrtps
[1.594s] -- Up-to-date: /home/shubham/ros2_ws/install/my_robot_interfaces/include/my_robot_interfaces/my_robot_interfaces/msg
[1.595s] -- Up-to-date: /home/shubham/ros2_ws/install/my_robot_interfaces/include/my_robot_interfaces/my_robot_interfaces/msg/rosidl_typesupport_fastrtps_cpp__visibility_control.h
[1.595s] -- Up-to-date: /home/shubham/ros2_ws/install/my_robot_interfaces/include/my_robot_interfaces/my_robot_interfaces/msg/detail
[1.595s] -- Up-to-date: /home/shubham/ros2_ws/install/my_robot_interfaces/include/my_robot_interfaces/my_robot_interfaces/msg/detail/distance__rosidl_typesupport_fastrtps_cpp.hpp
[1.595s] -- Up-to-date: /home/shubham/ros2_ws/install/my_robot_interfaces/include/my_robot_interfaces/my_robot_interfaces/msg/detail/dds_fastrtps
[1.595s] -- Up-to-date: /home/shubham/ros2_ws/install/my_robot_interfaces/lib/libmy_robot_interfaces__rosidl_typesupport_fastrtps_cpp.so
[1.595s] -- Up-to-date: /home/shubham/ros2_ws/install/my_robot_interfaces/include/my_robot_interfaces/my_robot_interfaces
[1.595s] -- Up-to-date: /home/shubham/ros2_ws/install/my_robot_interfaces/include/my_robot_interfaces/my_robot_interfaces/srv
[1.596s] -- Up-to-date: /home/shubham/ros2_ws/install/my_robot_interfaces/include/my_robot_interfaces/my_robot_interfaces/srv/detail
[1.596s] -- Up-to-date: /home/shubham/ros2_ws/install/my_robot_interfaces/include/my_robot_interfaces/my_robot_interfaces/srv/detail/compute_speed__rosidl_typesupport_introspection_cpp.hpp
[1.596s] -- Up-to-date: /home/shubham/ros2_ws/install/my_robot_interfaces/include/my_robot_interfaces/my_robot_interfaces/srv/detail/compute_speed__type_support.cpp
[1.596s] -- Up-to-date: /home/shubham/ros2_ws/install/my_robot_interfaces/include/my_robot_interfaces/my_robot_interfaces/msg
[1.596s] -- Up-to-date: /home/shubham/ros2_ws/install/my_robot_interfaces/include/my_robot_interfaces/my_robot_interfaces/msg/detail
[1.596s] -- Up-to-date: /home/shubham/ros2_ws/install/my_robot_interfaces/include/my_robot_interfaces/my_robot_interfaces/msg/detail/distance__type_support.cpp
[1.597s] -- Up-to-date: /home/shubham/ros2_ws/install/my_robot_interfaces/include/my_robot_interfaces/my_robot_interfaces/msg/detail/distance__rosidl_typesupport_introspection_cpp.hpp
[1.597s] -- Up-to-date: /home/shubham/ros2_ws/install/my_robot_interfaces/lib/libmy_robot_interfaces__rosidl_typesupport_introspection_cpp.so
[1.597s] -- Up-to-date: /home/shubham/ros2_ws/install/my_robot_interfaces/lib/libmy_robot_interfaces__rosidl_typesupport_cpp.so
[1.597s] -- Up-to-date: /home/shubham/ros2_ws/install/my_robot_interfaces/share/my_robot_interfaces/environment/pythonpath.sh
[1.597s] -- Up-to-date: /home/shubham/ros2_ws/install/my_robot_interfaces/share/my_robot_interfaces/environment/pythonpath.dsv
[1.597s] -- Up-to-date: /home/shubham/ros2_ws/install/my_robot_interfaces/lib/python3.12/site-packages/my_robot_interfaces-0.0.0-py3.12.egg-info
[1.597s] -- Installing: /home/shubham/ros2_ws/install/my_robot_interfaces/lib/python3.12/site-packages/my_robot_interfaces-0.0.0-py3.12.egg-info/top_level.txt
[1.597s] -- Installing: /home/shubham/ros2_ws/install/my_robot_interfaces/lib/python3.12/site-packages/my_robot_interfaces-0.0.0-py3.12.egg-info/PKG-INFO
[1.597s] -- Installing: /home/shubham/ros2_ws/install/my_robot_interfaces/lib/python3.12/site-packages/my_robot_interfaces-0.0.0-py3.12.egg-info/SOURCES.txt
[1.598s] -- Installing: /home/shubham/ros2_ws/install/my_robot_interfaces/lib/python3.12/site-packages/my_robot_interfaces-0.0.0-py3.12.egg-info/dependency_links.txt
[1.598s] -- Up-to-date: /home/shubham/ros2_ws/install/my_robot_interfaces/lib/python3.12/site-packages/my_robot_interfaces
[1.598s] -- Up-to-date: /home/shubham/ros2_ws/install/my_robot_interfaces/lib/python3.12/site-packages/my_robot_interfaces/srv
[1.598s] -- Up-to-date: /home/shubham/ros2_ws/install/my_robot_interfaces/lib/python3.12/site-packages/my_robot_interfaces/srv/_compute_speed_s.c
[1.598s] -- Up-to-date: /home/shubham/ros2_ws/install/my_robot_interfaces/lib/python3.12/site-packages/my_robot_interfaces/srv/_compute_speed.py
[1.598s] -- Up-to-date: /home/shubham/ros2_ws/install/my_robot_interfaces/lib/python3.12/site-packages/my_robot_interfaces/srv/__init__.py
[1.599s] -- Up-to-date: /home/shubham/ros2_ws/install/my_robot_interfaces/lib/python3.12/site-packages/my_robot_interfaces/my_robot_interfaces_s__rosidl_typesupport_c.so
[1.599s] -- Up-to-date: /home/shubham/ros2_ws/install/my_robot_interfaces/lib/python3.12/site-packages/my_robot_interfaces/my_robot_interfaces_s__rosidl_typesupport_introspection_c.so
[1.599s] -- Up-to-date: /home/shubham/ros2_ws/install/my_robot_interfaces/lib/python3.12/site-packages/my_robot_interfaces/_my_robot_interfaces_s.ep.rosidl_typesupport_c.c
[1.599s] -- Up-to-date: /home/shubham/ros2_ws/install/my_robot_interfaces/lib/python3.12/site-packages/my_robot_interfaces/_my_robot_interfaces_s.ep.rosidl_typesupport_fastrtps_c.c
[1.599s] -- Up-to-date: /home/shubham/ros2_ws/install/my_robot_interfaces/lib/python3.12/site-packages/my_robot_interfaces/msg
[1.599s] -- Up-to-date: /home/shubham/ros2_ws/install/my_robot_interfaces/lib/python3.12/site-packages/my_robot_interfaces/msg/_distance.py
[1.599s] -- Up-to-date: /home/shubham/ros2_ws/install/my_robot_interfaces/lib/python3.12/site-packages/my_robot_interfaces/msg/__init__.py
[1.599s] -- Up-to-date: /home/shubham/ros2_ws/install/my_robot_interfaces/lib/python3.12/site-packages/my_robot_interfaces/msg/_distance_s.c
[1.600s] -- Up-to-date: /home/shubham/ros2_ws/install/my_robot_interfaces/lib/python3.12/site-packages/my_robot_interfaces/__init__.py
[1.600s] -- Up-to-date: /home/shubham/ros2_ws/install/my_robot_interfaces/lib/python3.12/site-packages/my_robot_interfaces/my_robot_interfaces_s__rosidl_typesupport_fastrtps_c.so
[1.600s] -- Up-to-date: /home/shubham/ros2_ws/install/my_robot_interfaces/lib/python3.12/site-packages/my_robot_interfaces/_my_robot_interfaces_s.ep.rosidl_typesupport_introspection_c.c
[1.672s] Listing '/home/shubham/ros2_ws/install/my_robot_interfaces/lib/python3.12/site-packages/my_robot_interfaces'...
[1.672s] Listing '/home/shubham/ros2_ws/install/my_robot_interfaces/lib/python3.12/site-packages/my_robot_interfaces/msg'...
[1.672s] Listing '/home/shubham/ros2_ws/install/my_robot_interfaces/lib/python3.12/site-packages/my_robot_interfaces/srv'...
[1.685s] -- Up-to-date: /home/shubham/ros2_ws/install/my_robot_interfaces/lib/python3.12/site-packages/my_robot_interfaces/my_robot_interfaces_s__rosidl_typesupport_fastrtps_c.so
[1.688s] -- Up-to-date: /home/shubham/ros2_ws/install/my_robot_interfaces/lib/python3.12/site-packages/my_robot_interfaces/my_robot_interfaces_s__rosidl_typesupport_introspection_c.so
[1.691s] -- Up-to-date: /home/shubham/ros2_ws/install/my_robot_interfaces/lib/python3.12/site-packages/my_robot_interfaces/my_robot_interfaces_s__rosidl_typesupport_c.so
[1.692s] -- Up-to-date: /home/shubham/ros2_ws/install/my_robot_interfaces/lib/libmy_robot_interfaces__rosidl_generator_py.so
[1.695s] -- Up-to-date: /home/shubham/ros2_ws/install/my_robot_interfaces/share/my_robot_interfaces/msg/Distance.idl
[1.695s] -- Up-to-date: /home/shubham/ros2_ws/install/my_robot_interfaces/share/my_robot_interfaces/srv/ComputeSpeed.idl
[1.695s] -- Up-to-date: /home/shubham/ros2_ws/install/my_robot_interfaces/share/my_robot_interfaces/msg/Distance.msg
[1.696s] -- Up-to-date: /home/shubham/ros2_ws/install/my_robot_interfaces/share/my_robot_interfaces/srv/ComputeSpeed.srv
[1.696s] -- Up-to-date: /home/shubham/ros2_ws/install/my_robot_interfaces/share/ament_index/resource_index/package_run_dependencies/my_robot_interfaces
[1.696s] -- Up-to-date: /home/shubham/ros2_ws/install/my_robot_interfaces/share/ament_index/resource_index/parent_prefix_path/my_robot_interfaces
[1.697s] -- Up-to-date: /home/shubham/ros2_ws/install/my_robot_interfaces/share/my_robot_interfaces/environment/ament_prefix_path.sh
[1.697s] -- Up-to-date: /home/shubham/ros2_ws/install/my_robot_interfaces/share/my_robot_interfaces/environment/ament_prefix_path.dsv
[1.697s] -- Up-to-date: /home/shubham/ros2_ws/install/my_robot_interfaces/share/my_robot_interfaces/environment/path.sh
[1.700s] -- Up-to-date: /home/shubham/ros2_ws/install/my_robot_interfaces/share/my_robot_interfaces/environment/path.dsv
[1.700s] -- Up-to-date: /home/shubham/ros2_ws/install/my_robot_interfaces/share/my_robot_interfaces/local_setup.bash
[1.700s] -- Up-to-date: /home/shubham/ros2_ws/install/my_robot_interfaces/share/my_robot_interfaces/local_setup.sh
[1.700s] -- Up-to-date: /home/shubham/ros2_ws/install/my_robot_interfaces/share/my_robot_interfaces/local_setup.zsh
[1.705s] -- Up-to-date: /home/shubham/ros2_ws/install/my_robot_interfaces/share/my_robot_interfaces/local_setup.dsv
[1.705s] -- Installing: /home/shubham/ros2_ws/install/my_robot_interfaces/share/my_robot_interfaces/package.dsv
[1.706s] -- Up-to-date: /home/shubham/ros2_ws/install/my_robot_interfaces/share/ament_index/resource_index/packages/my_robot_interfaces
[1.706s] -- Up-to-date: /home/shubham/ros2_ws/install/my_robot_interfaces/share/my_robot_interfaces/cmake/export_my_robot_interfaces__rosidl_generator_cExport.cmake
[1.706s] -- Up-to-date: /home/shubham/ros2_ws/install/my_robot_interfaces/share/my_robot_interfaces/cmake/export_my_robot_interfaces__rosidl_generator_cExport-noconfig.cmake
[1.706s] -- Up-to-date: /home/shubham/ros2_ws/install/my_robot_interfaces/share/my_robot_interfaces/cmake/export_my_robot_interfaces__rosidl_typesupport_fastrtps_cExport.cmake
[1.710s] -- Up-to-date: /home/shubham/ros2_ws/install/my_robot_interfaces/share/my_robot_interfaces/cmake/export_my_robot_interfaces__rosidl_typesupport_fastrtps_cExport-noconfig.cmake
[1.710s] -- Up-to-date: /home/shubham/ros2_ws/install/my_robot_interfaces/share/my_robot_interfaces/cmake/my_robot_interfaces__rosidl_typesupport_introspection_cExport.cmake
[1.710s] -- Up-to-date: /home/shubham/ros2_ws/install/my_robot_interfaces/share/my_robot_interfaces/cmake/my_robot_interfaces__rosidl_typesupport_introspection_cExport-noconfig.cmake
[1.710s] -- Up-to-date: /home/shubham/ros2_ws/install/my_robot_interfaces/share/my_robot_interfaces/cmake/my_robot_interfaces__rosidl_typesupport_cExport.cmake
[1.711s] -- Up-to-date: /home/shubham/ros2_ws/install/my_robot_interfaces/share/my_robot_interfaces/cmake/my_robot_interfaces__rosidl_typesupport_cExport-noconfig.cmake
[1.711s] -- Up-to-date: /home/shubham/ros2_ws/install/my_robot_interfaces/share/my_robot_interfaces/cmake/export_my_robot_interfaces__rosidl_generator_cppExport.cmake
[1.711s] -- Up-to-date: /home/shubham/ros2_ws/install/my_robot_interfaces/share/my_robot_interfaces/cmake/export_my_robot_interfaces__rosidl_typesupport_fastrtps_cppExport.cmake
[1.711s] -- Up-to-date: /home/shubham/ros2_ws/install/my_robot_interfaces/share/my_robot_interfaces/cmake/export_my_robot_interfaces__rosidl_typesupport_fastrtps_cppExport-noconfig.cmake
[1.713s] -- Up-to-date: /home/shubham/ros2_ws/install/my_robot_interfaces/share/my_robot_interfaces/cmake/my_robot_interfaces__rosidl_typesupport_introspection_cppExport.cmake
[1.714s] -- Up-to-date: /home/shubham/ros2_ws/install/my_robot_interfaces/share/my_robot_interfaces/cmake/my_robot_interfaces__rosidl_typesupport_introspection_cppExport-noconfig.cmake
[1.714s] -- Up-to-date: /home/shubham/ros2_ws/install/my_robot_interfaces/share/my_robot_interfaces/cmake/my_robot_interfaces__rosidl_typesupport_cppExport.cmake
[1.714s] -- Up-to-date: /home/shubham/ros2_ws/install/my_robot_interfaces/share/my_robot_interfaces/cmake/my_robot_interfaces__rosidl_typesupport_cppExport-noconfig.cmake
[1.714s] -- Up-to-date: /home/shubham/ros2_ws/install/my_robot_interfaces/share/my_robot_interfaces/cmake/export_my_robot_interfaces__rosidl_generator_pyExport.cmake
[1.714s] -- Up-to-date: /home/shubham/ros2_ws/install/my_robot_interfaces/share/my_robot_interfaces/cmake/export_my_robot_interfaces__rosidl_generator_pyExport-noconfig.cmake
[1.714s] -- Up-to-date: /home/shubham/ros2_ws/install/my_robot_interfaces/share/my_robot_interfaces/cmake/rosidl_cmake-extras.cmake
[1.716s] -- Up-to-date: /home/shubham/ros2_ws/install/my_robot_interfaces/share/my_robot_interfaces/cmake/ament_cmake_export_dependencies-extras.cmake
[1.716s] -- Up-to-date: /home/shubham/ros2_ws/install/my_robot_interfaces/share/my_robot_interfaces/cmake/ament_cmake_export_include_directories-extras.cmake
[1.716s] -- Up-to-date: /home/shubham/ros2_ws/install/my_robot_interfaces/share/my_robot_interfaces/cmake/ament_cmake_export_libraries-extras.cmake
[1.716s] -- Up-to-date: /home/shubham/ros2_ws/install/my_robot_interfaces/share/my_robot_interfaces/cmake/ament_cmake_export_targets-extras.cmake
[1.717s] -- Up-to-date: /home/shubham/ros2_ws/install/my_robot_interfaces/share/my_robot_interfaces/cmake/rosidl_cmake_export_typesupport_targets-extras.cmake
[1.717s] -- Up-to-date: /home/shubham/ros2_ws/install/my_robot_interfaces/share/my_robot_interfaces/cmake/rosidl_cmake_export_typesupport_libraries-extras.cmake
[1.717s] -- Up-to-date: /home/shubham/ros2_ws/install/my_robot_interfaces/share/my_robot_interfaces/cmake/my_robot_interfacesConfig.cmake
[1.717s] -- Up-to-date: /home/shubham/ros2_ws/install/my_robot_interfaces/share/my_robot_interfaces/cmake/my_robot_interfacesConfig-version.cmake
[1.717s] -- Up-to-date: /home/shubham/ros2_ws/install/my_robot_interfaces/share/my_robot_interfaces/package.xml
[1.725s] Invoked command in '/home/shubham/ros2_ws/build/my_robot_interfaces' returned '0': CMAKE_PREFIX_PATH=${CMAKE_PREFIX_PATH}:/home/shubham/ros2_ws/install/smart_robot:/home/shubham/ros2_ws/install/my_py_pkg:/opt/ros/jazzy DEBUGINFOD_URLS=https://debuginfod.ubuntu.com /usr/bin/cmake --install /home/shubham/ros2_ws/build/my_robot_interfaces
