running egg_info
creating ../../build/my_py_pkg/my_py_pkg.egg-info
writing ../../build/my_py_pkg/my_py_pkg.egg-info/PKG-INFO
writing dependency_links to ../../build/my_py_pkg/my_py_pkg.egg-info/dependency_links.txt
writing entry points to ../../build/my_py_pkg/my_py_pkg.egg-info/entry_points.txt
writing requirements to ../../build/my_py_pkg/my_py_pkg.egg-info/requires.txt
writing top-level names to ../../build/my_py_pkg/my_py_pkg.egg-info/top_level.txt
writing manifest file '../../build/my_py_pkg/my_py_pkg.egg-info/SOURCES.txt'
reading manifest file '../../build/my_py_pkg/my_py_pkg.egg-info/SOURCES.txt'
writing manifest file '../../build/my_py_pkg/my_py_pkg.egg-info/SOURCES.txt'
running build
running build_py
creating /home/shubham/ros2_ws/build/my_py_pkg/build
creating /home/shubham/ros2_ws/build/my_py_pkg/build/lib
creating /home/shubham/ros2_ws/build/my_py_pkg/build/lib/my_py_pkg
copying my_py_pkg/add_two_ints_server.py -> /home/shubham/ros2_ws/build/my_py_pkg/build/lib/my_py_pkg
copying my_py_pkg/param_node.py -> /home/shubham/ros2_ws/build/my_py_pkg/build/lib/my_py_pkg
copying my_py_pkg/my_first_node.py -> /home/shubham/ros2_ws/build/my_py_pkg/build/lib/my_py_pkg
copying my_py_pkg/__init__.py -> /home/shubham/ros2_ws/build/my_py_pkg/build/lib/my_py_pkg
copying my_py_pkg/subscriber_node.py -> /home/shubham/ros2_ws/build/my_py_pkg/build/lib/my_py_pkg
copying my_py_pkg/publisher_node.py -> /home/shubham/ros2_ws/build/my_py_pkg/build/lib/my_py_pkg
running install
running install_lib
creating /home/shubham/ros2_ws/install/my_py_pkg/lib/python3.12/site-packages/my_py_pkg
copying /home/shubham/ros2_ws/build/my_py_pkg/build/lib/my_py_pkg/add_two_ints_server.py -> /home/shubham/ros2_ws/install/my_py_pkg/lib/python3.12/site-packages/my_py_pkg
copying /home/shubham/ros2_ws/build/my_py_pkg/build/lib/my_py_pkg/param_node.py -> /home/shubham/ros2_ws/install/my_py_pkg/lib/python3.12/site-packages/my_py_pkg
copying /home/shubham/ros2_ws/build/my_py_pkg/build/lib/my_py_pkg/my_first_node.py -> /home/shubham/ros2_ws/install/my_py_pkg/lib/python3.12/site-packages/my_py_pkg
copying /home/shubham/ros2_ws/build/my_py_pkg/build/lib/my_py_pkg/__init__.py -> /home/shubham/ros2_ws/install/my_py_pkg/lib/python3.12/site-packages/my_py_pkg
copying /home/shubham/ros2_ws/build/my_py_pkg/build/lib/my_py_pkg/subscriber_node.py -> /home/shubham/ros2_ws/install/my_py_pkg/lib/python3.12/site-packages/my_py_pkg
copying /home/shubham/ros2_ws/build/my_py_pkg/build/lib/my_py_pkg/publisher_node.py -> /home/shubham/ros2_ws/install/my_py_pkg/lib/python3.12/site-packages/my_py_pkg
byte-compiling /home/shubham/ros2_ws/install/my_py_pkg/lib/python3.12/site-packages/my_py_pkg/add_two_ints_server.py to add_two_ints_server.cpython-312.pyc
byte-compiling /home/shubham/ros2_ws/install/my_py_pkg/lib/python3.12/site-packages/my_py_pkg/param_node.py to param_node.cpython-312.pyc
byte-compiling /home/shubham/ros2_ws/install/my_py_pkg/lib/python3.12/site-packages/my_py_pkg/my_first_node.py to my_first_node.cpython-312.pyc
byte-compiling /home/shubham/ros2_ws/install/my_py_pkg/lib/python3.12/site-packages/my_py_pkg/__init__.py to __init__.cpython-312.pyc
byte-compiling /home/shubham/ros2_ws/install/my_py_pkg/lib/python3.12/site-packages/my_py_pkg/subscriber_node.py to subscriber_node.cpython-312.pyc
byte-compiling /home/shubham/ros2_ws/install/my_py_pkg/lib/python3.12/site-packages/my_py_pkg/publisher_node.py to publisher_node.cpython-312.pyc
running install_data
creating /home/shubham/ros2_ws/install/my_py_pkg/share/ament_index
creating /home/shubham/ros2_ws/install/my_py_pkg/share/ament_index/resource_index
creating /home/shubham/ros2_ws/install/my_py_pkg/share/ament_index/resource_index/packages
copying resource/my_py_pkg -> /home/shubham/ros2_ws/install/my_py_pkg/share/ament_index/resource_index/packages
copying package.xml -> /home/shubham/ros2_ws/install/my_py_pkg/share/my_py_pkg
running install_egg_info
Copying ../../build/my_py_pkg/my_py_pkg.egg-info to /home/shubham/ros2_ws/install/my_py_pkg/lib/python3.12/site-packages/my_py_pkg-0.0.0-py3.12.egg-info
running install_scripts
Installing add_two_ints_server script to /home/shubham/ros2_ws/install/my_py_pkg/lib/my_py_pkg
Installing my_first_node script to /home/shubham/ros2_ws/install/my_py_pkg/lib/my_py_pkg
Installing publisher_node script to /home/shubham/ros2_ws/install/my_py_pkg/lib/my_py_pkg
Installing subscriber_node script to /home/shubham/ros2_ws/install/my_py_pkg/lib/my_py_pkg
writing list of installed files to '/home/shubham/ros2_ws/build/my_py_pkg/install.log'
