[1.343s] Invoking command in '/home/shubham/ros2_ws/src/my_py_pkg': DEBUGINFOD_URLS=https://debuginfod.ubuntu.com PYTHONPATH=/home/shubham/ros2_ws/build/my_py_pkg/prefix_override:/usr/lib/python3/dist-packages/colcon_core/task/python/colcon_distutils_commands:/home/shubham/ros2_ws/install/my_py_pkg/lib/python3.12/site-packages:${PYTHONPATH} /usr/bin/python3 -W ignore:setup.py install is deprecated -W ignore:easy_install command is deprecated setup.py egg_info --egg-base ../../build/my_py_pkg build --build-base /home/shubham/ros2_ws/build/my_py_pkg/build install --record /home/shubham/ros2_ws/build/my_py_pkg/install.log --single-version-externally-managed install_data
[1.696s] running egg_info
[1.696s] creating ../../build/my_py_pkg/my_py_pkg.egg-info
[1.722s] writing ../../build/my_py_pkg/my_py_pkg.egg-info/PKG-INFO
[1.722s] writing dependency_links to ../../build/my_py_pkg/my_py_pkg.egg-info/dependency_links.txt
[1.723s] writing entry points to ../../build/my_py_pkg/my_py_pkg.egg-info/entry_points.txt
[1.723s] writing requirements to ../../build/my_py_pkg/my_py_pkg.egg-info/requires.txt
[1.723s] writing top-level names to ../../build/my_py_pkg/my_py_pkg.egg-info/top_level.txt
[1.723s] writing manifest file '../../build/my_py_pkg/my_py_pkg.egg-info/SOURCES.txt'
[1.777s] reading manifest file '../../build/my_py_pkg/my_py_pkg.egg-info/SOURCES.txt'
[1.778s] writing manifest file '../../build/my_py_pkg/my_py_pkg.egg-info/SOURCES.txt'
[1.778s] running build
[1.778s] running build_py
[1.778s] creating /home/shubham/ros2_ws/build/my_py_pkg/build
[1.779s] creating /home/shubham/ros2_ws/build/my_py_pkg/build/lib
[1.779s] creating /home/shubham/ros2_ws/build/my_py_pkg/build/lib/my_py_pkg
[1.779s] copying my_py_pkg/add_two_ints_server.py -> /home/shubham/ros2_ws/build/my_py_pkg/build/lib/my_py_pkg
[1.779s] copying my_py_pkg/param_node.py -> /home/shubham/ros2_ws/build/my_py_pkg/build/lib/my_py_pkg
[1.779s] copying my_py_pkg/my_first_node.py -> /home/shubham/ros2_ws/build/my_py_pkg/build/lib/my_py_pkg
[1.780s] copying my_py_pkg/__init__.py -> /home/shubham/ros2_ws/build/my_py_pkg/build/lib/my_py_pkg
[1.780s] copying my_py_pkg/subscriber_node.py -> /home/shubham/ros2_ws/build/my_py_pkg/build/lib/my_py_pkg
[1.780s] copying my_py_pkg/publisher_node.py -> /home/shubham/ros2_ws/build/my_py_pkg/build/lib/my_py_pkg
[1.780s] running install
[1.788s] running install_lib
[1.815s] creating /home/shubham/ros2_ws/install/my_py_pkg/lib/python3.12/site-packages/my_py_pkg
[1.816s] copying /home/shubham/ros2_ws/build/my_py_pkg/build/lib/my_py_pkg/add_two_ints_server.py -> /home/shubham/ros2_ws/install/my_py_pkg/lib/python3.12/site-packages/my_py_pkg
[1.816s] copying /home/shubham/ros2_ws/build/my_py_pkg/build/lib/my_py_pkg/param_node.py -> /home/shubham/ros2_ws/install/my_py_pkg/lib/python3.12/site-packages/my_py_pkg
[1.816s] copying /home/shubham/ros2_ws/build/my_py_pkg/build/lib/my_py_pkg/my_first_node.py -> /home/shubham/ros2_ws/install/my_py_pkg/lib/python3.12/site-packages/my_py_pkg
[1.816s] copying /home/shubham/ros2_ws/build/my_py_pkg/build/lib/my_py_pkg/__init__.py -> /home/shubham/ros2_ws/install/my_py_pkg/lib/python3.12/site-packages/my_py_pkg
[1.816s] copying /home/shubham/ros2_ws/build/my_py_pkg/build/lib/my_py_pkg/subscriber_node.py -> /home/shubham/ros2_ws/install/my_py_pkg/lib/python3.12/site-packages/my_py_pkg
[1.817s] copying /home/shubham/ros2_ws/build/my_py_pkg/build/lib/my_py_pkg/publisher_node.py -> /home/shubham/ros2_ws/install/my_py_pkg/lib/python3.12/site-packages/my_py_pkg
[1.817s] byte-compiling /home/shubham/ros2_ws/install/my_py_pkg/lib/python3.12/site-packages/my_py_pkg/add_two_ints_server.py to add_two_ints_server.cpython-312.pyc
[1.818s] byte-compiling /home/shubham/ros2_ws/install/my_py_pkg/lib/python3.12/site-packages/my_py_pkg/param_node.py to param_node.cpython-312.pyc
[1.818s] byte-compiling /home/shubham/ros2_ws/install/my_py_pkg/lib/python3.12/site-packages/my_py_pkg/my_first_node.py to my_first_node.cpython-312.pyc
[1.819s] byte-compiling /home/shubham/ros2_ws/install/my_py_pkg/lib/python3.12/site-packages/my_py_pkg/__init__.py to __init__.cpython-312.pyc
[1.819s] byte-compiling /home/shubham/ros2_ws/install/my_py_pkg/lib/python3.12/site-packages/my_py_pkg/subscriber_node.py to subscriber_node.cpython-312.pyc
[1.820s] byte-compiling /home/shubham/ros2_ws/install/my_py_pkg/lib/python3.12/site-packages/my_py_pkg/publisher_node.py to publisher_node.cpython-312.pyc
[1.820s] running install_data
[1.821s] creating /home/shubham/ros2_ws/install/my_py_pkg/share/ament_index
[1.821s] creating /home/shubham/ros2_ws/install/my_py_pkg/share/ament_index/resource_index
[1.821s] creating /home/shubham/ros2_ws/install/my_py_pkg/share/ament_index/resource_index/packages
[1.821s] copying resource/my_py_pkg -> /home/shubham/ros2_ws/install/my_py_pkg/share/ament_index/resource_index/packages
[1.821s] copying package.xml -> /home/shubham/ros2_ws/install/my_py_pkg/share/my_py_pkg
[1.822s] running install_egg_info
[1.848s] Copying ../../build/my_py_pkg/my_py_pkg.egg-info to /home/shubham/ros2_ws/install/my_py_pkg/lib/python3.12/site-packages/my_py_pkg-0.0.0-py3.12.egg-info
[1.849s] running install_scripts
[2.025s] Installing add_two_ints_server script to /home/shubham/ros2_ws/install/my_py_pkg/lib/my_py_pkg
[2.025s] Installing my_first_node script to /home/shubham/ros2_ws/install/my_py_pkg/lib/my_py_pkg
[2.025s] Installing publisher_node script to /home/shubham/ros2_ws/install/my_py_pkg/lib/my_py_pkg
[2.025s] Installing subscriber_node script to /home/shubham/ros2_ws/install/my_py_pkg/lib/my_py_pkg
[2.026s] writing list of installed files to '/home/shubham/ros2_ws/build/my_py_pkg/install.log'
[2.061s] Invoked command in '/home/shubham/ros2_ws/src/my_py_pkg' returned '0': DEBUGINFOD_URLS=https://debuginfod.ubuntu.com PYTHONPATH=/home/shubham/ros2_ws/build/my_py_pkg/prefix_override:/usr/lib/python3/dist-packages/colcon_core/task/python/colcon_distutils_commands:/home/shubham/ros2_ws/install/my_py_pkg/lib/python3.12/site-packages:${PYTHONPATH} /usr/bin/python3 -W ignore:setup.py install is deprecated -W ignore:easy_install command is deprecated setup.py egg_info --egg-base ../../build/my_py_pkg build --build-base /home/shubham/ros2_ws/build/my_py_pkg/build install --record /home/shubham/ros2_ws/build/my_py_pkg/install.log --single-version-externally-managed install_data
